server: nid005009 x1100c0s4b1n0
client: nid005010 x1100c0s5b0n0
2025-03-14T15:25:00	Connecting to host nid005009, port 5201
2025-03-14T15:25:00	[  5] local 172.28.11.56 port 58552 connected to 172.28.11.52 port 5201
2025-03-14T15:25:01	[ ID] Interval           Transfer     Bitrate         Retr  Cwnd
2025-03-14T15:25:01	[  5]   0.00-1.00   sec   634 MBytes  5.32 Gbits/sec  1396    228 KBytes       
2025-03-14T15:25:02	[  5]   1.00-2.00   sec  1.21 GBytes  10.4 Gbits/sec  2651    254 KBytes       
2025-03-14T15:25:03	[  5]   2.00-3.00   sec   409 MBytes  3.43 Gbits/sec  967    298 KBytes       
2025-03-14T15:25:04	[  5]   3.00-4.00   sec   542 MBytes  4.55 Gbits/sec  1223    158 KBytes       
2025-03-14T15:25:05	[  5]   4.00-5.00   sec   501 MBytes  4.20 Gbits/sec  1162    175 KBytes       
2025-03-14T15:25:05	- - - - - - - - - - - - - - - - - - - - - - - - -
2025-03-14T15:25:05	[ ID] Interval           Transfer     Bitrate         Retr
2025-03-14T15:25:05	[  5]   0.00-5.00   sec  3.25 GBytes  5.58 Gbits/sec  7399            sender
2025-03-14T15:25:05	[  5]   0.00-5.00   sec  3.25 GBytes  5.58 Gbits/sec                  receiver
2025-03-14T15:25:05	
2025-03-14T15:25:05	iperf Done.
2025-03-14T15:25:07	Connecting to host nid005009, port 5201
2025-03-14T15:25:07	[  5] local 172.28.11.56 port 42498 connected to 172.28.11.52 port 5201
2025-03-14T15:25:08	[ ID] Interval           Transfer     Bitrate         Retr  Cwnd
2025-03-14T15:25:08	[  5]   0.00-1.00   sec   321 MBytes  2.69 Gbits/sec  785    254 KBytes       
2025-03-14T15:25:09	[  5]   1.00-2.00   sec   250 MBytes  2.10 Gbits/sec  683    184 KBytes       
2025-03-14T15:25:10	[  5]   2.00-3.00   sec   151 MBytes  1.27 Gbits/sec  380    158 KBytes       
2025-03-14T15:25:11	[  5]   3.00-4.00   sec   304 MBytes  2.55 Gbits/sec  871    228 KBytes       
2025-03-14T15:25:12	[  5]   4.00-5.00   sec  74.0 MBytes   621 Mbits/sec  184    298 KBytes       
2025-03-14T15:25:12	- - - - - - - - - - - - - - - - - - - - - - - - -
2025-03-14T15:25:12	[ ID] Interval           Transfer     Bitrate         Retr
2025-03-14T15:25:12	[  5]   0.00-5.00   sec  1.07 GBytes  1.85 Gbits/sec  2903            sender
2025-03-14T15:25:12	[  5]   0.00-5.00   sec  1.07 GBytes  1.84 Gbits/sec                  receiver
2025-03-14T15:25:12	
2025-03-14T15:25:12	iperf Done.
2025-03-14T15:25:13	Connecting to host nid005009, port 5201
2025-03-14T15:25:13	[  5] local 172.28.11.56 port 42516 connected to 172.28.11.52 port 5201
2025-03-14T15:25:14	[ ID] Interval           Transfer     Bitrate         Retr  Cwnd
2025-03-14T15:25:14	[  5]   0.00-1.00   sec   425 MBytes  3.56 Gbits/sec  932    262 KBytes       
2025-03-14T15:25:15	[  5]   1.00-2.00   sec   413 MBytes  3.47 Gbits/sec  879    175 KBytes       
2025-03-14T15:25:16	[  5]   2.00-3.00   sec   858 MBytes  7.19 Gbits/sec  1932    149 KBytes       
2025-03-14T15:25:17	[  5]   3.00-4.00   sec   569 MBytes  4.77 Gbits/sec  1127    420 KBytes       
2025-03-14T15:25:18	[  5]   4.00-5.00   sec   372 MBytes  3.12 Gbits/sec  846    271 KBytes       
2025-03-14T15:25:18	- - - - - - - - - - - - - - - - - - - - - - - - -
2025-03-14T15:25:18	[ ID] Interval           Transfer     Bitrate         Retr
2025-03-14T15:25:18	[  5]   0.00-5.00   sec  2.57 GBytes  4.42 Gbits/sec  5716            sender
2025-03-14T15:25:18	[  5]   0.00-5.00   sec  2.57 GBytes  4.42 Gbits/sec                  receiver
2025-03-14T15:25:18	
2025-03-14T15:25:18	iperf Done.
2025-03-14T15:25:19	Connecting to host nid005009, port 5201
2025-03-14T15:25:19	[  5] local 172.28.11.56 port 40300 connected to 172.28.11.52 port 5201
2025-03-14T15:25:20	[ ID] Interval           Transfer     Bitrate         Retr  Cwnd
2025-03-14T15:25:20	[  5]   0.00-1.00   sec  3.81 GBytes  32.7 Gbits/sec   98    464 KBytes       
2025-03-14T15:25:21	[  5]   1.00-2.00   sec  3.81 GBytes  32.7 Gbits/sec   45    411 KBytes       
2025-03-14T15:25:22	[  5]   2.00-3.00   sec  3.81 GBytes  32.8 Gbits/sec   43    446 KBytes       
2025-03-14T15:25:23	[  5]   3.00-4.00   sec  3.81 GBytes  32.7 Gbits/sec   48    674 KBytes       
2025-03-14T15:25:24	[  5]   4.00-5.00   sec  3.81 GBytes  32.7 Gbits/sec   43    402 KBytes       
2025-03-14T15:25:24	- - - - - - - - - - - - - - - - - - - - - - - - -
2025-03-14T15:25:24	[ ID] Interval           Transfer     Bitrate         Retr
2025-03-14T15:25:24	[  5]   0.00-5.00   sec  19.1 GBytes  32.7 Gbits/sec  277            sender
2025-03-14T15:25:24	[  5]   0.00-5.00   sec  19.1 GBytes  32.7 Gbits/sec                  receiver
2025-03-14T15:25:24	
2025-03-14T15:25:24	iperf Done.
2025-03-14T15:25:26	Connecting to host nid005009, port 5201
2025-03-14T15:25:26	[  5] local 172.28.11.56 port 33180 connected to 172.28.11.52 port 5201
2025-03-14T15:25:27	[ ID] Interval           Transfer     Bitrate         Retr  Cwnd
2025-03-14T15:25:27	[  5]   0.00-1.00   sec  3.09 GBytes  26.5 Gbits/sec   57    402 KBytes       
2025-03-14T15:25:28	[  5]   1.00-2.00   sec  3.07 GBytes  26.4 Gbits/sec   42    612 KBytes       
2025-03-14T15:25:29	[  5]   2.00-3.00   sec  3.08 GBytes  26.5 Gbits/sec    0    612 KBytes       
2025-03-14T15:25:30	[  5]   3.00-4.00   sec  3.07 GBytes  26.4 Gbits/sec    0    612 KBytes       
2025-03-14T15:25:31	[  5]   4.00-5.00   sec  3.07 GBytes  26.4 Gbits/sec    0    612 KBytes       
2025-03-14T15:25:31	- - - - - - - - - - - - - - - - - - - - - - - - -
2025-03-14T15:25:31	[ ID] Interval           Transfer     Bitrate         Retr
2025-03-14T15:25:31	[  5]   0.00-5.00   sec  15.4 GBytes  26.4 Gbits/sec   99            sender
2025-03-14T15:25:31	[  5]   0.00-5.00   sec  15.4 GBytes  26.4 Gbits/sec                  receiver
2025-03-14T15:25:31	
2025-03-14T15:25:31	iperf Done.
2025-03-14T15:25:32	Connecting to host nid005009, port 5201
2025-03-14T15:25:32	[  5] local 172.28.11.56 port 33200 connected to 172.28.11.52 port 5201
2025-03-14T15:25:33	[ ID] Interval           Transfer     Bitrate         Retr  Cwnd
2025-03-14T15:25:33	[  5]   0.00-1.00   sec   763 MBytes  6.39 Gbits/sec  1697    245 KBytes       
2025-03-14T15:25:34	[  5]   1.00-2.00   sec   983 MBytes  8.24 Gbits/sec  2185    184 KBytes       
2025-03-14T15:25:35	[  5]   2.00-3.00   sec   570 MBytes  4.78 Gbits/sec  1176    376 KBytes       
2025-03-14T15:25:36	[  5]   3.00-4.00   sec   500 MBytes  4.19 Gbits/sec  1001    254 KBytes       
2025-03-14T15:25:37	[  5]   4.00-5.00   sec   727 MBytes  6.10 Gbits/sec  1544    236 KBytes       
2025-03-14T15:25:37	- - - - - - - - - - - - - - - - - - - - - - - - -
2025-03-14T15:25:37	[ ID] Interval           Transfer     Bitrate         Retr
2025-03-14T15:25:37	[  5]   0.00-5.00   sec  3.46 GBytes  5.94 Gbits/sec  7603            sender
2025-03-14T15:25:37	[  5]   0.00-5.00   sec  3.46 GBytes  5.94 Gbits/sec                  receiver
2025-03-14T15:25:37	
2025-03-14T15:25:37	iperf Done.
2025-03-14T15:25:38	Connecting to host nid005009, port 5201
2025-03-14T15:25:38	[  5] local 172.28.11.56 port 58900 connected to 172.28.11.52 port 5201
2025-03-14T15:25:39	[ ID] Interval           Transfer     Bitrate         Retr  Cwnd
2025-03-14T15:25:39	[  5]   0.00-1.00   sec   323 MBytes  2.70 Gbits/sec  890    184 KBytes       
2025-03-14T15:25:40	[  5]   1.00-2.00   sec   108 MBytes   907 Mbits/sec  344    140 KBytes       
2025-03-14T15:25:41	[  5]   2.00-3.00   sec  87.6 MBytes   735 Mbits/sec  361    210 KBytes       
2025-03-14T15:25:42	[  5]   3.00-4.00   sec   110 MBytes   926 Mbits/sec  325    184 KBytes       
2025-03-14T15:25:43	[  5]   4.00-5.00   sec  85.4 MBytes   716 Mbits/sec  290    228 KBytes       
2025-03-14T15:25:43	- - - - - - - - - - - - - - - - - - - - - - - - -
2025-03-14T15:25:43	[ ID] Interval           Transfer     Bitrate         Retr
2025-03-14T15:25:43	[  5]   0.00-5.00   sec   714 MBytes  1.20 Gbits/sec  2210            sender
2025-03-14T15:25:43	[  5]   0.00-5.00   sec   712 MBytes  1.19 Gbits/sec                  receiver
2025-03-14T15:25:43	
2025-03-14T15:25:43	iperf Done.
2025-03-14T15:25:45	Connecting to host nid005009, port 5201
2025-03-14T15:25:45	[  5] local 172.28.11.56 port 35830 connected to 172.28.11.52 port 5201
2025-03-14T15:25:46	[ ID] Interval           Transfer     Bitrate         Retr  Cwnd
2025-03-14T15:25:46	[  5]   0.00-1.00   sec   197 MBytes  1.65 Gbits/sec  560    210 KBytes       
2025-03-14T15:25:47	[  5]   1.00-2.00   sec  73.9 MBytes   620 Mbits/sec  180    254 KBytes       
2025-03-14T15:25:48	[  5]   2.00-3.00   sec   157 MBytes  1.32 Gbits/sec  469    332 KBytes       
2025-03-14T15:25:49	[  5]   3.00-4.00   sec   121 MBytes  1.02 Gbits/sec  371    201 KBytes       
2025-03-14T15:25:50	[  5]   4.00-5.00   sec  76.4 MBytes   641 Mbits/sec  236    219 KBytes       
2025-03-14T15:25:50	- - - - - - - - - - - - - - - - - - - - - - - - -
2025-03-14T15:25:50	[ ID] Interval           Transfer     Bitrate         Retr
2025-03-14T15:25:50	[  5]   0.00-5.00   sec   626 MBytes  1.05 Gbits/sec  1816            sender
2025-03-14T15:25:50	[  5]   0.00-5.00   sec   624 MBytes  1.05 Gbits/sec                  receiver
2025-03-14T15:25:50	
2025-03-14T15:25:50	iperf Done.
2025-03-14T15:25:51	Connecting to host nid005009, port 5201
2025-03-14T15:25:51	[  5] local 172.28.11.56 port 35850 connected to 172.28.11.52 port 5201
2025-03-14T15:25:52	[ ID] Interval           Transfer     Bitrate         Retr  Cwnd
2025-03-14T15:25:52	[  5]   0.00-1.00   sec   618 MBytes  5.18 Gbits/sec  1385    245 KBytes       
2025-03-14T15:25:53	[  5]   1.00-2.00   sec   474 MBytes  3.98 Gbits/sec  1151    262 KBytes       
2025-03-14T15:25:54	[  5]   2.00-3.00   sec   215 MBytes  1.81 Gbits/sec  449    254 KBytes       
2025-03-14T15:25:55	[  5]   3.00-4.00   sec   864 MBytes  7.25 Gbits/sec  1930    271 KBytes       
2025-03-14T15:25:56	[  5]   4.00-5.00   sec   442 MBytes  3.71 Gbits/sec  1041    228 KBytes       
2025-03-14T15:25:56	- - - - - - - - - - - - - - - - - - - - - - - - -
2025-03-14T15:25:56	[ ID] Interval           Transfer     Bitrate         Retr
2025-03-14T15:25:56	[  5]   0.00-5.00   sec  2.55 GBytes  4.38 Gbits/sec  5956            sender
2025-03-14T15:25:56	[  5]   0.00-5.00   sec  2.55 GBytes  4.38 Gbits/sec                  receiver
2025-03-14T15:25:56	
2025-03-14T15:25:56	iperf Done.
2025-03-14T15:25:57	Connecting to host nid005009, port 5201
2025-03-14T15:25:57	[  5] local 172.28.11.56 port 50042 connected to 172.28.11.52 port 5201
2025-03-14T15:25:58	[ ID] Interval           Transfer     Bitrate         Retr  Cwnd
2025-03-14T15:25:58	[  5]   0.00-1.00   sec   401 MBytes  3.36 Gbits/sec  918    192 KBytes       
2025-03-14T15:25:59	[  5]   1.00-2.00   sec   550 MBytes  4.62 Gbits/sec  1286    201 KBytes       
2025-03-14T15:26:00	[  5]   2.00-3.00   sec   277 MBytes  2.32 Gbits/sec  648    245 KBytes       
2025-03-14T15:26:01	[  5]   3.00-4.00   sec   415 MBytes  3.48 Gbits/sec  971    228 KBytes       
2025-03-14T15:26:02	[  5]   4.00-5.00   sec   412 MBytes  3.46 Gbits/sec  1083    394 KBytes       
2025-03-14T15:26:02	- - - - - - - - - - - - - - - - - - - - - - - - -
2025-03-14T15:26:02	[ ID] Interval           Transfer     Bitrate         Retr
2025-03-14T15:26:02	[  5]   0.00-5.00   sec  2.01 GBytes  3.45 Gbits/sec  4906            sender
2025-03-14T15:26:02	[  5]   0.00-5.00   sec  2.00 GBytes  3.44 Gbits/sec                  receiver
2025-03-14T15:26:02	
2025-03-14T15:26:02	iperf Done.
2025-03-14T15:26:03	Connecting to host nid005009, port 5201
2025-03-14T15:26:03	[  5] local 172.28.11.56 port 50064 connected to 172.28.11.52 port 5201
2025-03-14T15:26:04	[ ID] Interval           Transfer     Bitrate         Retr  Cwnd
2025-03-14T15:26:04	[  5]   0.00-1.00   sec   945 MBytes  7.92 Gbits/sec  2009    262 KBytes       
2025-03-14T15:26:05	[  5]   1.00-2.00   sec   197 MBytes  1.65 Gbits/sec  520    228 KBytes       
2025-03-14T15:26:06	[  5]   2.00-3.00   sec   203 MBytes  1.70 Gbits/sec  443    201 KBytes       
2025-03-14T15:26:07	[  5]   3.00-4.00   sec   434 MBytes  3.64 Gbits/sec  976    122 KBytes       
2025-03-14T15:26:08	[  5]   4.00-5.00   sec   558 MBytes  4.68 Gbits/sec  1138    201 KBytes       
2025-03-14T15:26:08	- - - - - - - - - - - - - - - - - - - - - - - - -
2025-03-14T15:26:08	[ ID] Interval           Transfer     Bitrate         Retr
2025-03-14T15:26:08	[  5]   0.00-5.00   sec  2.28 GBytes  3.92 Gbits/sec  5086            sender
2025-03-14T15:26:08	[  5]   0.00-5.00   sec  2.28 GBytes  3.92 Gbits/sec                  receiver
2025-03-14T15:26:08	
2025-03-14T15:26:08	iperf Done.
2025-03-14T15:26:10	Connecting to host nid005009, port 5201
2025-03-14T15:26:10	[  5] local 172.28.11.56 port 42830 connected to 172.28.11.52 port 5201
2025-03-14T15:26:11	[ ID] Interval           Transfer     Bitrate         Retr  Cwnd
2025-03-14T15:26:11	[  5]   0.00-1.00   sec   177 MBytes  1.48 Gbits/sec  559    201 KBytes       
2025-03-14T15:26:12	[  5]   1.00-2.00   sec   118 MBytes   986 Mbits/sec  237    201 KBytes       
2025-03-14T15:26:13	[  5]   2.00-3.00   sec  83.8 MBytes   703 Mbits/sec  224    201 KBytes       
2025-03-14T15:26:14	[  5]   3.00-4.00   sec  25.9 MBytes   217 Mbits/sec  122    201 KBytes       
2025-03-14T15:26:15	[  5]   4.00-5.00   sec   129 MBytes  1.08 Gbits/sec  432    219 KBytes       
2025-03-14T15:26:15	- - - - - - - - - - - - - - - - - - - - - - - - -
2025-03-14T15:26:15	[ ID] Interval           Transfer     Bitrate         Retr
2025-03-14T15:26:15	[  5]   0.00-5.00   sec   532 MBytes   893 Mbits/sec  1574            sender
2025-03-14T15:26:15	[  5]   0.00-5.00   sec   530 MBytes   890 Mbits/sec                  receiver
2025-03-14T15:26:15	
2025-03-14T15:26:15	iperf Done.
2025-03-14T15:26:16	Connecting to host nid005009, port 5201
2025-03-14T15:26:16	[  5] local 172.28.11.56 port 50744 connected to 172.28.11.52 port 5201
2025-03-14T15:26:17	[ ID] Interval           Transfer     Bitrate         Retr  Cwnd
2025-03-14T15:26:17	[  5]   0.00-1.00   sec   858 MBytes  7.19 Gbits/sec  2124    245 KBytes       
2025-03-14T15:26:18	[  5]   1.00-2.00   sec   249 MBytes  2.09 Gbits/sec  642    280 KBytes       
2025-03-14T15:26:19	[  5]   2.00-3.00   sec   455 MBytes  3.81 Gbits/sec  1224    280 KBytes       
2025-03-14T15:26:20	[  5]   3.00-4.00   sec   826 MBytes  6.93 Gbits/sec  2046    262 KBytes       
2025-03-14T15:26:21	[  5]   4.00-5.00   sec   598 MBytes  5.01 Gbits/sec  1422    262 KBytes       
2025-03-14T15:26:21	- - - - - - - - - - - - - - - - - - - - - - - - -
2025-03-14T15:26:21	[ ID] Interval           Transfer     Bitrate         Retr
2025-03-14T15:26:21	[  5]   0.00-5.00   sec  2.92 GBytes  5.01 Gbits/sec  7458            sender
2025-03-14T15:26:21	[  5]   0.00-5.00   sec  2.91 GBytes  5.00 Gbits/sec                  receiver
2025-03-14T15:26:21	
2025-03-14T15:26:21	iperf Done.
2025-03-14T15:26:22	Connecting to host nid005009, port 5201
2025-03-14T15:26:22	[  5] local 172.28.11.56 port 50756 connected to 172.28.11.52 port 5201
2025-03-14T15:26:23	[ ID] Interval           Transfer     Bitrate         Retr  Cwnd
2025-03-14T15:26:23	[  5]   0.00-1.00   sec   656 MBytes  5.49 Gbits/sec  1240    210 KBytes       
2025-03-14T15:26:24	[  5]   1.00-2.00   sec   308 MBytes  2.58 Gbits/sec  687    122 KBytes       
2025-03-14T15:26:25	[  5]   2.00-3.00   sec   264 MBytes  2.21 Gbits/sec  531    262 KBytes       
2025-03-14T15:26:26	[  5]   3.00-4.00   sec   172 MBytes  1.44 Gbits/sec  462    184 KBytes       
2025-03-14T15:26:27	[  5]   4.00-5.00   sec   190 MBytes  1.60 Gbits/sec  475    280 KBytes       
2025-03-14T15:26:27	- - - - - - - - - - - - - - - - - - - - - - - - -
2025-03-14T15:26:27	[ ID] Interval           Transfer     Bitrate         Retr
2025-03-14T15:26:27	[  5]   0.00-5.00   sec  1.55 GBytes  2.67 Gbits/sec  3395            sender
2025-03-14T15:26:27	[  5]   0.00-5.00   sec  1.55 GBytes  2.66 Gbits/sec                  receiver
2025-03-14T15:26:27	
2025-03-14T15:26:27	iperf Done.
2025-03-14T15:26:28	Connecting to host nid005009, port 5201
2025-03-14T15:26:28	[  5] local 172.28.11.56 port 56554 connected to 172.28.11.52 port 5201
2025-03-14T15:26:29	[ ID] Interval           Transfer     Bitrate         Retr  Cwnd
2025-03-14T15:26:29	[  5]   0.00-1.00   sec   207 MBytes  1.74 Gbits/sec  565    210 KBytes       
2025-03-14T15:26:30	[  5]   1.00-2.00   sec  42.4 MBytes   355 Mbits/sec  142    306 KBytes       
2025-03-14T15:26:31	[  5]   2.00-3.00   sec  51.2 MBytes   430 Mbits/sec  197    201 KBytes       
2025-03-14T15:26:32	[  5]   3.00-4.00   sec   224 MBytes  1.87 Gbits/sec  651    210 KBytes       
2025-03-14T15:26:33	[  5]   4.00-5.00   sec   165 MBytes  1.38 Gbits/sec  475    219 KBytes       
2025-03-14T15:26:33	- - - - - - - - - - - - - - - - - - - - - - - - -
2025-03-14T15:26:33	[ ID] Interval           Transfer     Bitrate         Retr
2025-03-14T15:26:33	[  5]   0.00-5.00   sec   690 MBytes  1.16 Gbits/sec  2030            sender
2025-03-14T15:26:33	[  5]   0.00-5.00   sec   687 MBytes  1.15 Gbits/sec                  receiver
2025-03-14T15:26:33	
2025-03-14T15:26:33	iperf Done.
2025-03-14T15:26:35	Connecting to host nid005009, port 5201
2025-03-14T15:26:35	[  5] local 172.28.11.56 port 50150 connected to 172.28.11.52 port 5201
2025-03-14T15:26:36	[ ID] Interval           Transfer     Bitrate         Retr  Cwnd
2025-03-14T15:26:36	[  5]   0.00-1.00   sec   128 MBytes  1.07 Gbits/sec  453    236 KBytes       
2025-03-14T15:26:37	[  5]   1.00-2.00   sec   133 MBytes  1.12 Gbits/sec  384    236 KBytes       
2025-03-14T15:26:38	[  5]   2.00-3.00   sec  48.2 MBytes   405 Mbits/sec  154    158 KBytes       
2025-03-14T15:26:39	[  5]   3.00-4.00   sec   207 MBytes  1.74 Gbits/sec  658    201 KBytes       
2025-03-14T15:26:40	[  5]   4.00-5.00   sec   111 MBytes   931 Mbits/sec  331    245 KBytes       
2025-03-14T15:26:40	- - - - - - - - - - - - - - - - - - - - - - - - -
2025-03-14T15:26:40	[ ID] Interval           Transfer     Bitrate         Retr
2025-03-14T15:26:40	[  5]   0.00-5.00   sec   628 MBytes  1.05 Gbits/sec  1980            sender
2025-03-14T15:26:40	[  5]   0.00-5.00   sec   625 MBytes  1.05 Gbits/sec                  receiver
2025-03-14T15:26:40	
2025-03-14T15:26:40	iperf Done.
2025-03-14T15:26:41	Connecting to host nid005009, port 5201
2025-03-14T15:26:41	[  5] local 172.28.11.56 port 50172 connected to 172.28.11.52 port 5201
2025-03-14T15:26:42	[ ID] Interval           Transfer     Bitrate         Retr  Cwnd
2025-03-14T15:26:42	[  5]   0.00-1.00   sec   719 MBytes  6.02 Gbits/sec  1822    280 KBytes       
2025-03-14T15:26:43	[  5]   1.00-2.00   sec   508 MBytes  4.26 Gbits/sec  1158    245 KBytes       
2025-03-14T15:26:44	[  5]   2.00-3.00   sec   467 MBytes  3.92 Gbits/sec  1157    254 KBytes       
2025-03-14T15:26:45	[  5]   3.00-4.00   sec   384 MBytes  3.22 Gbits/sec  934    262 KBytes       
2025-03-14T15:26:46	[  5]   4.00-5.00   sec   541 MBytes  4.54 Gbits/sec  1301    158 KBytes       
2025-03-14T15:26:46	- - - - - - - - - - - - - - - - - - - - - - - - -
2025-03-14T15:26:46	[ ID] Interval           Transfer     Bitrate         Retr
2025-03-14T15:26:46	[  5]   0.00-5.00   sec  2.56 GBytes  4.39 Gbits/sec  6372            sender
2025-03-14T15:26:46	[  5]   0.00-5.00   sec  2.55 GBytes  4.39 Gbits/sec                  receiver
2025-03-14T15:26:46	
2025-03-14T15:26:46	iperf Done.
2025-03-14T15:26:48	Connecting to host nid005009, port 5201
2025-03-14T15:26:48	[  5] local 172.28.11.56 port 45358 connected to 172.28.11.52 port 5201
2025-03-14T15:26:49	[ ID] Interval           Transfer     Bitrate         Retr  Cwnd
2025-03-14T15:26:49	[  5]   0.00-1.00   sec   168 MBytes  1.41 Gbits/sec  633    131 KBytes       
2025-03-14T15:26:50	[  5]   1.00-2.00   sec  69.4 MBytes   582 Mbits/sec  258    201 KBytes       
2025-03-14T15:26:51	[  5]   2.00-3.00   sec  46.0 MBytes   386 Mbits/sec  144    149 KBytes       
2025-03-14T15:26:52	[  5]   3.00-4.00   sec   111 MBytes   934 Mbits/sec  432    210 KBytes       
2025-03-14T15:26:53	[  5]   4.00-5.00   sec   126 MBytes  1.06 Gbits/sec  399    192 KBytes       
2025-03-14T15:26:53	- - - - - - - - - - - - - - - - - - - - - - - - -
2025-03-14T15:26:53	[ ID] Interval           Transfer     Bitrate         Retr
2025-03-14T15:26:53	[  5]   0.00-5.00   sec   521 MBytes   874 Mbits/sec  1866            sender
2025-03-14T15:26:53	[  5]   0.00-5.00   sec   519 MBytes   871 Mbits/sec                  receiver
2025-03-14T15:26:53	
2025-03-14T15:26:53	iperf Done.
2025-03-14T15:26:54	Connecting to host nid005009, port 5201
2025-03-14T15:26:54	[  5] local 172.28.11.56 port 60446 connected to 172.28.11.52 port 5201
2025-03-14T15:26:55	[ ID] Interval           Transfer     Bitrate         Retr  Cwnd
2025-03-14T15:26:55	[  5]   0.00-1.00   sec   432 MBytes  3.62 Gbits/sec  1065    289 KBytes       
2025-03-14T15:26:56	[  5]   1.00-2.00   sec  1.11 GBytes  9.54 Gbits/sec  2497    324 KBytes       
2025-03-14T15:26:57	[  5]   2.00-3.00   sec   414 MBytes  3.47 Gbits/sec  968    219 KBytes       
2025-03-14T15:26:58	[  5]   3.00-4.00   sec   986 MBytes  8.27 Gbits/sec  2091    219 KBytes       
2025-03-14T15:26:59	[  5]   4.00-5.00   sec   305 MBytes  2.56 Gbits/sec  695    210 KBytes       
2025-03-14T15:26:59	- - - - - - - - - - - - - - - - - - - - - - - - -
2025-03-14T15:26:59	[ ID] Interval           Transfer     Bitrate         Retr
2025-03-14T15:26:59	[  5]   0.00-5.00   sec  3.20 GBytes  5.49 Gbits/sec  7316            sender
2025-03-14T15:26:59	[  5]   0.00-5.00   sec  3.19 GBytes  5.49 Gbits/sec                  receiver
2025-03-14T15:26:59	
2025-03-14T15:26:59	iperf Done.
2025-03-14T15:27:01	Connecting to host nid005009, port 5201
2025-03-14T15:27:01	[  5] local 172.28.11.56 port 60466 connected to 172.28.11.52 port 5201
2025-03-14T15:27:02	[ ID] Interval           Transfer     Bitrate         Retr  Cwnd
2025-03-14T15:27:02	[  5]   0.00-1.00   sec  3.08 GBytes  26.4 Gbits/sec  114    394 KBytes       
2025-03-14T15:27:03	[  5]   1.00-2.00   sec  3.09 GBytes  26.6 Gbits/sec   54    280 KBytes       
2025-03-14T15:27:04	[  5]   2.00-3.00   sec  3.13 GBytes  26.9 Gbits/sec   69    394 KBytes       
2025-03-14T15:27:05	[  5]   3.00-4.00   sec  3.12 GBytes  26.8 Gbits/sec    1    516 KBytes       
2025-03-14T15:27:06	[  5]   4.00-5.00   sec  3.14 GBytes  27.0 Gbits/sec    0    534 KBytes       
2025-03-14T15:27:06	- - - - - - - - - - - - - - - - - - - - - - - - -
2025-03-14T15:27:06	[ ID] Interval           Transfer     Bitrate         Retr
2025-03-14T15:27:06	[  5]   0.00-5.00   sec  15.6 GBytes  26.7 Gbits/sec  238            sender
2025-03-14T15:27:06	[  5]   0.00-5.00   sec  15.6 GBytes  26.7 Gbits/sec                  receiver
2025-03-14T15:27:06	
2025-03-14T15:27:06	iperf Done.
