server: nid007384 x1403c2s2b0n0
client: nid007386 x1403c2s3b0n0
2025-03-14T14:55:43	Connecting to host nid007384, port 5201
2025-03-14T14:55:43	[  5] local 172.28.43.8 port 55312 connected to 172.28.43.0 port 5201
2025-03-14T14:55:44	[ ID] Interval           Transfer     Bitrate         Retr  Cwnd
2025-03-14T14:55:44	[  5]   0.00-1.00   sec   810 MBytes  6.79 Gbits/sec  1857    359 KBytes       
2025-03-14T14:55:45	[  5]   1.00-2.00   sec   139 MBytes  1.16 Gbits/sec  353   96.2 KBytes       
2025-03-14T14:55:46	[  5]   2.00-3.00   sec   536 MBytes  4.50 Gbits/sec  1310    254 KBytes       
2025-03-14T14:55:47	[  5]   3.00-4.00   sec  98.0 MBytes   822 Mbits/sec  291    228 KBytes       
2025-03-14T14:55:48	[  5]   4.00-5.00   sec   945 MBytes  7.93 Gbits/sec  2295    245 KBytes       
2025-03-14T14:55:48	- - - - - - - - - - - - - - - - - - - - - - - - -
2025-03-14T14:55:48	[ ID] Interval           Transfer     Bitrate         Retr
2025-03-14T14:55:48	[  5]   0.00-5.00   sec  2.47 GBytes  4.24 Gbits/sec  6106            sender
2025-03-14T14:55:48	[  5]   0.00-5.00   sec  2.47 GBytes  4.24 Gbits/sec                  receiver
2025-03-14T14:55:48	
2025-03-14T14:55:48	iperf Done.
2025-03-14T14:55:49	Connecting to host nid007384, port 5201
2025-03-14T14:55:49	[  5] local 172.28.43.8 port 52510 connected to 172.28.43.0 port 5201
2025-03-14T14:55:50	[ ID] Interval           Transfer     Bitrate         Retr  Cwnd
2025-03-14T14:55:50	[  5]   0.00-1.00   sec   878 MBytes  7.36 Gbits/sec  1979    245 KBytes       
2025-03-14T14:55:51	[  5]   1.00-2.00   sec   444 MBytes  3.72 Gbits/sec  952    271 KBytes       
2025-03-14T14:55:52	[  5]   2.00-3.00   sec   616 MBytes  5.17 Gbits/sec  1419    306 KBytes       
2025-03-14T14:55:53	[  5]   3.00-4.00   sec   283 MBytes  2.38 Gbits/sec  606    280 KBytes       
2025-03-14T14:55:54	[  5]   4.00-5.00   sec  1.03 GBytes  8.84 Gbits/sec  2407    201 KBytes       
2025-03-14T14:55:54	- - - - - - - - - - - - - - - - - - - - - - - - -
2025-03-14T14:55:54	[ ID] Interval           Transfer     Bitrate         Retr
2025-03-14T14:55:54	[  5]   0.00-5.00   sec  3.20 GBytes  5.49 Gbits/sec  7363            sender
2025-03-14T14:55:54	[  5]   0.00-5.00   sec  3.20 GBytes  5.49 Gbits/sec                  receiver
2025-03-14T14:55:54	
2025-03-14T14:55:54	iperf Done.
2025-03-14T14:55:56	Connecting to host nid007384, port 5201
2025-03-14T14:55:56	[  5] local 172.28.43.8 port 33492 connected to 172.28.43.0 port 5201
2025-03-14T14:55:57	[ ID] Interval           Transfer     Bitrate         Retr  Cwnd
2025-03-14T14:55:57	[  5]   0.00-1.00   sec   337 MBytes  2.82 Gbits/sec  962    271 KBytes       
2025-03-14T14:55:58	[  5]   1.00-2.00   sec   190 MBytes  1.59 Gbits/sec  477    166 KBytes       
2025-03-14T14:55:59	[  5]   2.00-3.00   sec   295 MBytes  2.48 Gbits/sec  686   96.2 KBytes       
2025-03-14T14:56:00	[  5]   3.00-4.00   sec   155 MBytes  1.30 Gbits/sec  362    262 KBytes       
2025-03-14T14:56:01	[  5]   4.00-5.00   sec   203 MBytes  1.70 Gbits/sec  590    228 KBytes       
2025-03-14T14:56:01	- - - - - - - - - - - - - - - - - - - - - - - - -
2025-03-14T14:56:01	[ ID] Interval           Transfer     Bitrate         Retr
2025-03-14T14:56:01	[  5]   0.00-5.00   sec  1.15 GBytes  1.98 Gbits/sec  3077            sender
2025-03-14T14:56:01	[  5]   0.00-5.00   sec  1.15 GBytes  1.98 Gbits/sec                  receiver
2025-03-14T14:56:01	
2025-03-14T14:56:01	iperf Done.
2025-03-14T14:56:02	Connecting to host nid007384, port 5201
2025-03-14T14:56:02	[  5] local 172.28.43.8 port 33520 connected to 172.28.43.0 port 5201
2025-03-14T14:56:03	[ ID] Interval           Transfer     Bitrate         Retr  Cwnd
2025-03-14T14:56:03	[  5]   0.00-1.00   sec  3.66 GBytes  31.4 Gbits/sec   31    691 KBytes       
2025-03-14T14:56:04	[  5]   1.00-2.00   sec  3.66 GBytes  31.4 Gbits/sec    8    551 KBytes       
2025-03-14T14:56:05	[  5]   2.00-3.00   sec  3.65 GBytes  31.3 Gbits/sec   16    534 KBytes       
2025-03-14T14:56:06	[  5]   3.00-4.00   sec  3.64 GBytes  31.3 Gbits/sec    0    578 KBytes       
2025-03-14T14:56:07	[  5]   4.00-5.00   sec  3.66 GBytes  31.4 Gbits/sec    2    586 KBytes       
2025-03-14T14:56:07	- - - - - - - - - - - - - - - - - - - - - - - - -
2025-03-14T14:56:07	[ ID] Interval           Transfer     Bitrate         Retr
2025-03-14T14:56:07	[  5]   0.00-5.00   sec  18.3 GBytes  31.4 Gbits/sec   57            sender
2025-03-14T14:56:07	[  5]   0.00-5.00   sec  18.3 GBytes  31.4 Gbits/sec                  receiver
2025-03-14T14:56:07	
2025-03-14T14:56:07	iperf Done.
2025-03-14T14:56:08	Connecting to host nid007384, port 5201
2025-03-14T14:56:08	[  5] local 172.28.43.8 port 48898 connected to 172.28.43.0 port 5201
2025-03-14T14:56:09	[ ID] Interval           Transfer     Bitrate         Retr  Cwnd
2025-03-14T14:56:09	[  5]   0.00-1.00   sec   589 MBytes  4.94 Gbits/sec  1445    376 KBytes       
2025-03-14T14:56:10	[  5]   1.00-2.00   sec   346 MBytes  2.90 Gbits/sec  866    236 KBytes       
2025-03-14T14:56:11	[  5]   2.00-3.00   sec   456 MBytes  3.82 Gbits/sec  1169    262 KBytes       
2025-03-14T14:56:12	[  5]   3.00-4.00   sec   283 MBytes  2.37 Gbits/sec  801    306 KBytes       
2025-03-14T14:56:13	[  5]   4.00-5.00   sec   376 MBytes  3.16 Gbits/sec  902    228 KBytes       
2025-03-14T14:56:13	- - - - - - - - - - - - - - - - - - - - - - - - -
2025-03-14T14:56:13	[ ID] Interval           Transfer     Bitrate         Retr
2025-03-14T14:56:13	[  5]   0.00-5.00   sec  2.00 GBytes  3.44 Gbits/sec  5183            sender
2025-03-14T14:56:13	[  5]   0.00-5.00   sec  2.00 GBytes  3.43 Gbits/sec                  receiver
2025-03-14T14:56:13	
2025-03-14T14:56:13	iperf Done.
2025-03-14T14:56:14	Connecting to host nid007384, port 5201
2025-03-14T14:56:14	[  5] local 172.28.43.8 port 48912 connected to 172.28.43.0 port 5201
2025-03-14T14:56:15	[ ID] Interval           Transfer     Bitrate         Retr  Cwnd
2025-03-14T14:56:15	[  5]   0.00-1.00   sec   739 MBytes  6.19 Gbits/sec  1914    245 KBytes       
2025-03-14T14:56:16	[  5]   1.00-2.00   sec   338 MBytes  2.84 Gbits/sec  987    254 KBytes       
2025-03-14T14:56:17	[  5]   2.00-3.00   sec   330 MBytes  2.77 Gbits/sec  828    271 KBytes       
2025-03-14T14:56:18	[  5]   3.00-4.00   sec   208 MBytes  1.74 Gbits/sec  611    184 KBytes       
2025-03-14T14:56:19	[  5]   4.00-5.00   sec   248 MBytes  2.08 Gbits/sec  740    210 KBytes       
2025-03-14T14:56:19	- - - - - - - - - - - - - - - - - - - - - - - - -
2025-03-14T14:56:19	[ ID] Interval           Transfer     Bitrate         Retr
2025-03-14T14:56:19	[  5]   0.00-5.00   sec  1.82 GBytes  3.12 Gbits/sec  5080            sender
2025-03-14T14:56:19	[  5]   0.00-5.00   sec  1.82 GBytes  3.12 Gbits/sec                  receiver
2025-03-14T14:56:19	
2025-03-14T14:56:19	iperf Done.
2025-03-14T14:56:20	Connecting to host nid007384, port 5201
2025-03-14T14:56:20	[  5] local 172.28.43.8 port 35642 connected to 172.28.43.0 port 5201
2025-03-14T14:56:21	[ ID] Interval           Transfer     Bitrate         Retr  Cwnd
2025-03-14T14:56:21	[  5]   0.00-1.00   sec   622 MBytes  5.21 Gbits/sec  1782    262 KBytes       
2025-03-14T14:56:22	[  5]   1.00-2.00   sec   310 MBytes  2.60 Gbits/sec  736    219 KBytes       
2025-03-14T14:56:23	[  5]   2.00-3.00   sec   362 MBytes  3.04 Gbits/sec  980    192 KBytes       
2025-03-14T14:56:24	[  5]   3.00-4.00   sec   695 MBytes  5.83 Gbits/sec  2055    210 KBytes       
2025-03-14T14:56:25	[  5]   4.00-5.00   sec   264 MBytes  2.22 Gbits/sec  698    245 KBytes       
2025-03-14T14:56:25	- - - - - - - - - - - - - - - - - - - - - - - - -
2025-03-14T14:56:25	[ ID] Interval           Transfer     Bitrate         Retr
2025-03-14T14:56:25	[  5]   0.00-5.00   sec  2.20 GBytes  3.78 Gbits/sec  6251            sender
2025-03-14T14:56:25	[  5]   0.00-5.00   sec  2.20 GBytes  3.77 Gbits/sec                  receiver
2025-03-14T14:56:25	
2025-03-14T14:56:25	iperf Done.
2025-03-14T14:56:27	Connecting to host nid007384, port 5201
2025-03-14T14:56:27	[  5] local 172.28.43.8 port 34764 connected to 172.28.43.0 port 5201
2025-03-14T14:56:28	[ ID] Interval           Transfer     Bitrate         Retr  Cwnd
2025-03-14T14:56:28	[  5]   0.00-1.00   sec  1.16 GBytes  9.97 Gbits/sec  1601    166 KBytes       
2025-03-14T14:56:29	[  5]   1.00-2.00   sec   652 MBytes  5.47 Gbits/sec  747    376 KBytes       
2025-03-14T14:56:30	[  5]   2.00-3.00   sec   537 MBytes  4.51 Gbits/sec  743    341 KBytes       
2025-03-14T14:56:31	[  5]   3.00-4.00   sec   924 MBytes  7.75 Gbits/sec  1317    210 KBytes       
2025-03-14T14:56:32	[  5]   4.00-5.00   sec   506 MBytes  4.25 Gbits/sec  799   17.5 KBytes       
2025-03-14T14:56:32	- - - - - - - - - - - - - - - - - - - - - - - - -
2025-03-14T14:56:32	[ ID] Interval           Transfer     Bitrate         Retr
2025-03-14T14:56:32	[  5]   0.00-5.00   sec  3.72 GBytes  6.39 Gbits/sec  5207            sender
2025-03-14T14:56:32	[  5]   0.00-5.00   sec  3.72 GBytes  6.38 Gbits/sec                  receiver
2025-03-14T14:56:32	
2025-03-14T14:56:32	iperf Done.
2025-03-14T14:56:34	Connecting to host nid007384, port 5201
2025-03-14T14:56:34	[  5] local 172.28.43.8 port 34790 connected to 172.28.43.0 port 5201
2025-03-14T14:56:35	[ ID] Interval           Transfer     Bitrate         Retr  Cwnd
2025-03-14T14:56:35	[  5]   0.00-1.00   sec   818 MBytes  6.86 Gbits/sec  1245    262 KBytes       
2025-03-14T14:56:36	[  5]   1.00-2.00   sec   984 MBytes  8.25 Gbits/sec  1429    289 KBytes       
2025-03-14T14:56:37	[  5]   2.00-3.00   sec  1.33 GBytes  11.5 Gbits/sec  1989    315 KBytes       
2025-03-14T14:56:38	[  5]   3.00-4.00   sec  1.05 GBytes  9.00 Gbits/sec  1620    280 KBytes       
2025-03-14T14:56:39	[  5]   4.00-5.00   sec   978 MBytes  8.20 Gbits/sec  1529    271 KBytes       
2025-03-14T14:56:39	- - - - - - - - - - - - - - - - - - - - - - - - -
2025-03-14T14:56:39	[ ID] Interval           Transfer     Bitrate         Retr
2025-03-14T14:56:39	[  5]   0.00-5.00   sec  5.10 GBytes  8.75 Gbits/sec  7812            sender
2025-03-14T14:56:39	[  5]   0.00-5.00   sec  5.09 GBytes  8.75 Gbits/sec                  receiver
2025-03-14T14:56:39	
2025-03-14T14:56:39	iperf Done.
2025-03-14T14:56:40	Connecting to host nid007384, port 5201
2025-03-14T14:56:40	[  5] local 172.28.43.8 port 54680 connected to 172.28.43.0 port 5201
2025-03-14T14:56:41	[ ID] Interval           Transfer     Bitrate         Retr  Cwnd
2025-03-14T14:56:41	[  5]   0.00-1.00   sec  3.55 GBytes  30.4 Gbits/sec  136    438 KBytes       
2025-03-14T14:56:42	[  5]   1.00-2.00   sec  3.54 GBytes  30.4 Gbits/sec   58    455 KBytes       
2025-03-14T14:56:43	[  5]   2.00-3.00   sec  3.53 GBytes  30.4 Gbits/sec   35    402 KBytes       
2025-03-14T14:56:44	[  5]   3.00-4.00   sec  3.56 GBytes  30.6 Gbits/sec   11    481 KBytes       
2025-03-14T14:56:45	[  5]   4.00-5.00   sec  3.57 GBytes  30.6 Gbits/sec    5    359 KBytes       
2025-03-14T14:56:45	- - - - - - - - - - - - - - - - - - - - - - - - -
2025-03-14T14:56:45	[ ID] Interval           Transfer     Bitrate         Retr
2025-03-14T14:56:45	[  5]   0.00-5.00   sec  17.8 GBytes  30.5 Gbits/sec  245            sender
2025-03-14T14:56:45	[  5]   0.00-5.00   sec  17.8 GBytes  30.5 Gbits/sec                  receiver
2025-03-14T14:56:45	
2025-03-14T14:56:45	iperf Done.
2025-03-14T14:56:46	Connecting to host nid007384, port 5201
2025-03-14T14:56:46	[  5] local 172.28.43.8 port 40994 connected to 172.28.43.0 port 5201
2025-03-14T14:56:47	[ ID] Interval           Transfer     Bitrate         Retr  Cwnd
2025-03-14T14:56:47	[  5]   0.00-1.00   sec  1.60 GBytes  13.7 Gbits/sec  2232    368 KBytes       
2025-03-14T14:56:48	[  5]   1.00-2.00   sec   717 MBytes  6.01 Gbits/sec  1157    341 KBytes       
2025-03-14T14:56:49	[  5]   2.00-3.00   sec   467 MBytes  3.92 Gbits/sec  658    332 KBytes       
2025-03-14T14:56:50	[  5]   3.00-4.00   sec  2.12 GBytes  18.2 Gbits/sec  3191    341 KBytes       
2025-03-14T14:56:51	[  5]   4.00-5.00   sec   562 MBytes  4.72 Gbits/sec  895    306 KBytes       
2025-03-14T14:56:51	- - - - - - - - - - - - - - - - - - - - - - - - -
2025-03-14T14:56:51	[ ID] Interval           Transfer     Bitrate         Retr
2025-03-14T14:56:51	[  5]   0.00-5.00   sec  5.42 GBytes  9.31 Gbits/sec  8133            sender
2025-03-14T14:56:51	[  5]   0.00-5.00   sec  5.42 GBytes  9.30 Gbits/sec                  receiver
2025-03-14T14:56:51	
2025-03-14T14:56:51	iperf Done.
2025-03-14T14:56:52	Connecting to host nid007384, port 5201
2025-03-14T14:56:52	[  5] local 172.28.43.8 port 41016 connected to 172.28.43.0 port 5201
2025-03-14T14:56:53	[ ID] Interval           Transfer     Bitrate         Retr  Cwnd
2025-03-14T14:56:53	[  5]   0.00-1.00   sec  3.07 GBytes  26.4 Gbits/sec   74    315 KBytes       
2025-03-14T14:56:54	[  5]   1.00-2.00   sec  3.04 GBytes  26.1 Gbits/sec   44    621 KBytes       
2025-03-14T14:56:55	[  5]   2.00-3.00   sec  3.05 GBytes  26.2 Gbits/sec   84    656 KBytes       
2025-03-14T14:56:56	[  5]   3.00-4.00   sec  3.06 GBytes  26.3 Gbits/sec   42    464 KBytes       
2025-03-14T14:56:57	[  5]   4.00-5.00   sec  3.05 GBytes  26.2 Gbits/sec   59    455 KBytes       
2025-03-14T14:56:57	- - - - - - - - - - - - - - - - - - - - - - - - -
2025-03-14T14:56:57	[ ID] Interval           Transfer     Bitrate         Retr
2025-03-14T14:56:57	[  5]   0.00-5.00   sec  15.3 GBytes  26.2 Gbits/sec  303            sender
2025-03-14T14:56:57	[  5]   0.00-5.00   sec  15.3 GBytes  26.2 Gbits/sec                  receiver
2025-03-14T14:56:57	
2025-03-14T14:56:57	iperf Done.
2025-03-14T14:56:59	Connecting to host nid007384, port 5201
2025-03-14T14:56:59	[  5] local 172.28.43.8 port 42550 connected to 172.28.43.0 port 5201
2025-03-14T14:57:00	[ ID] Interval           Transfer     Bitrate         Retr  Cwnd
2025-03-14T14:57:00	[  5]   0.00-1.00   sec   573 MBytes  4.80 Gbits/sec  1394    254 KBytes       
2025-03-14T14:57:01	[  5]   1.00-2.00   sec   495 MBytes  4.15 Gbits/sec  1238    228 KBytes       
2025-03-14T14:57:02	[  5]   2.00-3.00   sec   172 MBytes  1.44 Gbits/sec  482    262 KBytes       
2025-03-14T14:57:03	[  5]   3.00-4.00   sec   662 MBytes  5.55 Gbits/sec  1577    210 KBytes       
2025-03-14T14:57:04	[  5]   4.00-5.00   sec   347 MBytes  2.91 Gbits/sec  937    201 KBytes       
2025-03-14T14:57:04	- - - - - - - - - - - - - - - - - - - - - - - - -
2025-03-14T14:57:04	[ ID] Interval           Transfer     Bitrate         Retr
2025-03-14T14:57:04	[  5]   0.00-5.00   sec  2.20 GBytes  3.77 Gbits/sec  5628            sender
2025-03-14T14:57:04	[  5]   0.00-5.00   sec  2.19 GBytes  3.77 Gbits/sec                  receiver
2025-03-14T14:57:04	
2025-03-14T14:57:04	iperf Done.
2025-03-14T14:57:06	Connecting to host nid007384, port 5201
2025-03-14T14:57:06	[  5] local 172.28.43.8 port 47354 connected to 172.28.43.0 port 5201
2025-03-14T14:57:07	[ ID] Interval           Transfer     Bitrate         Retr  Cwnd
2025-03-14T14:57:07	[  5]   0.00-1.00   sec  1.77 GBytes  15.2 Gbits/sec  3166    184 KBytes       
2025-03-14T14:57:08	[  5]   1.00-2.00   sec   868 MBytes  7.28 Gbits/sec  1438    210 KBytes       
2025-03-14T14:57:09	[  5]   2.00-3.00   sec   610 MBytes  5.12 Gbits/sec  1214    306 KBytes       
2025-03-14T14:57:10	[  5]   3.00-4.00   sec   703 MBytes  5.90 Gbits/sec  1282    438 KBytes       
2025-03-14T14:57:11	[  5]   4.00-5.00   sec   805 MBytes  6.75 Gbits/sec  1143    175 KBytes       
2025-03-14T14:57:11	- - - - - - - - - - - - - - - - - - - - - - - - -
2025-03-14T14:57:11	[ ID] Interval           Transfer     Bitrate         Retr
2025-03-14T14:57:11	[  5]   0.00-5.00   sec  4.69 GBytes  8.05 Gbits/sec  8243            sender
2025-03-14T14:57:11	[  5]   0.00-5.00   sec  4.69 GBytes  8.05 Gbits/sec                  receiver
2025-03-14T14:57:11	
2025-03-14T14:57:11	iperf Done.
2025-03-14T14:57:13	Connecting to host nid007384, port 5201
2025-03-14T14:57:13	[  5] local 172.28.43.8 port 47384 connected to 172.28.43.0 port 5201
2025-03-14T14:57:14	[ ID] Interval           Transfer     Bitrate         Retr  Cwnd
2025-03-14T14:57:14	[  5]   0.00-1.00   sec   138 MBytes  1.16 Gbits/sec  482    219 KBytes       
2025-03-14T14:57:15	[  5]   1.00-2.00   sec   157 MBytes  1.32 Gbits/sec  471    149 KBytes       
2025-03-14T14:57:16	[  5]   2.00-3.00   sec   239 MBytes  2.00 Gbits/sec  734    210 KBytes       
2025-03-14T14:57:17	[  5]   3.00-4.00   sec  60.6 MBytes   509 Mbits/sec  218    210 KBytes       
2025-03-14T14:57:18	[  5]   4.00-5.00   sec  76.0 MBytes   637 Mbits/sec  232    228 KBytes       
2025-03-14T14:57:18	- - - - - - - - - - - - - - - - - - - - - - - - -
2025-03-14T14:57:18	[ ID] Interval           Transfer     Bitrate         Retr
2025-03-14T14:57:18	[  5]   0.00-5.00   sec   671 MBytes  1.13 Gbits/sec  2137            sender
2025-03-14T14:57:18	[  5]   0.00-5.00   sec   669 MBytes  1.12 Gbits/sec                  receiver
2025-03-14T14:57:18	
2025-03-14T14:57:18	iperf Done.
2025-03-14T14:57:19	Connecting to host nid007384, port 5201
2025-03-14T14:57:19	[  5] local 172.28.43.8 port 34820 connected to 172.28.43.0 port 5201
2025-03-14T14:57:20	[ ID] Interval           Transfer     Bitrate         Retr  Cwnd
2025-03-14T14:57:20	[  5]   0.00-1.00   sec   303 MBytes  2.54 Gbits/sec  853    158 KBytes       
2025-03-14T14:57:21	[  5]   1.00-2.00   sec   262 MBytes  2.20 Gbits/sec  712    402 KBytes       
2025-03-14T14:57:22	[  5]   2.00-3.00   sec   216 MBytes  1.81 Gbits/sec  648    245 KBytes       
2025-03-14T14:57:23	[  5]   3.00-4.00   sec   277 MBytes  2.32 Gbits/sec  658    219 KBytes       
2025-03-14T14:57:24	[  5]   4.00-5.00   sec   341 MBytes  2.86 Gbits/sec  814    184 KBytes       
2025-03-14T14:57:24	- - - - - - - - - - - - - - - - - - - - - - - - -
2025-03-14T14:57:24	[ ID] Interval           Transfer     Bitrate         Retr
2025-03-14T14:57:24	[  5]   0.00-5.00   sec  1.37 GBytes  2.34 Gbits/sec  3685            sender
2025-03-14T14:57:24	[  5]   0.00-5.00   sec  1.36 GBytes  2.34 Gbits/sec                  receiver
2025-03-14T14:57:24	
2025-03-14T14:57:24	iperf Done.
2025-03-14T14:57:25	Connecting to host nid007384, port 5201
2025-03-14T14:57:25	[  5] local 172.28.43.8 port 45514 connected to 172.28.43.0 port 5201
2025-03-14T14:57:26	[ ID] Interval           Transfer     Bitrate         Retr  Cwnd
2025-03-14T14:57:26	[  5]   0.00-1.00   sec   148 MBytes  1.24 Gbits/sec  446    245 KBytes       
2025-03-14T14:57:27	[  5]   1.00-2.00   sec   169 MBytes  1.42 Gbits/sec  452    280 KBytes       
2025-03-14T14:57:28	[  5]   2.00-3.00   sec   139 MBytes  1.17 Gbits/sec  376    210 KBytes       
2025-03-14T14:57:29	[  5]   3.00-4.00   sec   117 MBytes   979 Mbits/sec  381    210 KBytes       
2025-03-14T14:57:30	[  5]   4.00-5.00   sec   107 MBytes   895 Mbits/sec  277    324 KBytes       
2025-03-14T14:57:30	- - - - - - - - - - - - - - - - - - - - - - - - -
2025-03-14T14:57:30	[ ID] Interval           Transfer     Bitrate         Retr
2025-03-14T14:57:30	[  5]   0.00-5.00   sec   680 MBytes  1.14 Gbits/sec  1932            sender
2025-03-14T14:57:30	[  5]   0.00-5.00   sec   677 MBytes  1.14 Gbits/sec                  receiver
2025-03-14T14:57:30	
2025-03-14T14:57:30	iperf Done.
2025-03-14T14:57:32	Connecting to host nid007384, port 5201
2025-03-14T14:57:32	[  5] local 172.28.43.8 port 45534 connected to 172.28.43.0 port 5201
2025-03-14T14:57:33	[ ID] Interval           Transfer     Bitrate         Retr  Cwnd
2025-03-14T14:57:33	[  5]   0.00-1.00   sec  3.56 GBytes  30.5 Gbits/sec  167    446 KBytes       
2025-03-14T14:57:34	[  5]   1.00-2.00   sec  3.56 GBytes  30.6 Gbits/sec   78    542 KBytes       
2025-03-14T14:57:35	[  5]   2.00-3.00   sec  3.56 GBytes  30.5 Gbits/sec   51    446 KBytes       
2025-03-14T14:57:36	[  5]   3.00-4.00   sec  3.56 GBytes  30.6 Gbits/sec   61    420 KBytes       
2025-03-14T14:57:37	[  5]   4.00-5.00   sec  3.59 GBytes  30.8 Gbits/sec   14    490 KBytes       
2025-03-14T14:57:37	- - - - - - - - - - - - - - - - - - - - - - - - -
2025-03-14T14:57:37	[ ID] Interval           Transfer     Bitrate         Retr
2025-03-14T14:57:37	[  5]   0.00-5.00   sec  17.8 GBytes  30.6 Gbits/sec  371            sender
2025-03-14T14:57:37	[  5]   0.00-5.00   sec  17.8 GBytes  30.6 Gbits/sec                  receiver
2025-03-14T14:57:37	
2025-03-14T14:57:37	iperf Done.
2025-03-14T14:57:38	Connecting to host nid007384, port 5201
2025-03-14T14:57:38	[  5] local 172.28.43.8 port 53304 connected to 172.28.43.0 port 5201
2025-03-14T14:57:39	[ ID] Interval           Transfer     Bitrate         Retr  Cwnd
2025-03-14T14:57:39	[  5]   0.00-1.00   sec   254 MBytes  2.13 Gbits/sec  615    236 KBytes       
2025-03-14T14:57:40	[  5]   1.00-2.00   sec   118 MBytes   987 Mbits/sec  316    210 KBytes       
2025-03-14T14:57:41	[  5]   2.00-3.00   sec   155 MBytes  1.30 Gbits/sec  442    210 KBytes       
2025-03-14T14:57:42	[  5]   3.00-4.00   sec   103 MBytes   866 Mbits/sec  272    245 KBytes       
2025-03-14T14:57:43	[  5]   4.00-5.00   sec  66.1 MBytes   555 Mbits/sec  196    245 KBytes       
2025-03-14T14:57:43	- - - - - - - - - - - - - - - - - - - - - - - - -
2025-03-14T14:57:43	[ ID] Interval           Transfer     Bitrate         Retr
2025-03-14T14:57:43	[  5]   0.00-5.00   sec   696 MBytes  1.17 Gbits/sec  1841            sender
2025-03-14T14:57:43	[  5]   0.00-5.00   sec   694 MBytes  1.16 Gbits/sec                  receiver
2025-03-14T14:57:43	
2025-03-14T14:57:43	iperf Done.
2025-03-14T14:57:44	Connecting to host nid007384, port 5201
2025-03-14T14:57:44	[  5] local 172.28.43.8 port 53324 connected to 172.28.43.0 port 5201
2025-03-14T14:57:45	[ ID] Interval           Transfer     Bitrate         Retr  Cwnd
2025-03-14T14:57:45	[  5]   0.00-1.00   sec   689 MBytes  5.78 Gbits/sec  969    350 KBytes       
2025-03-14T14:57:46	[  5]   1.00-2.00   sec  1.76 GBytes  15.1 Gbits/sec  2351    324 KBytes       
2025-03-14T14:57:47	[  5]   2.00-3.00   sec   405 MBytes  3.40 Gbits/sec  600    219 KBytes       
2025-03-14T14:57:48	[  5]   3.00-4.00   sec  1.16 GBytes  9.96 Gbits/sec  1788    315 KBytes       
2025-03-14T14:57:49	[  5]   4.00-5.00   sec  1013 MBytes  8.50 Gbits/sec  1338    332 KBytes       
2025-03-14T14:57:49	- - - - - - - - - - - - - - - - - - - - - - - - -
2025-03-14T14:57:49	[ ID] Interval           Transfer     Bitrate         Retr
2025-03-14T14:57:49	[  5]   0.00-5.00   sec  4.98 GBytes  8.55 Gbits/sec  7046            sender
2025-03-14T14:57:49	[  5]   0.00-5.00   sec  4.98 GBytes  8.55 Gbits/sec                  receiver
2025-03-14T14:57:49	
2025-03-14T14:57:49	iperf Done.
