server: nid005016 x1100c1s1b0n0
client: nid005017 x1100c1s1b1n0
2025-03-14T15:49:16	Connecting to host nid005016, port 5201
2025-03-14T15:49:16	[  5] local 172.28.11.76 port 40500 connected to 172.28.11.72 port 5201
2025-03-14T15:49:17	[ ID] Interval           Transfer     Bitrate         Retr  Cwnd
2025-03-14T15:49:17	[  5]   0.00-1.00   sec   792 MBytes  6.63 Gbits/sec  1736    184 KBytes       
2025-03-14T15:49:18	[  5]   1.00-2.00   sec   479 MBytes  4.02 Gbits/sec  981    271 KBytes       
2025-03-14T15:49:19	[  5]   2.00-3.00   sec   651 MBytes  5.46 Gbits/sec  1566    280 KBytes       
2025-03-14T15:49:20	[  5]   3.00-4.00   sec   155 MBytes  1.30 Gbits/sec  376    158 KBytes       
2025-03-14T15:49:21	[  5]   4.00-5.00   sec   280 MBytes  2.35 Gbits/sec  583    228 KBytes       
2025-03-14T15:49:22	[  5]   5.00-6.00   sec   947 MBytes  7.94 Gbits/sec  2028    245 KBytes       
2025-03-14T15:49:23	[  5]   6.00-7.00   sec   339 MBytes  2.84 Gbits/sec  811    245 KBytes       
2025-03-14T15:49:24	[  5]   7.00-8.00   sec   552 MBytes  4.63 Gbits/sec  1112    245 KBytes       
2025-03-14T15:49:25	[  5]   8.00-9.00   sec   651 MBytes  5.46 Gbits/sec  1532    149 KBytes       
2025-03-14T15:49:26	[  5]   9.00-10.00  sec   508 MBytes  4.26 Gbits/sec  1214    184 KBytes       
2025-03-14T15:49:27	[  5]  10.00-11.00  sec   433 MBytes  3.64 Gbits/sec  892    149 KBytes       
2025-03-14T15:49:28	[  5]  11.00-12.00  sec   611 MBytes  5.13 Gbits/sec  1435    245 KBytes       
2025-03-14T15:49:29	[  5]  12.00-13.00  sec   410 MBytes  3.44 Gbits/sec  917    394 KBytes       
2025-03-14T15:49:30	[  5]  13.00-14.00  sec   274 MBytes  2.30 Gbits/sec  662    262 KBytes       
2025-03-14T15:49:31	[  5]  14.00-15.00  sec   722 MBytes  6.05 Gbits/sec  1583    271 KBytes       
2025-03-14T15:49:32	[  5]  15.00-16.00  sec   638 MBytes  5.35 Gbits/sec  1385    245 KBytes       
2025-03-14T15:49:33	[  5]  16.00-17.00  sec   616 MBytes  5.17 Gbits/sec  1447    324 KBytes       
2025-03-14T15:49:34	[  5]  17.00-18.00  sec   368 MBytes  3.08 Gbits/sec  903    254 KBytes       
2025-03-14T15:49:35	[  5]  18.00-19.00  sec   328 MBytes  2.75 Gbits/sec  843    201 KBytes       
2025-03-14T15:49:36	[  5]  19.00-20.00  sec   702 MBytes  5.89 Gbits/sec  1624    228 KBytes       
2025-03-14T15:49:36	- - - - - - - - - - - - - - - - - - - - - - - - -
2025-03-14T15:49:36	[ ID] Interval           Transfer     Bitrate         Retr
2025-03-14T15:49:36	[  5]   0.00-20.00  sec  10.2 GBytes  4.38 Gbits/sec  23630            sender
2025-03-14T15:49:36	[  5]   0.00-20.00  sec  10.2 GBytes  4.38 Gbits/sec                  receiver
2025-03-14T15:49:36	
2025-03-14T15:49:36	iperf Done.
2025-03-14T15:49:37	Connecting to host nid005016, port 5201
2025-03-14T15:49:37	[  5] local 172.28.11.76 port 58704 connected to 172.28.11.72 port 5201
2025-03-14T15:49:38	[ ID] Interval           Transfer     Bitrate         Retr  Cwnd
2025-03-14T15:49:38	[  5]   0.00-1.00   sec  3.63 GBytes  31.2 Gbits/sec   41    604 KBytes       
2025-03-14T15:49:39	[  5]   1.00-2.00   sec  3.59 GBytes  30.8 Gbits/sec   23    726 KBytes       
2025-03-14T15:49:40	[  5]   2.00-3.00   sec  3.62 GBytes  31.1 Gbits/sec    0    726 KBytes       
2025-03-14T15:49:41	[  5]   3.00-4.00   sec  3.65 GBytes  31.4 Gbits/sec    7    691 KBytes       
2025-03-14T15:49:42	[  5]   4.00-5.00   sec  3.64 GBytes  31.3 Gbits/sec    7    595 KBytes       
2025-03-14T15:49:43	[  5]   5.00-6.00   sec  3.65 GBytes  31.3 Gbits/sec    9    525 KBytes       
2025-03-14T15:49:44	[  5]   6.00-7.00   sec  3.64 GBytes  31.3 Gbits/sec    8    621 KBytes       
2025-03-14T15:49:45	[  5]   7.00-8.00   sec  3.65 GBytes  31.4 Gbits/sec   23    578 KBytes       
2025-03-14T15:49:46	[  5]   8.00-9.00   sec  3.65 GBytes  31.3 Gbits/sec    0    639 KBytes       
2025-03-14T15:49:47	[  5]   9.00-10.00  sec  3.65 GBytes  31.4 Gbits/sec    0    639 KBytes       
2025-03-14T15:49:48	[  5]  10.00-11.00  sec  3.65 GBytes  31.3 Gbits/sec    0    639 KBytes       
2025-03-14T15:49:49	[  5]  11.00-12.00  sec  3.66 GBytes  31.5 Gbits/sec   23    639 KBytes       
2025-03-14T15:49:50	[  5]  12.00-13.00  sec  3.64 GBytes  31.3 Gbits/sec    0    639 KBytes       
2025-03-14T15:49:51	[  5]  13.00-14.00  sec  3.66 GBytes  31.4 Gbits/sec    9    569 KBytes       
2025-03-14T15:49:52	[  5]  14.00-15.00  sec  3.65 GBytes  31.3 Gbits/sec    0    674 KBytes       
2025-03-14T15:49:53	[  5]  15.00-16.00  sec  3.69 GBytes  31.7 Gbits/sec   16    586 KBytes       
2025-03-14T15:49:54	[  5]  16.00-17.00  sec  3.67 GBytes  31.5 Gbits/sec    0    665 KBytes       
2025-03-14T15:49:55	[  5]  17.00-18.00  sec  3.62 GBytes  31.1 Gbits/sec   10    525 KBytes       
2025-03-14T15:49:56	[  5]  18.00-19.00  sec  3.62 GBytes  31.1 Gbits/sec    0    656 KBytes       
2025-03-14T15:49:57	[  5]  19.00-20.00  sec  3.62 GBytes  31.1 Gbits/sec    7    656 KBytes       
2025-03-14T15:49:57	- - - - - - - - - - - - - - - - - - - - - - - - -
2025-03-14T15:49:57	[ ID] Interval           Transfer     Bitrate         Retr
2025-03-14T15:49:57	[  5]   0.00-20.00  sec  72.9 GBytes  31.3 Gbits/sec  183            sender
2025-03-14T15:49:57	[  5]   0.00-20.00  sec  72.9 GBytes  31.3 Gbits/sec                  receiver
2025-03-14T15:49:57	
2025-03-14T15:49:57	iperf Done.
2025-03-14T15:49:59	Connecting to host nid005016, port 5201
2025-03-14T15:49:59	[  5] local 172.28.11.76 port 46766 connected to 172.28.11.72 port 5201
2025-03-14T15:50:00	[ ID] Interval           Transfer     Bitrate         Retr  Cwnd
2025-03-14T15:50:00	[  5]   0.00-1.00   sec   528 MBytes  4.42 Gbits/sec  1254    228 KBytes       
2025-03-14T15:50:01	[  5]   1.00-2.00   sec   312 MBytes  2.62 Gbits/sec  695    219 KBytes       
2025-03-14T15:50:02	[  5]   2.00-3.00   sec   110 MBytes   923 Mbits/sec  283    280 KBytes       
2025-03-14T15:50:03	[  5]   3.00-4.00   sec   595 MBytes  4.99 Gbits/sec  1520    245 KBytes       
2025-03-14T15:50:04	[  5]   4.00-5.00   sec   382 MBytes  3.20 Gbits/sec  872    254 KBytes       
2025-03-14T15:50:05	[  5]   5.00-6.00   sec   694 MBytes  5.83 Gbits/sec  1465    262 KBytes       
2025-03-14T15:50:06	[  5]   6.00-7.00   sec   609 MBytes  5.11 Gbits/sec  1549    236 KBytes       
2025-03-14T15:50:07	[  5]   7.00-8.00   sec   383 MBytes  3.21 Gbits/sec  897    228 KBytes       
2025-03-14T15:50:08	[  5]   8.00-9.00   sec   270 MBytes  2.26 Gbits/sec  602    219 KBytes       
2025-03-14T15:50:09	[  5]   9.00-10.00  sec   506 MBytes  4.24 Gbits/sec  1166    184 KBytes       
2025-03-14T15:50:10	[  5]  10.00-11.00  sec   475 MBytes  3.98 Gbits/sec  1012   61.2 KBytes       
2025-03-14T15:50:11	[  5]  11.00-12.00  sec   368 MBytes  3.09 Gbits/sec  876    245 KBytes       
2025-03-14T15:50:12	[  5]  12.00-13.00  sec   261 MBytes  2.19 Gbits/sec  619    201 KBytes       
2025-03-14T15:50:13	[  5]  13.00-14.00  sec   493 MBytes  4.14 Gbits/sec  1206    219 KBytes       
2025-03-14T15:50:14	[  5]  14.00-15.00  sec   209 MBytes  1.75 Gbits/sec  515    262 KBytes       
2025-03-14T15:50:15	[  5]  15.00-16.00  sec   460 MBytes  3.86 Gbits/sec  1082    166 KBytes       
2025-03-14T15:50:16	[  5]  16.00-17.00  sec   246 MBytes  2.06 Gbits/sec  601    262 KBytes       
2025-03-14T15:50:17	[  5]  17.00-18.00  sec   376 MBytes  3.15 Gbits/sec  898    324 KBytes       
2025-03-14T15:50:18	[  5]  18.00-19.00  sec   378 MBytes  3.17 Gbits/sec  960    298 KBytes       
2025-03-14T15:50:19	[  5]  19.00-20.00  sec   386 MBytes  3.24 Gbits/sec  827    262 KBytes       
2025-03-14T15:50:19	- - - - - - - - - - - - - - - - - - - - - - - - -
2025-03-14T15:50:19	[ ID] Interval           Transfer     Bitrate         Retr
2025-03-14T15:50:19	[  5]   0.00-20.00  sec  7.85 GBytes  3.37 Gbits/sec  18899            sender
2025-03-14T15:50:19	[  5]   0.00-20.00  sec  7.85 GBytes  3.37 Gbits/sec                  receiver
2025-03-14T15:50:19	
2025-03-14T15:50:19	iperf Done.
2025-03-14T15:50:20	Connecting to host nid005016, port 5201
2025-03-14T15:50:20	[  5] local 172.28.11.76 port 56782 connected to 172.28.11.72 port 5201
2025-03-14T15:50:21	[ ID] Interval           Transfer     Bitrate         Retr  Cwnd
2025-03-14T15:50:21	[  5]   0.00-1.00   sec   153 MBytes  1.29 Gbits/sec  635    219 KBytes       
2025-03-14T15:50:22	[  5]   1.00-2.00   sec  72.2 MBytes   606 Mbits/sec  279    210 KBytes       
2025-03-14T15:50:23	[  5]   2.00-3.00   sec  23.6 MBytes   198 Mbits/sec   90    219 KBytes       
2025-03-14T15:50:24	[  5]   3.00-4.00   sec   101 MBytes   849 Mbits/sec  351    105 KBytes       
2025-03-14T15:50:25	[  5]   4.00-5.00   sec  73.8 MBytes   619 Mbits/sec  210    131 KBytes       
2025-03-14T15:50:26	[  5]   5.00-6.00   sec  52.4 MBytes   439 Mbits/sec  195    184 KBytes       
2025-03-14T15:50:27	[  5]   6.00-7.00   sec  67.4 MBytes   565 Mbits/sec  290    219 KBytes       
2025-03-14T15:50:28	[  5]   7.00-8.00   sec  33.4 MBytes   280 Mbits/sec  134    175 KBytes       
2025-03-14T15:50:29	[  5]   8.00-9.00   sec   114 MBytes   954 Mbits/sec  359    131 KBytes       
2025-03-14T15:50:30	[  5]   9.00-10.00  sec  75.1 MBytes   630 Mbits/sec  314    158 KBytes       
2025-03-14T15:50:31	[  5]  10.00-11.00  sec  83.6 MBytes   701 Mbits/sec  274    184 KBytes       
2025-03-14T15:50:32	[  5]  11.00-12.00  sec  77.0 MBytes   646 Mbits/sec  245    219 KBytes       
2025-03-14T15:50:33	[  5]  12.00-13.00  sec  81.5 MBytes   684 Mbits/sec  317    271 KBytes       
2025-03-14T15:50:34	[  5]  13.00-14.00  sec   151 MBytes  1.27 Gbits/sec  649    262 KBytes       
2025-03-14T15:50:35	[  5]  14.00-15.00  sec  74.8 MBytes   627 Mbits/sec  251   78.8 KBytes       
2025-03-14T15:50:36	[  5]  15.00-16.00  sec   108 MBytes   910 Mbits/sec  327    210 KBytes       
2025-03-14T15:50:37	[  5]  16.00-17.00  sec   114 MBytes   954 Mbits/sec  457    228 KBytes       
2025-03-14T15:50:38	[  5]  17.00-18.00  sec   107 MBytes   897 Mbits/sec  394    219 KBytes       
2025-03-14T15:50:39	[  5]  18.00-19.00  sec  60.1 MBytes   504 Mbits/sec  221    210 KBytes       
2025-03-14T15:50:40	[  5]  19.00-20.00  sec  50.4 MBytes   423 Mbits/sec  175    201 KBytes       
2025-03-14T15:50:40	- - - - - - - - - - - - - - - - - - - - - - - - -
2025-03-14T15:50:40	[ ID] Interval           Transfer     Bitrate         Retr
2025-03-14T15:50:40	[  5]   0.00-20.00  sec  1.63 GBytes   702 Mbits/sec  6167            sender
2025-03-14T15:50:40	[  5]   0.00-20.00  sec  1.63 GBytes   701 Mbits/sec                  receiver
2025-03-14T15:50:40	
2025-03-14T15:50:40	iperf Done.
2025-03-14T15:50:41	Connecting to host nid005016, port 5201
2025-03-14T15:50:41	[  5] local 172.28.11.76 port 58362 connected to 172.28.11.72 port 5201
2025-03-14T15:50:42	[ ID] Interval           Transfer     Bitrate         Retr  Cwnd
2025-03-14T15:50:42	[  5]   0.00-1.00   sec  3.69 GBytes  31.7 Gbits/sec  182    516 KBytes       
2025-03-14T15:50:43	[  5]   1.00-2.00   sec  3.69 GBytes  31.7 Gbits/sec  202    542 KBytes       
2025-03-14T15:50:44	[  5]   2.00-3.00   sec  3.70 GBytes  31.8 Gbits/sec  174    420 KBytes       
2025-03-14T15:50:45	[  5]   3.00-4.00   sec  3.70 GBytes  31.8 Gbits/sec  146    516 KBytes       
2025-03-14T15:50:46	[  5]   4.00-5.00   sec  3.70 GBytes  31.8 Gbits/sec  130    656 KBytes       
2025-03-14T15:50:47	[  5]   5.00-6.00   sec  3.70 GBytes  31.8 Gbits/sec  114    455 KBytes       
2025-03-14T15:50:48	[  5]   6.00-7.00   sec  3.70 GBytes  31.8 Gbits/sec  114    472 KBytes       
2025-03-14T15:50:49	[  5]   7.00-8.00   sec  3.70 GBytes  31.8 Gbits/sec   84    534 KBytes       
2025-03-14T15:50:50	[  5]   8.00-9.00   sec  3.71 GBytes  31.8 Gbits/sec   47    612 KBytes       
2025-03-14T15:50:51	[  5]   9.00-10.00  sec  3.69 GBytes  31.7 Gbits/sec   73    595 KBytes       
2025-03-14T15:50:52	[  5]  10.00-11.00  sec  3.69 GBytes  31.7 Gbits/sec    0    595 KBytes       
2025-03-14T15:50:53	[  5]  11.00-12.00  sec  3.69 GBytes  31.7 Gbits/sec   21    385 KBytes       
2025-03-14T15:50:54	[  5]  12.00-13.00  sec  3.69 GBytes  31.7 Gbits/sec   39    394 KBytes       
2025-03-14T15:50:55	[  5]  13.00-14.00  sec  3.69 GBytes  31.7 Gbits/sec   37    472 KBytes       
2025-03-14T15:50:56	[  5]  14.00-15.00  sec  3.69 GBytes  31.7 Gbits/sec   46    411 KBytes       
2025-03-14T15:50:57	[  5]  15.00-16.00  sec  3.69 GBytes  31.7 Gbits/sec   32    481 KBytes       
2025-03-14T15:50:58	[  5]  16.00-17.00  sec  3.69 GBytes  31.7 Gbits/sec   34    604 KBytes       
2025-03-14T15:50:59	[  5]  17.00-18.00  sec  3.70 GBytes  31.8 Gbits/sec   10    586 KBytes       
2025-03-14T15:51:00	[  5]  18.00-19.00  sec  3.69 GBytes  31.7 Gbits/sec   10    604 KBytes       
2025-03-14T15:51:01	[  5]  19.00-20.00  sec  3.69 GBytes  31.7 Gbits/sec    2    551 KBytes       
2025-03-14T15:51:01	- - - - - - - - - - - - - - - - - - - - - - - - -
2025-03-14T15:51:01	[ ID] Interval           Transfer     Bitrate         Retr
2025-03-14T15:51:01	[  5]   0.00-20.00  sec  73.9 GBytes  31.7 Gbits/sec  1497            sender
2025-03-14T15:51:01	[  5]   0.00-20.00  sec  73.9 GBytes  31.7 Gbits/sec                  receiver
2025-03-14T15:51:01	
2025-03-14T15:51:01	iperf Done.
2025-03-14T15:51:03	Connecting to host nid005016, port 5201
2025-03-14T15:51:03	[  5] local 172.28.11.76 port 52604 connected to 172.28.11.72 port 5201
2025-03-14T15:51:04	[ ID] Interval           Transfer     Bitrate         Retr  Cwnd
2025-03-14T15:51:04	[  5]   0.00-1.00   sec   140 MBytes  1.18 Gbits/sec  500    228 KBytes       
2025-03-14T15:51:05	[  5]   1.00-2.00   sec  63.6 MBytes   534 Mbits/sec  256    236 KBytes       
2025-03-14T15:51:06	[  5]   2.00-3.00   sec  48.4 MBytes   406 Mbits/sec  168    210 KBytes       
2025-03-14T15:51:07	[  5]   3.00-4.00   sec  41.9 MBytes   351 Mbits/sec  141    140 KBytes       
2025-03-14T15:51:08	[  5]   4.00-5.00   sec  48.2 MBytes   405 Mbits/sec  169    245 KBytes       
2025-03-14T15:51:09	[  5]   5.00-6.00   sec   138 MBytes  1.16 Gbits/sec  451    280 KBytes       
2025-03-14T15:51:10	[  5]   6.00-7.00   sec  49.4 MBytes   414 Mbits/sec  168    131 KBytes       
2025-03-14T15:51:11	[  5]   7.00-8.00   sec  47.2 MBytes   396 Mbits/sec  128    210 KBytes       
2025-03-14T15:51:12	[  5]   8.00-9.00   sec  53.8 MBytes   451 Mbits/sec  239    184 KBytes       
2025-03-14T15:51:13	[  5]   9.00-10.00  sec  81.2 MBytes   682 Mbits/sec  235    192 KBytes       
2025-03-14T15:51:14	[  5]  10.00-11.00  sec  60.2 MBytes   505 Mbits/sec  228    192 KBytes       
2025-03-14T15:51:15	[  5]  11.00-12.00  sec  96.2 MBytes   807 Mbits/sec  263    192 KBytes       
2025-03-14T15:51:16	[  5]  12.00-13.00  sec  41.5 MBytes   348 Mbits/sec  151    149 KBytes       
2025-03-14T15:51:17	[  5]  13.00-14.00  sec   123 MBytes  1.03 Gbits/sec  339    184 KBytes       
2025-03-14T15:51:18	[  5]  14.00-15.00  sec   151 MBytes  1.27 Gbits/sec  468    219 KBytes       
2025-03-14T15:51:19	[  5]  15.00-16.00  sec  30.9 MBytes   259 Mbits/sec  111    201 KBytes       
2025-03-14T15:51:20	[  5]  16.00-17.00  sec   145 MBytes  1.22 Gbits/sec  409    332 KBytes       
2025-03-14T15:51:21	[  5]  17.00-18.00  sec  88.4 MBytes   741 Mbits/sec  276    228 KBytes       
2025-03-14T15:51:22	[  5]  18.00-19.00  sec  65.9 MBytes   553 Mbits/sec  198    254 KBytes       
2025-03-14T15:51:23	[  5]  19.00-20.00  sec   181 MBytes  1.51 Gbits/sec  499    219 KBytes       
2025-03-14T15:51:23	- - - - - - - - - - - - - - - - - - - - - - - - -
2025-03-14T15:51:23	[ ID] Interval           Transfer     Bitrate         Retr
2025-03-14T15:51:23	[  5]   0.00-20.00  sec  1.66 GBytes   711 Mbits/sec  5397            sender
2025-03-14T15:51:23	[  5]   0.00-20.00  sec  1.65 GBytes   710 Mbits/sec                  receiver
2025-03-14T15:51:23	
2025-03-14T15:51:23	iperf Done.
2025-03-14T15:51:24	Connecting to host nid005016, port 5201
2025-03-14T15:51:24	[  5] local 172.28.11.76 port 48232 connected to 172.28.11.72 port 5201
2025-03-14T15:51:25	[ ID] Interval           Transfer     Bitrate         Retr  Cwnd
2025-03-14T15:51:25	[  5]   0.00-1.00   sec   356 MBytes  2.99 Gbits/sec  1107    201 KBytes       
2025-03-14T15:51:26	[  5]   1.00-2.00   sec   142 MBytes  1.19 Gbits/sec  474    175 KBytes       
2025-03-14T15:51:27	[  5]   2.00-3.00   sec  53.5 MBytes   449 Mbits/sec  163    236 KBytes       
2025-03-14T15:51:28	[  5]   3.00-4.00   sec  73.4 MBytes   616 Mbits/sec  190    254 KBytes       
2025-03-14T15:51:29	[  5]   4.00-5.00   sec  64.8 MBytes   543 Mbits/sec  259    201 KBytes       
2025-03-14T15:51:30	[  5]   5.00-6.00   sec  20.8 MBytes   174 Mbits/sec   84    228 KBytes       
2025-03-14T15:51:31	[  5]   6.00-7.00   sec  29.8 MBytes   250 Mbits/sec  121    201 KBytes       
2025-03-14T15:51:32	[  5]   7.00-8.00   sec   135 MBytes  1.13 Gbits/sec  335    245 KBytes       
2025-03-14T15:51:33	[  5]   8.00-9.00   sec   125 MBytes  1.05 Gbits/sec  298    184 KBytes       
2025-03-14T15:51:34	[  5]   9.00-10.00  sec  21.0 MBytes   176 Mbits/sec   74    219 KBytes       
2025-03-14T15:51:35	[  5]  10.00-11.00  sec  85.1 MBytes   714 Mbits/sec  223    245 KBytes       
2025-03-14T15:51:36	[  5]  11.00-12.00  sec  43.5 MBytes   365 Mbits/sec  181    166 KBytes       
2025-03-14T15:51:37	[  5]  12.00-13.00  sec   141 MBytes  1.18 Gbits/sec  400    201 KBytes       
2025-03-14T15:51:38	[  5]  13.00-14.00  sec   145 MBytes  1.21 Gbits/sec  426    105 KBytes       
2025-03-14T15:51:39	[  5]  14.00-15.00  sec  50.2 MBytes   422 Mbits/sec  200   78.8 KBytes       
2025-03-14T15:51:40	[  5]  15.00-16.00  sec  40.2 MBytes   338 Mbits/sec  154    245 KBytes       
2025-03-14T15:51:41	[  5]  16.00-17.00  sec  91.6 MBytes   769 Mbits/sec  245    131 KBytes       
2025-03-14T15:51:42	[  5]  17.00-18.00  sec   112 MBytes   942 Mbits/sec  303    140 KBytes       
2025-03-14T15:51:43	[  5]  18.00-19.00  sec   108 MBytes   902 Mbits/sec  311    184 KBytes       
2025-03-14T15:51:44	[  5]  19.00-20.00  sec  28.4 MBytes   238 Mbits/sec  133    254 KBytes       
2025-03-14T15:51:44	- - - - - - - - - - - - - - - - - - - - - - - - -
2025-03-14T15:51:44	[ ID] Interval           Transfer     Bitrate         Retr
2025-03-14T15:51:44	[  5]   0.00-20.00  sec  1.82 GBytes   783 Mbits/sec  5681            sender
2025-03-14T15:51:44	[  5]   0.00-20.00  sec  1.82 GBytes   782 Mbits/sec                  receiver
2025-03-14T15:51:44	
2025-03-14T15:51:44	iperf Done.
2025-03-14T15:51:45	Connecting to host nid005016, port 5201
2025-03-14T15:51:45	[  5] local 172.28.11.76 port 55880 connected to 172.28.11.72 port 5201
2025-03-14T15:51:46	[ ID] Interval           Transfer     Bitrate         Retr  Cwnd
2025-03-14T15:51:46	[  5]   0.00-1.00   sec   154 MBytes  1.29 Gbits/sec  559    175 KBytes       
2025-03-14T15:51:47	[  5]   1.00-2.00   sec   110 MBytes   922 Mbits/sec  302    219 KBytes       
2025-03-14T15:51:48	[  5]   2.00-3.00   sec   162 MBytes  1.35 Gbits/sec  483    201 KBytes       
2025-03-14T15:51:49	[  5]   3.00-4.00   sec  89.2 MBytes   749 Mbits/sec  267    245 KBytes       
2025-03-14T15:51:50	[  5]   4.00-5.00   sec  54.8 MBytes   459 Mbits/sec  152    219 KBytes       
2025-03-14T15:51:51	[  5]   5.00-6.00   sec  88.4 MBytes   741 Mbits/sec  270    122 KBytes       
2025-03-14T15:51:52	[  5]   6.00-7.00   sec  76.8 MBytes   644 Mbits/sec  271    201 KBytes       
2025-03-14T15:51:53	[  5]   7.00-8.00   sec   102 MBytes   860 Mbits/sec  340    219 KBytes       
2025-03-14T15:51:54	[  5]   8.00-9.00   sec   137 MBytes  1.15 Gbits/sec  367    175 KBytes       
2025-03-14T15:51:55	[  5]   9.00-10.00  sec   159 MBytes  1.34 Gbits/sec  351    105 KBytes       
2025-03-14T15:51:56	[  5]  10.00-11.00  sec  69.4 MBytes   582 Mbits/sec  242    158 KBytes       
2025-03-14T15:51:57	[  5]  11.00-12.00  sec   252 MBytes  2.11 Gbits/sec  683    210 KBytes       
2025-03-14T15:51:58	[  5]  12.00-13.00  sec  91.2 MBytes   765 Mbits/sec  257    201 KBytes       
2025-03-14T15:51:59	[  5]  13.00-14.00  sec  60.4 MBytes   506 Mbits/sec  242    210 KBytes       
2025-03-14T15:52:00	[  5]  14.00-15.00  sec   132 MBytes  1.11 Gbits/sec  398    131 KBytes       
2025-03-14T15:52:01	[  5]  15.00-16.00  sec  67.4 MBytes   565 Mbits/sec  216    228 KBytes       
2025-03-14T15:52:02	[  5]  16.00-17.00  sec  71.1 MBytes   597 Mbits/sec  201    219 KBytes       
2025-03-14T15:52:03	[  5]  17.00-18.00  sec   140 MBytes  1.18 Gbits/sec  430    210 KBytes       
2025-03-14T15:52:04	[  5]  18.00-19.00  sec   150 MBytes  1.26 Gbits/sec  349    219 KBytes       
2025-03-14T15:52:05	[  5]  19.00-20.00  sec  93.1 MBytes   781 Mbits/sec  233    236 KBytes       
2025-03-14T15:52:05	- - - - - - - - - - - - - - - - - - - - - - - - -
2025-03-14T15:52:05	[ ID] Interval           Transfer     Bitrate         Retr
2025-03-14T15:52:05	[  5]   0.00-20.00  sec  2.21 GBytes   948 Mbits/sec  6613            sender
2025-03-14T15:52:05	[  5]   0.00-20.00  sec  2.20 GBytes   947 Mbits/sec                  receiver
2025-03-14T15:52:05	
2025-03-14T15:52:05	iperf Done.
2025-03-14T15:52:06	Connecting to host nid005016, port 5201
2025-03-14T15:52:06	[  5] local 172.28.11.76 port 40726 connected to 172.28.11.72 port 5201
2025-03-14T15:52:07	[ ID] Interval           Transfer     Bitrate         Retr  Cwnd
2025-03-14T15:52:07	[  5]   0.00-1.00   sec   312 MBytes  2.62 Gbits/sec  862    201 KBytes       
2025-03-14T15:52:08	[  5]   1.00-2.00   sec   186 MBytes  1.56 Gbits/sec  552    236 KBytes       
2025-03-14T15:52:09	[  5]   2.00-3.00   sec   330 MBytes  2.76 Gbits/sec  893    245 KBytes       
2025-03-14T15:52:10	[  5]   3.00-4.00   sec   522 MBytes  4.38 Gbits/sec  1303    219 KBytes       
2025-03-14T15:52:11	[  5]   4.00-5.00   sec   450 MBytes  3.78 Gbits/sec  1146    228 KBytes       
2025-03-14T15:52:12	[  5]   5.00-6.00   sec  67.1 MBytes   563 Mbits/sec  212    315 KBytes       
2025-03-14T15:52:13	[  5]   6.00-7.00   sec   396 MBytes  3.32 Gbits/sec  914    245 KBytes       
2025-03-14T15:52:14	[  5]   7.00-8.00   sec   466 MBytes  3.91 Gbits/sec  1095    289 KBytes       
2025-03-14T15:52:15	[  5]   8.00-9.00   sec   426 MBytes  3.58 Gbits/sec  1073    262 KBytes       
2025-03-14T15:52:16	[  5]   9.00-10.00  sec   105 MBytes   881 Mbits/sec  292    280 KBytes       
2025-03-14T15:52:17	[  5]  10.00-11.00  sec   259 MBytes  2.17 Gbits/sec  703    271 KBytes       
2025-03-14T15:52:18	[  5]  11.00-12.00  sec   894 MBytes  7.50 Gbits/sec  2450    245 KBytes       
2025-03-14T15:52:19	[  5]  12.00-13.00  sec   589 MBytes  4.94 Gbits/sec  1460    245 KBytes       
2025-03-14T15:52:20	[  5]  13.00-14.00  sec   329 MBytes  2.76 Gbits/sec  887    262 KBytes       
2025-03-14T15:52:21	[  5]  14.00-15.00  sec   387 MBytes  3.24 Gbits/sec  879    210 KBytes       
2025-03-14T15:52:22	[  5]  15.00-16.00  sec   682 MBytes  5.72 Gbits/sec  1808    210 KBytes       
2025-03-14T15:52:23	[  5]  16.00-17.00  sec   427 MBytes  3.58 Gbits/sec  1119    192 KBytes       
2025-03-14T15:52:24	[  5]  17.00-18.00  sec   326 MBytes  2.74 Gbits/sec  838    262 KBytes       
2025-03-14T15:52:25	[  5]  18.00-19.00  sec   445 MBytes  3.74 Gbits/sec  1170    228 KBytes       
2025-03-14T15:52:26	[  5]  19.00-20.00  sec   274 MBytes  2.30 Gbits/sec  786    254 KBytes       
2025-03-14T15:52:26	- - - - - - - - - - - - - - - - - - - - - - - - -
2025-03-14T15:52:26	[ ID] Interval           Transfer     Bitrate         Retr
2025-03-14T15:52:26	[  5]   0.00-20.00  sec  7.69 GBytes  3.30 Gbits/sec  20442            sender
2025-03-14T15:52:26	[  5]   0.00-20.00  sec  7.69 GBytes  3.30 Gbits/sec                  receiver
2025-03-14T15:52:26	
2025-03-14T15:52:26	iperf Done.
2025-03-14T15:52:28	Connecting to host nid005016, port 5201
2025-03-14T15:52:28	[  5] local 172.28.11.76 port 53330 connected to 172.28.11.72 port 5201
2025-03-14T15:52:29	[ ID] Interval           Transfer     Bitrate         Retr  Cwnd
2025-03-14T15:52:29	[  5]   0.00-1.00   sec  1.04 GBytes  8.92 Gbits/sec  1189    359 KBytes       
2025-03-14T15:52:30	[  5]   1.00-2.00   sec   557 MBytes  4.67 Gbits/sec  726    306 KBytes       
2025-03-14T15:52:31	[  5]   2.00-3.00   sec  1.14 GBytes  9.79 Gbits/sec  1306    385 KBytes       
2025-03-14T15:52:32	[  5]   3.00-4.00   sec  1.02 GBytes  8.72 Gbits/sec  1306    402 KBytes       
2025-03-14T15:52:33	[  5]   4.00-5.00   sec   944 MBytes  7.92 Gbits/sec  1198    298 KBytes       
2025-03-14T15:52:34	[  5]   5.00-6.00   sec  1.49 GBytes  12.8 Gbits/sec  2003    306 KBytes       
2025-03-14T15:52:35	[  5]   6.00-7.00   sec  1.36 GBytes  11.7 Gbits/sec  1588    228 KBytes       
2025-03-14T15:52:36	[  5]   7.00-8.00   sec  1.46 GBytes  12.5 Gbits/sec  1695    271 KBytes       
2025-03-14T15:52:37	[  5]   8.00-9.00   sec  1.22 GBytes  10.5 Gbits/sec  1552    201 KBytes       
2025-03-14T15:52:38	[  5]   9.00-10.00  sec  1.39 GBytes  11.9 Gbits/sec  1885    341 KBytes       
2025-03-14T15:52:39	[  5]  10.00-11.00  sec   907 MBytes  7.61 Gbits/sec  1167    446 KBytes       
2025-03-14T15:52:40	[  5]  11.00-12.00  sec   855 MBytes  7.17 Gbits/sec  1041    254 KBytes       
2025-03-14T15:52:41	[  5]  12.00-13.00  sec   528 MBytes  4.43 Gbits/sec  630    350 KBytes       
2025-03-14T15:52:42	[  5]  13.00-14.00  sec  1.07 GBytes  9.22 Gbits/sec  1426    306 KBytes       
2025-03-14T15:52:43	[  5]  14.00-15.00  sec  1.28 GBytes  11.0 Gbits/sec  1616    262 KBytes       
2025-03-14T15:52:44	[  5]  15.00-16.00  sec   251 MBytes  2.11 Gbits/sec  431    455 KBytes       
2025-03-14T15:52:45	[  5]  16.00-17.00  sec   426 MBytes  3.57 Gbits/sec  596    368 KBytes       
2025-03-14T15:52:46	[  5]  17.00-18.00  sec   493 MBytes  4.14 Gbits/sec  727    184 KBytes       
2025-03-14T15:52:47	[  5]  18.00-19.00  sec   776 MBytes  6.51 Gbits/sec  1010    324 KBytes       
2025-03-14T15:52:48	[  5]  19.00-20.00  sec  1.33 GBytes  11.4 Gbits/sec  1658    324 KBytes       
2025-03-14T15:52:48	- - - - - - - - - - - - - - - - - - - - - - - - -
2025-03-14T15:52:48	[ ID] Interval           Transfer     Bitrate         Retr
2025-03-14T15:52:48	[  5]   0.00-20.00  sec  19.4 GBytes  8.33 Gbits/sec  24750            sender
2025-03-14T15:52:48	[  5]   0.00-20.00  sec  19.4 GBytes  8.33 Gbits/sec                  receiver
2025-03-14T15:52:48	
2025-03-14T15:52:48	iperf Done.
2025-03-14T15:52:49	Connecting to host nid005016, port 5201
2025-03-14T15:52:49	[  5] local 172.28.11.76 port 36426 connected to 172.28.11.72 port 5201
2025-03-14T15:52:50	[ ID] Interval           Transfer     Bitrate         Retr  Cwnd
2025-03-14T15:52:50	[  5]   0.00-1.00   sec  3.02 GBytes  25.9 Gbits/sec   65    472 KBytes       
2025-03-14T15:52:51	[  5]   1.00-2.00   sec  3.03 GBytes  26.0 Gbits/sec    5    350 KBytes       
2025-03-14T15:52:52	[  5]   2.00-3.00   sec  3.04 GBytes  26.1 Gbits/sec   34    586 KBytes       
2025-03-14T15:52:53	[  5]   3.00-4.00   sec  3.03 GBytes  26.1 Gbits/sec   50    639 KBytes       
2025-03-14T15:52:54	[  5]   4.00-5.00   sec  3.02 GBytes  25.9 Gbits/sec    5    595 KBytes       
2025-03-14T15:52:55	[  5]   5.00-6.00   sec  3.04 GBytes  26.1 Gbits/sec    3    429 KBytes       
2025-03-14T15:52:56	[  5]   6.00-7.00   sec  3.05 GBytes  26.2 Gbits/sec    2    464 KBytes       
2025-03-14T15:52:57	[  5]   7.00-8.00   sec  3.03 GBytes  26.1 Gbits/sec   14    472 KBytes       
2025-03-14T15:52:58	[  5]   8.00-9.00   sec  3.04 GBytes  26.1 Gbits/sec    0    472 KBytes       
2025-03-14T15:52:59	[  5]   9.00-10.00  sec  3.04 GBytes  26.1 Gbits/sec    5    472 KBytes       
2025-03-14T15:53:00	[  5]  10.00-11.00  sec  3.03 GBytes  26.0 Gbits/sec    2    490 KBytes       
2025-03-14T15:53:01	[  5]  11.00-12.00  sec  3.03 GBytes  26.0 Gbits/sec    1    578 KBytes       
2025-03-14T15:53:02	[  5]  12.00-13.00  sec  3.04 GBytes  26.1 Gbits/sec    9    472 KBytes       
2025-03-14T15:53:03	[  5]  13.00-14.00  sec  3.03 GBytes  26.0 Gbits/sec    0    560 KBytes       
2025-03-14T15:53:04	[  5]  14.00-15.00  sec  3.02 GBytes  25.9 Gbits/sec    0    560 KBytes       
2025-03-14T15:53:05	[  5]  15.00-16.00  sec  3.04 GBytes  26.1 Gbits/sec    0    560 KBytes       
2025-03-14T15:53:06	[  5]  16.00-17.00  sec  3.04 GBytes  26.1 Gbits/sec    0    560 KBytes       
2025-03-14T15:53:07	[  5]  17.00-18.00  sec  3.04 GBytes  26.1 Gbits/sec    0    560 KBytes       
2025-03-14T15:53:08	[  5]  18.00-19.00  sec  3.03 GBytes  26.0 Gbits/sec    0    648 KBytes       
2025-03-14T15:53:09	[  5]  19.00-20.00  sec  3.04 GBytes  26.1 Gbits/sec    0    648 KBytes       
2025-03-14T15:53:09	- - - - - - - - - - - - - - - - - - - - - - - - -
2025-03-14T15:53:09	[ ID] Interval           Transfer     Bitrate         Retr
2025-03-14T15:53:09	[  5]   0.00-20.00  sec  60.7 GBytes  26.1 Gbits/sec  195            sender
2025-03-14T15:53:09	[  5]   0.00-20.00  sec  60.7 GBytes  26.1 Gbits/sec                  receiver
2025-03-14T15:53:09	
2025-03-14T15:53:09	iperf Done.
2025-03-14T15:53:10	Connecting to host nid005016, port 5201
2025-03-14T15:53:10	[  5] local 172.28.11.76 port 46548 connected to 172.28.11.72 port 5201
2025-03-14T15:53:11	[ ID] Interval           Transfer     Bitrate         Retr  Cwnd
2025-03-14T15:53:11	[  5]   0.00-1.00   sec  3.69 GBytes  31.6 Gbits/sec  193    376 KBytes       
2025-03-14T15:53:12	[  5]   1.00-2.00   sec  3.70 GBytes  31.8 Gbits/sec   81    630 KBytes       
2025-03-14T15:53:13	[  5]   2.00-3.00   sec  3.70 GBytes  31.8 Gbits/sec   17    630 KBytes       
2025-03-14T15:53:14	[  5]   3.00-4.00   sec  3.70 GBytes  31.8 Gbits/sec   16    560 KBytes       
2025-03-14T15:53:15	[  5]   4.00-5.00   sec  3.71 GBytes  31.9 Gbits/sec    7    525 KBytes       
2025-03-14T15:53:16	[  5]   5.00-6.00   sec  3.70 GBytes  31.8 Gbits/sec    5    525 KBytes       
2025-03-14T15:53:17	[  5]   6.00-7.00   sec  3.71 GBytes  31.8 Gbits/sec    2    656 KBytes       
2025-03-14T15:53:18	[  5]   7.00-8.00   sec  3.70 GBytes  31.8 Gbits/sec    1    639 KBytes       
2025-03-14T15:53:19	[  5]   8.00-9.00   sec  3.71 GBytes  31.8 Gbits/sec    3    560 KBytes       
2025-03-14T15:53:20	[  5]   9.00-10.00  sec  3.71 GBytes  31.8 Gbits/sec    2    578 KBytes       
2025-03-14T15:53:21	[  5]  10.00-11.00  sec  3.71 GBytes  31.9 Gbits/sec   10    796 KBytes       
2025-03-14T15:53:22	[  5]  11.00-12.00  sec  3.70 GBytes  31.7 Gbits/sec    2    674 KBytes       
2025-03-14T15:53:23	[  5]  12.00-13.00  sec  3.68 GBytes  31.6 Gbits/sec    4    560 KBytes       
2025-03-14T15:53:24	[  5]  13.00-14.00  sec  3.70 GBytes  31.8 Gbits/sec    5    472 KBytes       
2025-03-14T15:53:25	[  5]  14.00-15.00  sec  3.69 GBytes  31.7 Gbits/sec    0    639 KBytes       
2025-03-14T15:53:26	[  5]  15.00-16.00  sec  3.70 GBytes  31.8 Gbits/sec    1    586 KBytes       
2025-03-14T15:53:27	[  5]  16.00-17.00  sec  3.69 GBytes  31.7 Gbits/sec    0    612 KBytes       
2025-03-14T15:53:28	[  5]  17.00-18.00  sec  3.69 GBytes  31.7 Gbits/sec    2    586 KBytes       
2025-03-14T15:53:29	[  5]  18.00-19.00  sec  3.70 GBytes  31.8 Gbits/sec    2    525 KBytes       
2025-03-14T15:53:30	[  5]  19.00-20.00  sec  3.70 GBytes  31.8 Gbits/sec    0    525 KBytes       
2025-03-14T15:53:30	- - - - - - - - - - - - - - - - - - - - - - - - -
2025-03-14T15:53:30	[ ID] Interval           Transfer     Bitrate         Retr
2025-03-14T15:53:30	[  5]   0.00-20.00  sec  74.0 GBytes  31.8 Gbits/sec  353            sender
2025-03-14T15:53:30	[  5]   0.00-20.00  sec  74.0 GBytes  31.8 Gbits/sec                  receiver
2025-03-14T15:53:30	
2025-03-14T15:53:30	iperf Done.
2025-03-14T15:53:31	Connecting to host nid005016, port 5201
2025-03-14T15:53:31	[  5] local 172.28.11.76 port 55630 connected to 172.28.11.72 port 5201
2025-03-14T15:53:32	[ ID] Interval           Transfer     Bitrate         Retr  Cwnd
2025-03-14T15:53:32	[  5]   0.00-1.00   sec  3.07 GBytes  26.4 Gbits/sec   42    402 KBytes       
2025-03-14T15:53:33	[  5]   1.00-2.00   sec  3.17 GBytes  27.2 Gbits/sec   67    332 KBytes       
2025-03-14T15:53:34	[  5]   2.00-3.00   sec  3.20 GBytes  27.5 Gbits/sec   69    402 KBytes       
2025-03-14T15:53:35	[  5]   3.00-4.00   sec  3.19 GBytes  27.4 Gbits/sec   15    341 KBytes       
2025-03-14T15:53:36	[  5]   4.00-5.00   sec  3.17 GBytes  27.2 Gbits/sec   24    359 KBytes       
2025-03-14T15:53:37	[  5]   5.00-6.00   sec  3.18 GBytes  27.3 Gbits/sec   18    648 KBytes       
2025-03-14T15:53:38	[  5]   6.00-7.00   sec  3.18 GBytes  27.3 Gbits/sec    1    525 KBytes       
2025-03-14T15:53:39	[  5]   7.00-8.00   sec  3.18 GBytes  27.3 Gbits/sec   11    534 KBytes       
2025-03-14T15:53:40	[  5]   8.00-9.00   sec  3.18 GBytes  27.3 Gbits/sec    1    534 KBytes       
2025-03-14T15:53:41	[  5]   9.00-10.00  sec  3.18 GBytes  27.3 Gbits/sec    3    385 KBytes       
2025-03-14T15:53:42	[  5]  10.00-11.00  sec  3.18 GBytes  27.3 Gbits/sec    9    472 KBytes       
2025-03-14T15:53:43	[  5]  11.00-12.00  sec  3.18 GBytes  27.3 Gbits/sec   21    621 KBytes       
2025-03-14T15:53:44	[  5]  12.00-13.00  sec  3.14 GBytes  27.0 Gbits/sec    1    551 KBytes       
2025-03-14T15:53:45	[  5]  13.00-14.00  sec  3.17 GBytes  27.2 Gbits/sec    1    612 KBytes       
2025-03-14T15:53:46	[  5]  14.00-15.00  sec  3.17 GBytes  27.2 Gbits/sec   11    525 KBytes       
2025-03-14T15:53:47	[  5]  15.00-16.00  sec  3.18 GBytes  27.3 Gbits/sec    2    499 KBytes       
2025-03-14T15:53:48	[  5]  16.00-17.00  sec  3.16 GBytes  27.2 Gbits/sec    7    481 KBytes       
2025-03-14T15:53:49	[  5]  17.00-18.00  sec  3.14 GBytes  27.0 Gbits/sec    6    438 KBytes       
2025-03-14T15:53:50	[  5]  18.00-19.00  sec  3.18 GBytes  27.3 Gbits/sec    1    621 KBytes       
2025-03-14T15:53:51	[  5]  19.00-20.00  sec  3.16 GBytes  27.2 Gbits/sec    2    709 KBytes       
2025-03-14T15:53:51	- - - - - - - - - - - - - - - - - - - - - - - - -
2025-03-14T15:53:51	[ ID] Interval           Transfer     Bitrate         Retr
2025-03-14T15:53:51	[  5]   0.00-20.00  sec  63.4 GBytes  27.2 Gbits/sec  312            sender
2025-03-14T15:53:51	[  5]   0.00-20.00  sec  63.4 GBytes  27.2 Gbits/sec                  receiver
2025-03-14T15:53:51	
2025-03-14T15:53:51	iperf Done.
2025-03-14T15:53:53	Connecting to host nid005016, port 5201
2025-03-14T15:53:53	[  5] local 172.28.11.76 port 56952 connected to 172.28.11.72 port 5201
2025-03-14T15:53:54	[ ID] Interval           Transfer     Bitrate         Retr  Cwnd
2025-03-14T15:53:54	[  5]   0.00-1.00   sec   486 MBytes  4.07 Gbits/sec  1169    332 KBytes       
2025-03-14T15:53:55	[  5]   1.00-2.00   sec   369 MBytes  3.10 Gbits/sec  913    245 KBytes       
2025-03-14T15:53:56	[  5]   2.00-3.00   sec   626 MBytes  5.25 Gbits/sec  1441    262 KBytes       
2025-03-14T15:53:57	[  5]   3.00-4.00   sec   556 MBytes  4.66 Gbits/sec  1239    245 KBytes       
2025-03-14T15:53:58	[  5]   4.00-5.00   sec   611 MBytes  5.12 Gbits/sec  1356    280 KBytes       
2025-03-14T15:53:59	[  5]   5.00-6.00   sec   522 MBytes  4.38 Gbits/sec  1256    280 KBytes       
2025-03-14T15:54:00	[  5]   6.00-7.00   sec   480 MBytes  4.02 Gbits/sec  1091    298 KBytes       
2025-03-14T15:54:01	[  5]   7.00-8.00   sec   496 MBytes  4.16 Gbits/sec  1243    289 KBytes       
2025-03-14T15:54:02	[  5]   8.00-9.00   sec   477 MBytes  4.00 Gbits/sec  1108    280 KBytes       
2025-03-14T15:54:03	[  5]   9.00-10.00  sec   679 MBytes  5.69 Gbits/sec  1625    280 KBytes       
2025-03-14T15:54:04	[  5]  10.00-11.00  sec   242 MBytes  2.03 Gbits/sec  591    228 KBytes       
2025-03-14T15:54:05	[  5]  11.00-12.00  sec   736 MBytes  6.17 Gbits/sec  1597    280 KBytes       
2025-03-14T15:54:06	[  5]  12.00-13.00  sec   463 MBytes  3.88 Gbits/sec  1191    192 KBytes       
2025-03-14T15:54:07	[  5]  13.00-14.00  sec   474 MBytes  3.97 Gbits/sec  1095    262 KBytes       
2025-03-14T15:54:08	[  5]  14.00-15.00  sec   503 MBytes  4.22 Gbits/sec  1114    166 KBytes       
2025-03-14T15:54:09	[  5]  15.00-16.00  sec   242 MBytes  2.03 Gbits/sec  526    192 KBytes       
2025-03-14T15:54:10	[  5]  16.00-17.00  sec   535 MBytes  4.49 Gbits/sec  1149    219 KBytes       
2025-03-14T15:54:11	[  5]  17.00-18.00  sec   261 MBytes  2.19 Gbits/sec  613    245 KBytes       
2025-03-14T15:54:12	[  5]  18.00-19.00  sec   591 MBytes  4.96 Gbits/sec  1368    411 KBytes       
2025-03-14T15:54:13	[  5]  19.00-20.00  sec   733 MBytes  6.15 Gbits/sec  1702    245 KBytes       
2025-03-14T15:54:13	- - - - - - - - - - - - - - - - - - - - - - - - -
2025-03-14T15:54:13	[ ID] Interval           Transfer     Bitrate         Retr
2025-03-14T15:54:13	[  5]   0.00-20.00  sec  9.84 GBytes  4.23 Gbits/sec  23387            sender
2025-03-14T15:54:13	[  5]   0.00-20.00  sec  9.84 GBytes  4.23 Gbits/sec                  receiver
2025-03-14T15:54:13	
2025-03-14T15:54:13	iperf Done.
2025-03-14T15:54:14	Connecting to host nid005016, port 5201
2025-03-14T15:54:14	[  5] local 172.28.11.76 port 45166 connected to 172.28.11.72 port 5201
2025-03-14T15:54:15	[ ID] Interval           Transfer     Bitrate         Retr  Cwnd
2025-03-14T15:54:15	[  5]   0.00-1.00   sec  1.04 GBytes  8.94 Gbits/sec  1138    298 KBytes       
2025-03-14T15:54:16	[  5]   1.00-2.00   sec  1003 MBytes  8.41 Gbits/sec  1240    289 KBytes       
2025-03-14T15:54:17	[  5]   2.00-3.00   sec  1.04 GBytes  8.91 Gbits/sec  1459    298 KBytes       
2025-03-14T15:54:18	[  5]   3.00-4.00   sec  1.70 GBytes  14.6 Gbits/sec  2199    394 KBytes       
2025-03-14T15:54:19	[  5]   4.00-5.00   sec  1.32 GBytes  11.3 Gbits/sec  1767    385 KBytes       
2025-03-14T15:54:20	[  5]   5.00-6.00   sec   256 MBytes  2.15 Gbits/sec  421    368 KBytes       
2025-03-14T15:54:21	[  5]   6.00-7.00   sec  1.49 GBytes  12.8 Gbits/sec  1835    245 KBytes       
2025-03-14T15:54:22	[  5]   7.00-8.00   sec  1.19 GBytes  10.2 Gbits/sec  1603    332 KBytes       
2025-03-14T15:54:23	[  5]   8.00-9.00   sec  1.26 GBytes  10.9 Gbits/sec  1901    402 KBytes       
2025-03-14T15:54:24	[  5]   9.00-10.00  sec   721 MBytes  6.04 Gbits/sec  1002    359 KBytes       
2025-03-14T15:54:25	[  5]  10.00-11.00  sec   754 MBytes  6.32 Gbits/sec  947    341 KBytes       
2025-03-14T15:54:26	[  5]  11.00-12.00  sec   813 MBytes  6.82 Gbits/sec  977    350 KBytes       
2025-03-14T15:54:27	[  5]  12.00-13.00  sec  1.19 GBytes  10.2 Gbits/sec  1739    350 KBytes       
2025-03-14T15:54:28	[  5]  13.00-14.00  sec  1.28 GBytes  11.0 Gbits/sec  1830    236 KBytes       
2025-03-14T15:54:29	[  5]  14.00-15.00  sec  1.48 GBytes  12.7 Gbits/sec  2044    298 KBytes       
2025-03-14T15:54:30	[  5]  15.00-16.00  sec   473 MBytes  3.96 Gbits/sec  633    210 KBytes       
2025-03-14T15:54:31	[  5]  16.00-17.00  sec   346 MBytes  2.90 Gbits/sec  514    394 KBytes       
2025-03-14T15:54:32	[  5]  17.00-18.00  sec  1.27 GBytes  10.9 Gbits/sec  1695    394 KBytes       
2025-03-14T15:54:33	[  5]  18.00-19.00  sec  1.28 GBytes  11.0 Gbits/sec  1694   8.75 KBytes       
2025-03-14T15:54:34	[  5]  19.00-20.00  sec  1.41 GBytes  12.1 Gbits/sec  1794    385 KBytes       
2025-03-14T15:54:34	- - - - - - - - - - - - - - - - - - - - - - - - -
2025-03-14T15:54:34	[ ID] Interval           Transfer     Bitrate         Retr
2025-03-14T15:54:34	[  5]   0.00-20.00  sec  21.2 GBytes  9.11 Gbits/sec  28432            sender
2025-03-14T15:54:34	[  5]   0.00-20.00  sec  21.2 GBytes  9.11 Gbits/sec                  receiver
2025-03-14T15:54:34	
2025-03-14T15:54:34	iperf Done.
2025-03-14T15:54:36	Connecting to host nid005016, port 5201
2025-03-14T15:54:36	[  5] local 172.28.11.76 port 56006 connected to 172.28.11.72 port 5201
2025-03-14T15:54:37	[ ID] Interval           Transfer     Bitrate         Retr  Cwnd
2025-03-14T15:54:37	[  5]   0.00-1.00   sec   642 MBytes  5.38 Gbits/sec  1433    350 KBytes       
2025-03-14T15:54:38	[  5]   1.00-2.00   sec   178 MBytes  1.50 Gbits/sec  372    271 KBytes       
2025-03-14T15:54:39	[  5]   2.00-3.00   sec   294 MBytes  2.47 Gbits/sec  709    262 KBytes       
2025-03-14T15:54:40	[  5]   3.00-4.00   sec   347 MBytes  2.91 Gbits/sec  738    271 KBytes       
2025-03-14T15:54:41	[  5]   4.00-5.00   sec   254 MBytes  2.13 Gbits/sec  666    228 KBytes       
2025-03-14T15:54:42	[  5]   5.00-6.00   sec   642 MBytes  5.39 Gbits/sec  1413    184 KBytes       
2025-03-14T15:54:43	[  5]   6.00-7.00   sec   615 MBytes  5.16 Gbits/sec  1534    219 KBytes       
2025-03-14T15:54:44	[  5]   7.00-8.00   sec   366 MBytes  3.07 Gbits/sec  867    280 KBytes       
2025-03-14T15:54:45	[  5]   8.00-9.00   sec   607 MBytes  5.09 Gbits/sec  1330    262 KBytes       
2025-03-14T15:54:46	[  5]   9.00-10.00  sec   560 MBytes  4.70 Gbits/sec  1303    219 KBytes       
2025-03-14T15:54:47	[  5]  10.00-11.00  sec   531 MBytes  4.45 Gbits/sec  1130    324 KBytes       
2025-03-14T15:54:48	[  5]  11.00-12.00  sec   636 MBytes  5.33 Gbits/sec  1305    140 KBytes       
2025-03-14T15:54:49	[  5]  12.00-13.00  sec   507 MBytes  4.25 Gbits/sec  1106    341 KBytes       
2025-03-14T15:54:50	[  5]  13.00-14.00  sec   283 MBytes  2.38 Gbits/sec  635    271 KBytes       
2025-03-14T15:54:51	[  5]  14.00-15.00  sec  1.04 GBytes  8.95 Gbits/sec  2025    271 KBytes       
2025-03-14T15:54:52	[  5]  15.00-16.00  sec   396 MBytes  3.32 Gbits/sec  881    201 KBytes       
2025-03-14T15:54:53	[  5]  16.00-17.00  sec   586 MBytes  4.91 Gbits/sec  1388    245 KBytes       
2025-03-14T15:54:54	[  5]  17.00-18.00  sec   472 MBytes  3.96 Gbits/sec  1015    315 KBytes       
2025-03-14T15:54:55	[  5]  18.00-19.00  sec   260 MBytes  2.18 Gbits/sec  543    254 KBytes       
2025-03-14T15:54:56	[  5]  19.00-20.00  sec   235 MBytes  1.97 Gbits/sec  702    228 KBytes       
2025-03-14T15:54:56	- - - - - - - - - - - - - - - - - - - - - - - - -
2025-03-14T15:54:56	[ ID] Interval           Transfer     Bitrate         Retr
2025-03-14T15:54:56	[  5]   0.00-20.00  sec  9.26 GBytes  3.98 Gbits/sec  21095            sender
2025-03-14T15:54:56	[  5]   0.00-20.00  sec  9.25 GBytes  3.97 Gbits/sec                  receiver
2025-03-14T15:54:56	
2025-03-14T15:54:56	iperf Done.
2025-03-14T15:54:57	Connecting to host nid005016, port 5201
2025-03-14T15:54:57	[  5] local 172.28.11.76 port 37836 connected to 172.28.11.72 port 5201
2025-03-14T15:54:58	[ ID] Interval           Transfer     Bitrate         Retr  Cwnd
2025-03-14T15:54:58	[  5]   0.00-1.00   sec   137 MBytes  1.14 Gbits/sec  586    201 KBytes       
2025-03-14T15:54:59	[  5]   1.00-2.00   sec  75.0 MBytes   629 Mbits/sec  252    210 KBytes       
2025-03-14T15:55:00	[  5]   2.00-3.00   sec  56.5 MBytes   474 Mbits/sec  230    192 KBytes       
2025-03-14T15:55:01	[  5]   3.00-4.00   sec   105 MBytes   880 Mbits/sec  414    158 KBytes       
2025-03-14T15:55:02	[  5]   4.00-5.00   sec  28.1 MBytes   236 Mbits/sec  123    219 KBytes       
2025-03-14T15:55:03	[  5]   5.00-6.00   sec  58.5 MBytes   491 Mbits/sec  323    245 KBytes       
2025-03-14T15:55:04	[  5]   6.00-7.00   sec  79.9 MBytes   670 Mbits/sec  296    219 KBytes       
2025-03-14T15:55:05	[  5]   7.00-8.00   sec  53.6 MBytes   450 Mbits/sec  201    219 KBytes       
2025-03-14T15:55:06	[  5]   8.00-9.00   sec  76.2 MBytes   640 Mbits/sec  301    201 KBytes       
2025-03-14T15:55:07	[  5]   9.00-10.00  sec  69.0 MBytes   579 Mbits/sec  232    166 KBytes       
2025-03-14T15:55:08	[  5]  10.00-11.00  sec   114 MBytes   957 Mbits/sec  406    184 KBytes       
2025-03-14T15:55:09	[  5]  11.00-12.00  sec  58.1 MBytes   488 Mbits/sec  274    262 KBytes       
2025-03-14T15:55:10	[  5]  12.00-13.00  sec  56.5 MBytes   474 Mbits/sec  193    184 KBytes       
2025-03-14T15:55:11	[  5]  13.00-14.00  sec  21.9 MBytes   184 Mbits/sec   75    201 KBytes       
2025-03-14T15:55:12	[  5]  14.00-15.00  sec  51.4 MBytes   431 Mbits/sec  199    184 KBytes       
2025-03-14T15:55:13	[  5]  15.00-16.00  sec  39.6 MBytes   332 Mbits/sec  182    210 KBytes       
2025-03-14T15:55:14	[  5]  16.00-17.00  sec  32.4 MBytes   272 Mbits/sec  117    210 KBytes       
2025-03-14T15:55:15	[  5]  17.00-18.00  sec  49.4 MBytes   414 Mbits/sec  194    131 KBytes       
2025-03-14T15:55:16	[  5]  18.00-19.00  sec   126 MBytes  1.06 Gbits/sec  501    228 KBytes       
2025-03-14T15:55:17	[  5]  19.00-20.00  sec  52.0 MBytes   436 Mbits/sec  239    192 KBytes       
2025-03-14T15:55:17	- - - - - - - - - - - - - - - - - - - - - - - - -
2025-03-14T15:55:17	[ ID] Interval           Transfer     Bitrate         Retr
2025-03-14T15:55:17	[  5]   0.00-20.00  sec  1.31 GBytes   562 Mbits/sec  5338            sender
2025-03-14T15:55:17	[  5]   0.00-20.00  sec  1.31 GBytes   561 Mbits/sec                  receiver
2025-03-14T15:55:17	
2025-03-14T15:55:17	iperf Done.
2025-03-14T15:55:18	Connecting to host nid005016, port 5201
2025-03-14T15:55:18	[  5] local 172.28.11.76 port 58026 connected to 172.28.11.72 port 5201
2025-03-14T15:55:19	[ ID] Interval           Transfer     Bitrate         Retr  Cwnd
2025-03-14T15:55:19	[  5]   0.00-1.00   sec   159 MBytes  1.34 Gbits/sec  616   78.8 KBytes       
2025-03-14T15:55:20	[  5]   1.00-2.00   sec  57.9 MBytes   485 Mbits/sec  205    201 KBytes       
2025-03-14T15:55:21	[  5]   2.00-3.00   sec   100 MBytes   843 Mbits/sec  374    219 KBytes       
2025-03-14T15:55:22	[  5]   3.00-4.00   sec  28.0 MBytes   235 Mbits/sec  135    201 KBytes       
2025-03-14T15:55:23	[  5]   4.00-5.00   sec  26.8 MBytes   224 Mbits/sec  112    210 KBytes       
2025-03-14T15:55:24	[  5]   5.00-6.00   sec  82.1 MBytes   689 Mbits/sec  282    219 KBytes       
2025-03-14T15:55:25	[  5]   6.00-7.00   sec  69.5 MBytes   583 Mbits/sec  186    201 KBytes       
2025-03-14T15:55:26	[  5]   7.00-8.00   sec   158 MBytes  1.32 Gbits/sec  456    219 KBytes       
2025-03-14T15:55:27	[  5]   8.00-9.00   sec  81.2 MBytes   682 Mbits/sec  270    228 KBytes       
2025-03-14T15:55:28	[  5]   9.00-10.00  sec  59.4 MBytes   498 Mbits/sec  195    210 KBytes       
2025-03-14T15:55:29	[  5]  10.00-11.00  sec  68.4 MBytes   574 Mbits/sec  224    245 KBytes       
2025-03-14T15:55:30	[  5]  11.00-12.00  sec  31.6 MBytes   265 Mbits/sec  103    219 KBytes       
2025-03-14T15:55:31	[  5]  12.00-13.00  sec  97.9 MBytes   821 Mbits/sec  374    236 KBytes       
2025-03-14T15:55:32	[  5]  13.00-14.00  sec   169 MBytes  1.42 Gbits/sec  482    368 KBytes       
2025-03-14T15:55:33	[  5]  14.00-15.00  sec  23.8 MBytes   199 Mbits/sec   92    210 KBytes       
2025-03-14T15:55:34	[  5]  15.00-16.00  sec   103 MBytes   863 Mbits/sec  338    228 KBytes       
2025-03-14T15:55:35	[  5]  16.00-17.00  sec  46.6 MBytes   391 Mbits/sec  166    149 KBytes       
2025-03-14T15:55:36	[  5]  17.00-18.00  sec   144 MBytes  1.21 Gbits/sec  477    149 KBytes       
2025-03-14T15:55:37	[  5]  18.00-19.00  sec  33.8 MBytes   283 Mbits/sec  163    228 KBytes       
2025-03-14T15:55:38	[  5]  19.00-20.00  sec  48.6 MBytes   408 Mbits/sec  221    254 KBytes       
2025-03-14T15:55:38	- - - - - - - - - - - - - - - - - - - - - - - - -
2025-03-14T15:55:38	[ ID] Interval           Transfer     Bitrate         Retr
2025-03-14T15:55:38	[  5]   0.00-20.00  sec  1.55 GBytes   666 Mbits/sec  5471            sender
2025-03-14T15:55:38	[  5]   0.00-20.00  sec  1.55 GBytes   666 Mbits/sec                  receiver
2025-03-14T15:55:38	
2025-03-14T15:55:38	iperf Done.
2025-03-14T15:55:40	Connecting to host nid005016, port 5201
2025-03-14T15:55:40	[  5] local 172.28.11.76 port 46218 connected to 172.28.11.72 port 5201
2025-03-14T15:55:41	[ ID] Interval           Transfer     Bitrate         Retr  Cwnd
2025-03-14T15:55:41	[  5]   0.00-1.00   sec  2.26 GBytes  19.4 Gbits/sec  2907    368 KBytes       
2025-03-14T15:55:42	[  5]   1.00-2.00   sec  1.37 GBytes  11.7 Gbits/sec  1861    516 KBytes       
2025-03-14T15:55:43	[  5]   2.00-3.00   sec  1.40 GBytes  12.0 Gbits/sec  1837    385 KBytes       
2025-03-14T15:55:44	[  5]   3.00-4.00   sec  1.27 GBytes  10.9 Gbits/sec  1489    438 KBytes       
2025-03-14T15:55:45	[  5]   4.00-5.00   sec  1003 MBytes  8.41 Gbits/sec  1484    455 KBytes       
2025-03-14T15:55:46	[  5]   5.00-6.00   sec  1.51 GBytes  13.0 Gbits/sec  1799    262 KBytes       
2025-03-14T15:55:47	[  5]   6.00-7.00   sec  1.30 GBytes  11.2 Gbits/sec  1752    508 KBytes       
2025-03-14T15:55:48	[  5]   7.00-8.00   sec  1.44 GBytes  12.4 Gbits/sec  1795    446 KBytes       
2025-03-14T15:55:49	[  5]   8.00-9.00   sec  1.32 GBytes  11.3 Gbits/sec  1930    201 KBytes       
2025-03-14T15:55:50	[  5]   9.00-10.00  sec   643 MBytes  5.39 Gbits/sec  865    394 KBytes       
2025-03-14T15:55:51	[  5]  10.00-11.00  sec  1.07 GBytes  9.15 Gbits/sec  1379    429 KBytes       
2025-03-14T15:55:52	[  5]  11.00-12.00  sec  1.09 GBytes  9.35 Gbits/sec  1277    350 KBytes       
2025-03-14T15:55:53	[  5]  12.00-13.00  sec  1.43 GBytes  12.2 Gbits/sec  1829    341 KBytes       
2025-03-14T15:55:54	[  5]  13.00-14.00  sec  1.84 GBytes  15.8 Gbits/sec  2379    385 KBytes       
2025-03-14T15:55:55	[  5]  14.00-15.00  sec  1.06 GBytes  9.14 Gbits/sec  1542    438 KBytes       
2025-03-14T15:55:56	[  5]  15.00-16.00  sec  1.39 GBytes  11.9 Gbits/sec  1436    341 KBytes       
2025-03-14T15:55:57	[  5]  16.00-17.00  sec   714 MBytes  5.99 Gbits/sec  991    402 KBytes       
2025-03-14T15:55:58	[  5]  17.00-18.00  sec  1.59 GBytes  13.7 Gbits/sec  2042    332 KBytes       
2025-03-14T15:55:59	[  5]  18.00-19.00  sec  2.84 GBytes  24.4 Gbits/sec  3694    438 KBytes       
2025-03-14T15:56:00	[  5]  19.00-20.00  sec  1.02 GBytes  8.73 Gbits/sec  1305    350 KBytes       
2025-03-14T15:56:00	- - - - - - - - - - - - - - - - - - - - - - - - -
2025-03-14T15:56:00	[ ID] Interval           Transfer     Bitrate         Retr
2025-03-14T15:56:00	[  5]   0.00-20.00  sec  27.5 GBytes  11.8 Gbits/sec  35593            sender
2025-03-14T15:56:00	[  5]   0.00-20.00  sec  27.5 GBytes  11.8 Gbits/sec                  receiver
2025-03-14T15:56:00	
2025-03-14T15:56:00	iperf Done.
2025-03-14T15:56:01	Connecting to host nid005016, port 5201
2025-03-14T15:56:01	[  5] local 172.28.11.76 port 40066 connected to 172.28.11.72 port 5201
2025-03-14T15:56:02	[ ID] Interval           Transfer     Bitrate         Retr  Cwnd
2025-03-14T15:56:02	[  5]   0.00-1.00   sec   598 MBytes  5.01 Gbits/sec  1394    289 KBytes       
2025-03-14T15:56:03	[  5]   1.00-2.00   sec   545 MBytes  4.57 Gbits/sec  1385    210 KBytes       
2025-03-14T15:56:04	[  5]   2.00-3.00   sec   453 MBytes  3.80 Gbits/sec  1093    166 KBytes       
2025-03-14T15:56:05	[  5]   3.00-4.00   sec   793 MBytes  6.65 Gbits/sec  1828    201 KBytes       
2025-03-14T15:56:06	[  5]   4.00-5.00   sec   634 MBytes  5.32 Gbits/sec  1779    280 KBytes       
2025-03-14T15:56:07	[  5]   5.00-6.00   sec   310 MBytes  2.60 Gbits/sec  767    332 KBytes       
2025-03-14T15:56:08	[  5]   6.00-7.00   sec   255 MBytes  2.14 Gbits/sec  678    280 KBytes       
2025-03-14T15:56:09	[  5]   7.00-8.00   sec   476 MBytes  4.00 Gbits/sec  1239    236 KBytes       
2025-03-14T15:56:10	[  5]   8.00-9.00   sec   219 MBytes  1.84 Gbits/sec  536    175 KBytes       
2025-03-14T15:56:11	[  5]   9.00-10.00  sec   846 MBytes  7.09 Gbits/sec  2021    219 KBytes       
2025-03-14T15:56:12	[  5]  10.00-11.00  sec   730 MBytes  6.12 Gbits/sec  1858    254 KBytes       
2025-03-14T15:56:13	[  5]  11.00-12.00  sec   225 MBytes  1.89 Gbits/sec  591    219 KBytes       
2025-03-14T15:56:14	[  5]  12.00-13.00  sec   323 MBytes  2.71 Gbits/sec  808    184 KBytes       
2025-03-14T15:56:15	[  5]  13.00-14.00  sec   196 MBytes  1.64 Gbits/sec  531    402 KBytes       
2025-03-14T15:56:16	[  5]  14.00-15.00  sec   266 MBytes  2.23 Gbits/sec  639    280 KBytes       
2025-03-14T15:56:17	[  5]  15.00-16.00  sec   284 MBytes  2.38 Gbits/sec  683    236 KBytes       
2025-03-14T15:56:18	[  5]  16.00-17.00  sec   556 MBytes  4.66 Gbits/sec  1432    271 KBytes       
2025-03-14T15:56:19	[  5]  17.00-18.00  sec   518 MBytes  4.34 Gbits/sec  1359    271 KBytes       
2025-03-14T15:56:20	[  5]  18.00-19.00  sec   669 MBytes  5.61 Gbits/sec  1686    131 KBytes       
2025-03-14T15:56:21	[  5]  19.00-20.00  sec   521 MBytes  4.37 Gbits/sec  1307    262 KBytes       
2025-03-14T15:56:21	- - - - - - - - - - - - - - - - - - - - - - - - -
2025-03-14T15:56:21	[ ID] Interval           Transfer     Bitrate         Retr
2025-03-14T15:56:21	[  5]   0.00-20.00  sec  9.20 GBytes  3.95 Gbits/sec  23614            sender
2025-03-14T15:56:21	[  5]   0.00-20.00  sec  9.19 GBytes  3.95 Gbits/sec                  receiver
2025-03-14T15:56:21	
2025-03-14T15:56:21	iperf Done.
