server: nid002239 x1004c6s5b1n1
client: nid002240 x1004c6s6b0n0
2025-03-14T15:24:34	Connecting to host nid002239, port 5201
2025-03-14T15:24:34	[  5] local 172.28.7.152 port 57112 connected to 172.28.7.151 port 5201
2025-03-14T15:24:35	[ ID] Interval           Transfer     Bitrate         Retr  Cwnd
2025-03-14T15:24:35	[  5]   0.00-1.00   sec  3.09 GBytes  26.5 Gbits/sec    0   1.04 MBytes       
2025-03-14T15:24:36	[  5]   1.00-2.00   sec  3.09 GBytes  26.6 Gbits/sec    0   1.04 MBytes       
2025-03-14T15:24:37	[  5]   2.00-3.00   sec  3.09 GBytes  26.6 Gbits/sec    0   1.04 MBytes       
2025-03-14T15:24:38	[  5]   3.00-4.00   sec  3.09 GBytes  26.6 Gbits/sec    0   1.04 MBytes       
2025-03-14T15:24:39	[  5]   4.00-5.00   sec  3.09 GBytes  26.5 Gbits/sec    0   1.04 MBytes       
2025-03-14T15:24:39	- - - - - - - - - - - - - - - - - - - - - - - - -
2025-03-14T15:24:39	[ ID] Interval           Transfer     Bitrate         Retr
2025-03-14T15:24:39	[  5]   0.00-5.00   sec  15.5 GBytes  26.5 Gbits/sec    0            sender
2025-03-14T15:24:39	[  5]   0.00-5.00   sec  15.4 GBytes  26.5 Gbits/sec                  receiver
2025-03-14T15:24:39	
2025-03-14T15:24:39	iperf Done.
2025-03-14T15:24:40	Connecting to host nid002239, port 5201
2025-03-14T15:24:41	[  5] local 172.28.7.152 port 57142 connected to 172.28.7.151 port 5201
2025-03-14T15:24:42	[ ID] Interval           Transfer     Bitrate         Retr  Cwnd
2025-03-14T15:24:42	[  5]   0.00-1.00   sec  3.07 GBytes  26.4 Gbits/sec    0   2.11 MBytes       
2025-03-14T15:24:43	[  5]   1.00-2.00   sec  3.09 GBytes  26.5 Gbits/sec    0   2.11 MBytes       
2025-03-14T15:24:44	[  5]   2.00-3.00   sec  3.09 GBytes  26.5 Gbits/sec    0   2.11 MBytes       
2025-03-14T15:24:45	[  5]   3.00-4.00   sec  3.09 GBytes  26.6 Gbits/sec    0   2.11 MBytes       
2025-03-14T15:24:46	[  5]   4.00-5.00   sec  3.11 GBytes  26.7 Gbits/sec    0   2.11 MBytes       
2025-03-14T15:24:46	- - - - - - - - - - - - - - - - - - - - - - - - -
2025-03-14T15:24:46	[ ID] Interval           Transfer     Bitrate         Retr
2025-03-14T15:24:46	[  5]   0.00-5.00   sec  15.5 GBytes  26.5 Gbits/sec    0            sender
2025-03-14T15:24:46	[  5]   0.00-5.00   sec  15.4 GBytes  26.5 Gbits/sec                  receiver
2025-03-14T15:24:46	
2025-03-14T15:24:46	iperf Done.
2025-03-14T15:24:47	Connecting to host nid002239, port 5201
2025-03-14T15:24:47	[  5] local 172.28.7.152 port 40230 connected to 172.28.7.151 port 5201
2025-03-14T15:24:48	[ ID] Interval           Transfer     Bitrate         Retr  Cwnd
2025-03-14T15:24:48	[  5]   0.00-1.00   sec  3.03 GBytes  26.0 Gbits/sec    0   1.16 MBytes       
2025-03-14T15:24:49	[  5]   1.00-2.00   sec  3.04 GBytes  26.1 Gbits/sec    0   1.16 MBytes       
2025-03-14T15:24:50	[  5]   2.00-3.00   sec  3.05 GBytes  26.2 Gbits/sec    0   1.16 MBytes       
2025-03-14T15:24:51	[  5]   3.00-4.00   sec  3.04 GBytes  26.1 Gbits/sec    0   1.16 MBytes       
2025-03-14T15:24:52	[  5]   4.00-5.00   sec  3.05 GBytes  26.2 Gbits/sec    0   1.16 MBytes       
2025-03-14T15:24:52	- - - - - - - - - - - - - - - - - - - - - - - - -
2025-03-14T15:24:52	[ ID] Interval           Transfer     Bitrate         Retr
2025-03-14T15:24:52	[  5]   0.00-5.00   sec  15.2 GBytes  26.1 Gbits/sec    0            sender
2025-03-14T15:24:52	[  5]   0.00-5.00   sec  15.2 GBytes  26.1 Gbits/sec                  receiver
2025-03-14T15:24:52	
2025-03-14T15:24:52	iperf Done.
2025-03-14T15:24:53	Connecting to host nid002239, port 5201
2025-03-14T15:24:53	[  5] local 172.28.7.152 port 40244 connected to 172.28.7.151 port 5201
2025-03-14T15:24:54	[ ID] Interval           Transfer     Bitrate         Retr  Cwnd
2025-03-14T15:24:54	[  5]   0.00-1.00   sec  3.09 GBytes  26.5 Gbits/sec    0    770 KBytes       
2025-03-14T15:24:55	[  5]   1.00-2.00   sec  3.08 GBytes  26.4 Gbits/sec    0    770 KBytes       
2025-03-14T15:24:56	[  5]   2.00-3.00   sec  3.08 GBytes  26.5 Gbits/sec    0    770 KBytes       
2025-03-14T15:24:57	[  5]   3.00-4.00   sec  3.08 GBytes  26.5 Gbits/sec    0    858 KBytes       
2025-03-14T15:24:58	[  5]   4.00-5.00   sec  3.08 GBytes  26.5 Gbits/sec    0    858 KBytes       
2025-03-14T15:24:58	- - - - - - - - - - - - - - - - - - - - - - - - -
2025-03-14T15:24:58	[ ID] Interval           Transfer     Bitrate         Retr
2025-03-14T15:24:58	[  5]   0.00-5.00   sec  15.4 GBytes  26.5 Gbits/sec    0            sender
2025-03-14T15:24:58	[  5]   0.00-5.00   sec  15.4 GBytes  26.5 Gbits/sec                  receiver
2025-03-14T15:24:58	
2025-03-14T15:24:58	iperf Done.
2025-03-14T15:24:59	Connecting to host nid002239, port 5201
2025-03-14T15:24:59	[  5] local 172.28.7.152 port 51222 connected to 172.28.7.151 port 5201
2025-03-14T15:25:00	[ ID] Interval           Transfer     Bitrate         Retr  Cwnd
2025-03-14T15:25:00	[  5]   0.00-1.00   sec  3.04 GBytes  26.1 Gbits/sec    0   2.59 MBytes       
2025-03-14T15:25:01	[  5]   1.00-2.00   sec  3.07 GBytes  26.4 Gbits/sec    0   2.59 MBytes       
2025-03-14T15:25:02	[  5]   2.00-3.00   sec  3.05 GBytes  26.2 Gbits/sec    0   2.59 MBytes       
2025-03-14T15:25:03	[  5]   3.00-4.00   sec  3.08 GBytes  26.5 Gbits/sec    0   2.59 MBytes       
2025-03-14T15:25:04	[  5]   4.00-5.00   sec  3.07 GBytes  26.4 Gbits/sec    0   2.59 MBytes       
2025-03-14T15:25:04	- - - - - - - - - - - - - - - - - - - - - - - - -
2025-03-14T15:25:04	[ ID] Interval           Transfer     Bitrate         Retr
2025-03-14T15:25:04	[  5]   0.00-5.00   sec  15.3 GBytes  26.3 Gbits/sec    0            sender
2025-03-14T15:25:04	[  5]   0.00-5.00   sec  15.3 GBytes  26.3 Gbits/sec                  receiver
2025-03-14T15:25:04	
2025-03-14T15:25:04	iperf Done.
2025-03-14T15:25:06	Connecting to host nid002239, port 5201
2025-03-14T15:25:06	[  5] local 172.28.7.152 port 50844 connected to 172.28.7.151 port 5201
2025-03-14T15:25:07	[ ID] Interval           Transfer     Bitrate         Retr  Cwnd
2025-03-14T15:25:07	[  5]   0.00-1.00   sec  3.09 GBytes  26.5 Gbits/sec    0   1.52 MBytes       
2025-03-14T15:25:08	[  5]   1.00-2.00   sec  3.10 GBytes  26.7 Gbits/sec    0   1.52 MBytes       
2025-03-14T15:25:09	[  5]   2.00-3.00   sec  3.10 GBytes  26.6 Gbits/sec    0   1.52 MBytes       
2025-03-14T15:25:10	[  5]   3.00-4.00   sec  3.10 GBytes  26.6 Gbits/sec    0   1.52 MBytes       
2025-03-14T15:25:11	[  5]   4.00-5.00   sec  3.10 GBytes  26.6 Gbits/sec    0   1.52 MBytes       
2025-03-14T15:25:11	- - - - - - - - - - - - - - - - - - - - - - - - -
2025-03-14T15:25:11	[ ID] Interval           Transfer     Bitrate         Retr
2025-03-14T15:25:11	[  5]   0.00-5.00   sec  15.5 GBytes  26.6 Gbits/sec    0            sender
2025-03-14T15:25:11	[  5]   0.00-5.00   sec  15.5 GBytes  26.6 Gbits/sec                  receiver
2025-03-14T15:25:11	
2025-03-14T15:25:11	iperf Done.
2025-03-14T15:25:12	Connecting to host nid002239, port 5201
2025-03-14T15:25:12	[  5] local 172.28.7.152 port 50866 connected to 172.28.7.151 port 5201
2025-03-14T15:25:13	[ ID] Interval           Transfer     Bitrate         Retr  Cwnd
2025-03-14T15:25:13	[  5]   0.00-1.00   sec  3.63 GBytes  31.2 Gbits/sec    0   1.16 MBytes       
2025-03-14T15:25:14	[  5]   1.00-2.00   sec  3.63 GBytes  31.2 Gbits/sec    0   1.16 MBytes       
2025-03-14T15:25:15	[  5]   2.00-3.00   sec  3.63 GBytes  31.1 Gbits/sec    0   1.16 MBytes       
2025-03-14T15:25:16	[  5]   3.00-4.00   sec  3.64 GBytes  31.3 Gbits/sec    0   1.16 MBytes       
2025-03-14T15:25:17	[  5]   4.00-5.00   sec  3.64 GBytes  31.2 Gbits/sec    0   1.16 MBytes       
2025-03-14T15:25:17	- - - - - - - - - - - - - - - - - - - - - - - - -
2025-03-14T15:25:17	[ ID] Interval           Transfer     Bitrate         Retr
2025-03-14T15:25:17	[  5]   0.00-5.00   sec  18.2 GBytes  31.2 Gbits/sec    0            sender
2025-03-14T15:25:17	[  5]   0.00-5.00   sec  18.2 GBytes  31.2 Gbits/sec                  receiver
2025-03-14T15:25:17	
2025-03-14T15:25:17	iperf Done.
2025-03-14T15:25:18	Connecting to host nid002239, port 5201
2025-03-14T15:25:18	[  5] local 172.28.7.152 port 40884 connected to 172.28.7.151 port 5201
2025-03-14T15:25:19	[ ID] Interval           Transfer     Bitrate         Retr  Cwnd
2025-03-14T15:25:19	[  5]   0.00-1.00   sec  2.92 GBytes  25.1 Gbits/sec    0   1.54 MBytes       
2025-03-14T15:25:20	[  5]   1.00-2.00   sec  2.94 GBytes  25.3 Gbits/sec    0   1.54 MBytes       
2025-03-14T15:25:21	[  5]   2.00-3.00   sec  2.94 GBytes  25.3 Gbits/sec    0   1.54 MBytes       
2025-03-14T15:25:22	[  5]   3.00-4.00   sec  2.94 GBytes  25.3 Gbits/sec    0   1.54 MBytes       
2025-03-14T15:25:23	[  5]   4.00-5.00   sec  2.94 GBytes  25.2 Gbits/sec    0   1.54 MBytes       
2025-03-14T15:25:23	- - - - - - - - - - - - - - - - - - - - - - - - -
2025-03-14T15:25:23	[ ID] Interval           Transfer     Bitrate         Retr
2025-03-14T15:25:23	[  5]   0.00-5.00   sec  14.7 GBytes  25.2 Gbits/sec    0            sender
2025-03-14T15:25:23	[  5]   0.00-5.00   sec  14.7 GBytes  25.2 Gbits/sec                  receiver
2025-03-14T15:25:23	
2025-03-14T15:25:23	iperf Done.
2025-03-14T15:25:24	Connecting to host nid002239, port 5201
2025-03-14T15:25:24	[  5] local 172.28.7.152 port 45346 connected to 172.28.7.151 port 5201
2025-03-14T15:25:25	[ ID] Interval           Transfer     Bitrate         Retr  Cwnd
2025-03-14T15:25:25	[  5]   0.00-1.00   sec  3.09 GBytes  26.5 Gbits/sec    0   1.67 MBytes       
2025-03-14T15:25:26	[  5]   1.00-2.00   sec  3.09 GBytes  26.6 Gbits/sec    0   1.67 MBytes       
2025-03-14T15:25:27	[  5]   2.00-3.00   sec  3.09 GBytes  26.5 Gbits/sec    0   1.67 MBytes       
2025-03-14T15:25:28	[  5]   3.00-4.00   sec  3.08 GBytes  26.5 Gbits/sec    0   1.78 MBytes       
2025-03-14T15:25:29	[  5]   4.00-5.00   sec  3.08 GBytes  26.5 Gbits/sec    0   1.78 MBytes       
2025-03-14T15:25:29	- - - - - - - - - - - - - - - - - - - - - - - - -
2025-03-14T15:25:29	[ ID] Interval           Transfer     Bitrate         Retr
2025-03-14T15:25:29	[  5]   0.00-5.00   sec  15.4 GBytes  26.5 Gbits/sec    0            sender
2025-03-14T15:25:29	[  5]   0.00-5.00   sec  15.4 GBytes  26.5 Gbits/sec                  receiver
2025-03-14T15:25:29	
2025-03-14T15:25:29	iperf Done.
2025-03-14T15:25:31	Connecting to host nid002239, port 5201
2025-03-14T15:25:31	[  5] local 172.28.7.152 port 45354 connected to 172.28.7.151 port 5201
2025-03-14T15:25:32	[ ID] Interval           Transfer     Bitrate         Retr  Cwnd
2025-03-14T15:25:32	[  5]   0.00-1.00   sec  3.01 GBytes  25.8 Gbits/sec    0   1.47 MBytes       
2025-03-14T15:25:33	[  5]   1.00-2.00   sec  3.03 GBytes  26.0 Gbits/sec    0   1.47 MBytes       
2025-03-14T15:25:34	[  5]   2.00-3.00   sec  3.01 GBytes  25.8 Gbits/sec    0   1.47 MBytes       
2025-03-14T15:25:35	[  5]   3.00-4.00   sec  3.01 GBytes  25.8 Gbits/sec    0   1.47 MBytes       
2025-03-14T15:25:36	[  5]   4.00-5.00   sec  3.02 GBytes  25.9 Gbits/sec    0   1.47 MBytes       
2025-03-14T15:25:36	- - - - - - - - - - - - - - - - - - - - - - - - -
2025-03-14T15:25:36	[ ID] Interval           Transfer     Bitrate         Retr
2025-03-14T15:25:36	[  5]   0.00-5.00   sec  15.1 GBytes  25.9 Gbits/sec    0            sender
2025-03-14T15:25:36	[  5]   0.00-5.00   sec  15.1 GBytes  25.9 Gbits/sec                  receiver
2025-03-14T15:25:36	
2025-03-14T15:25:36	iperf Done.
2025-03-14T15:25:37	Connecting to host nid002239, port 5201
2025-03-14T15:25:37	[  5] local 172.28.7.152 port 56716 connected to 172.28.7.151 port 5201
2025-03-14T15:25:38	[ ID] Interval           Transfer     Bitrate         Retr  Cwnd
2025-03-14T15:25:38	[  5]   0.00-1.00   sec  3.56 GBytes  30.5 Gbits/sec    0   1.81 MBytes       
2025-03-14T15:25:39	[  5]   1.00-2.00   sec  3.56 GBytes  30.6 Gbits/sec    0   1.81 MBytes       
2025-03-14T15:25:40	[  5]   2.00-3.00   sec  3.57 GBytes  30.7 Gbits/sec    0   1.81 MBytes       
2025-03-14T15:25:41	[  5]   3.00-4.00   sec  3.57 GBytes  30.7 Gbits/sec    0   1.81 MBytes       
2025-03-14T15:25:42	[  5]   4.00-5.00   sec  3.58 GBytes  30.7 Gbits/sec    0   1.81 MBytes       
2025-03-14T15:25:42	- - - - - - - - - - - - - - - - - - - - - - - - -
2025-03-14T15:25:42	[ ID] Interval           Transfer     Bitrate         Retr
2025-03-14T15:25:42	[  5]   0.00-5.00   sec  17.8 GBytes  30.6 Gbits/sec    0            sender
2025-03-14T15:25:42	[  5]   0.00-5.00   sec  17.8 GBytes  30.6 Gbits/sec                  receiver
2025-03-14T15:25:42	
2025-03-14T15:25:42	iperf Done.
2025-03-14T15:25:43	Connecting to host nid002239, port 5201
2025-03-14T15:25:43	[  5] local 172.28.7.152 port 56732 connected to 172.28.7.151 port 5201
2025-03-14T15:25:44	[ ID] Interval           Transfer     Bitrate         Retr  Cwnd
2025-03-14T15:25:44	[  5]   0.00-1.00   sec  3.46 GBytes  29.7 Gbits/sec    0   1.34 MBytes       
2025-03-14T15:25:45	[  5]   1.00-2.00   sec  3.49 GBytes  30.0 Gbits/sec    0   1.34 MBytes       
2025-03-14T15:25:46	[  5]   2.00-3.00   sec  3.49 GBytes  30.0 Gbits/sec    0   1.34 MBytes       
2025-03-14T15:25:47	[  5]   3.00-4.00   sec  3.49 GBytes  30.0 Gbits/sec    0   1.34 MBytes       
2025-03-14T15:25:48	[  5]   4.00-5.00   sec  3.49 GBytes  30.0 Gbits/sec    0   1.34 MBytes       
2025-03-14T15:25:48	- - - - - - - - - - - - - - - - - - - - - - - - -
2025-03-14T15:25:48	[ ID] Interval           Transfer     Bitrate         Retr
2025-03-14T15:25:48	[  5]   0.00-5.00   sec  17.4 GBytes  29.9 Gbits/sec    0            sender
2025-03-14T15:25:48	[  5]   0.00-5.00   sec  17.4 GBytes  29.9 Gbits/sec                  receiver
2025-03-14T15:25:48	
2025-03-14T15:25:48	iperf Done.
2025-03-14T15:25:50	Connecting to host nid002239, port 5201
2025-03-14T15:25:50	[  5] local 172.28.7.152 port 40256 connected to 172.28.7.151 port 5201
2025-03-14T15:25:51	[ ID] Interval           Transfer     Bitrate         Retr  Cwnd
2025-03-14T15:25:51	[  5]   0.00-1.00   sec  3.43 GBytes  29.5 Gbits/sec    0   1.79 MBytes       
2025-03-14T15:25:52	[  5]   1.00-2.00   sec  3.43 GBytes  29.5 Gbits/sec    0   1.79 MBytes       
2025-03-14T15:25:53	[  5]   2.00-3.00   sec  3.44 GBytes  29.5 Gbits/sec    0   1.79 MBytes       
2025-03-14T15:25:54	[  5]   3.00-4.00   sec  3.43 GBytes  29.5 Gbits/sec    0   1.79 MBytes       
2025-03-14T15:25:55	[  5]   4.00-5.00   sec  3.45 GBytes  29.6 Gbits/sec    0   1.79 MBytes       
2025-03-14T15:25:55	- - - - - - - - - - - - - - - - - - - - - - - - -
2025-03-14T15:25:55	[ ID] Interval           Transfer     Bitrate         Retr
2025-03-14T15:25:55	[  5]   0.00-5.00   sec  17.2 GBytes  29.5 Gbits/sec    0            sender
2025-03-14T15:25:55	[  5]   0.00-5.00   sec  17.2 GBytes  29.5 Gbits/sec                  receiver
2025-03-14T15:25:55	
2025-03-14T15:25:55	iperf Done.
2025-03-14T15:25:56	Connecting to host nid002239, port 5201
2025-03-14T15:25:56	[  5] local 172.28.7.152 port 41038 connected to 172.28.7.151 port 5201
2025-03-14T15:25:57	[ ID] Interval           Transfer     Bitrate         Retr  Cwnd
2025-03-14T15:25:57	[  5]   0.00-1.00   sec  3.18 GBytes  27.3 Gbits/sec    0    971 KBytes       
2025-03-14T15:25:58	[  5]   1.00-2.00   sec  3.18 GBytes  27.3 Gbits/sec    0   1024 KBytes       
2025-03-14T15:25:59	[  5]   2.00-3.00   sec  3.18 GBytes  27.4 Gbits/sec    0   1024 KBytes       
2025-03-14T15:26:00	[  5]   3.00-4.00   sec  3.18 GBytes  27.3 Gbits/sec    0   1024 KBytes       
2025-03-14T15:26:01	[  5]   4.00-5.00   sec  3.18 GBytes  27.3 Gbits/sec    0   1024 KBytes       
2025-03-14T15:26:01	- - - - - - - - - - - - - - - - - - - - - - - - -
2025-03-14T15:26:01	[ ID] Interval           Transfer     Bitrate         Retr
2025-03-14T15:26:01	[  5]   0.00-5.00   sec  15.9 GBytes  27.3 Gbits/sec    0            sender
2025-03-14T15:26:01	[  5]   0.00-5.00   sec  15.9 GBytes  27.3 Gbits/sec                  receiver
2025-03-14T15:26:01	
2025-03-14T15:26:01	iperf Done.
2025-03-14T15:26:02	Connecting to host nid002239, port 5201
2025-03-14T15:26:02	[  5] local 172.28.7.152 port 41056 connected to 172.28.7.151 port 5201
2025-03-14T15:26:03	[ ID] Interval           Transfer     Bitrate         Retr  Cwnd
2025-03-14T15:26:03	[  5]   0.00-1.00   sec  3.10 GBytes  26.6 Gbits/sec    0   1.32 MBytes       
2025-03-14T15:26:04	[  5]   1.00-2.00   sec  3.12 GBytes  26.8 Gbits/sec    0   1.32 MBytes       
2025-03-14T15:26:05	[  5]   2.00-3.00   sec  3.11 GBytes  26.7 Gbits/sec    0   1.32 MBytes       
2025-03-14T15:26:06	[  5]   3.00-4.00   sec  3.13 GBytes  26.9 Gbits/sec    0   1.32 MBytes       
2025-03-14T15:26:07	[  5]   4.00-5.00   sec  3.13 GBytes  26.9 Gbits/sec    0   1.32 MBytes       
2025-03-14T15:26:07	- - - - - - - - - - - - - - - - - - - - - - - - -
2025-03-14T15:26:07	[ ID] Interval           Transfer     Bitrate         Retr
2025-03-14T15:26:07	[  5]   0.00-5.00   sec  15.6 GBytes  26.8 Gbits/sec    0            sender
2025-03-14T15:26:07	[  5]   0.00-5.00   sec  15.6 GBytes  26.8 Gbits/sec                  receiver
2025-03-14T15:26:07	
2025-03-14T15:26:07	iperf Done.
2025-03-14T15:26:09	Connecting to host nid002239, port 5201
2025-03-14T15:26:09	[  5] local 172.28.7.152 port 52822 connected to 172.28.7.151 port 5201
2025-03-14T15:26:10	[ ID] Interval           Transfer     Bitrate         Retr  Cwnd
2025-03-14T15:26:10	[  5]   0.00-1.00   sec  2.99 GBytes  25.7 Gbits/sec    0   1.20 MBytes       
2025-03-14T15:26:11	[  5]   1.00-2.00   sec  2.98 GBytes  25.6 Gbits/sec    0   1.38 MBytes       
2025-03-14T15:26:12	[  5]   2.00-3.00   sec  2.98 GBytes  25.6 Gbits/sec    0   1.38 MBytes       
2025-03-14T15:26:13	[  5]   3.00-4.00   sec  2.99 GBytes  25.7 Gbits/sec    0   1.38 MBytes       
2025-03-14T15:26:14	[  5]   4.00-5.00   sec  3.00 GBytes  25.7 Gbits/sec    0   1.38 MBytes       
2025-03-14T15:26:14	- - - - - - - - - - - - - - - - - - - - - - - - -
2025-03-14T15:26:14	[ ID] Interval           Transfer     Bitrate         Retr
2025-03-14T15:26:14	[  5]   0.00-5.00   sec  14.9 GBytes  25.7 Gbits/sec    0            sender
2025-03-14T15:26:14	[  5]   0.00-5.00   sec  14.9 GBytes  25.7 Gbits/sec                  receiver
2025-03-14T15:26:14	
2025-03-14T15:26:14	iperf Done.
2025-03-14T15:26:15	Connecting to host nid002239, port 5201
2025-03-14T15:26:15	[  5] local 172.28.7.152 port 57246 connected to 172.28.7.151 port 5201
2025-03-14T15:26:16	[ ID] Interval           Transfer     Bitrate         Retr  Cwnd
2025-03-14T15:26:16	[  5]   0.00-1.00   sec  3.56 GBytes  30.6 Gbits/sec    0   2.08 MBytes       
2025-03-14T15:26:17	[  5]   1.00-2.00   sec  3.62 GBytes  31.1 Gbits/sec    0   2.08 MBytes       
2025-03-14T15:26:18	[  5]   2.00-3.00   sec  3.63 GBytes  31.1 Gbits/sec    0   2.08 MBytes       
2025-03-14T15:26:19	[  5]   3.00-4.00   sec  3.65 GBytes  31.4 Gbits/sec    0   2.08 MBytes       
2025-03-14T15:26:20	[  5]   4.00-5.00   sec  3.64 GBytes  31.3 Gbits/sec    0   2.08 MBytes       
2025-03-14T15:26:20	- - - - - - - - - - - - - - - - - - - - - - - - -
2025-03-14T15:26:20	[ ID] Interval           Transfer     Bitrate         Retr
2025-03-14T15:26:20	[  5]   0.00-5.00   sec  18.1 GBytes  31.1 Gbits/sec    0            sender
2025-03-14T15:26:20	[  5]   0.00-5.00   sec  18.1 GBytes  31.1 Gbits/sec                  receiver
2025-03-14T15:26:20	
2025-03-14T15:26:20	iperf Done.
2025-03-14T15:26:21	Connecting to host nid002239, port 5201
2025-03-14T15:26:21	[  5] local 172.28.7.152 port 57258 connected to 172.28.7.151 port 5201
2025-03-14T15:26:22	[ ID] Interval           Transfer     Bitrate         Retr  Cwnd
2025-03-14T15:26:22	[  5]   0.00-1.00   sec  3.21 GBytes  27.6 Gbits/sec    0   1.74 MBytes       
2025-03-14T15:26:23	[  5]   1.00-2.00   sec  3.21 GBytes  27.6 Gbits/sec    0   1.84 MBytes       
2025-03-14T15:26:24	[  5]   2.00-3.00   sec  3.21 GBytes  27.6 Gbits/sec    0   1.84 MBytes       
2025-03-14T15:26:25	[  5]   3.00-4.00   sec  3.22 GBytes  27.6 Gbits/sec    0   1.84 MBytes       
2025-03-14T15:26:26	[  5]   4.00-5.00   sec  3.22 GBytes  27.7 Gbits/sec    0   1.84 MBytes       
2025-03-14T15:26:26	- - - - - - - - - - - - - - - - - - - - - - - - -
2025-03-14T15:26:26	[ ID] Interval           Transfer     Bitrate         Retr
2025-03-14T15:26:26	[  5]   0.00-5.00   sec  16.1 GBytes  27.6 Gbits/sec    0            sender
2025-03-14T15:26:26	[  5]   0.00-5.00   sec  16.1 GBytes  27.6 Gbits/sec                  receiver
2025-03-14T15:26:26	
2025-03-14T15:26:26	iperf Done.
2025-03-14T15:26:27	Connecting to host nid002239, port 5201
2025-03-14T15:26:27	[  5] local 172.28.7.152 port 51234 connected to 172.28.7.151 port 5201
2025-03-14T15:26:28	[ ID] Interval           Transfer     Bitrate         Retr  Cwnd
2025-03-14T15:26:28	[  5]   0.00-1.00   sec  3.07 GBytes  26.4 Gbits/sec    0   1.65 MBytes       
2025-03-14T15:26:29	[  5]   1.00-2.00   sec  3.08 GBytes  26.5 Gbits/sec    0   1.73 MBytes       
2025-03-14T15:26:30	[  5]   2.00-3.00   sec  3.08 GBytes  26.4 Gbits/sec    0   1.73 MBytes       
2025-03-14T15:26:31	[  5]   3.00-4.00   sec  3.08 GBytes  26.4 Gbits/sec    0   1.73 MBytes       
2025-03-14T15:26:32	[  5]   4.00-5.00   sec  3.08 GBytes  26.4 Gbits/sec    0   1.73 MBytes       
2025-03-14T15:26:32	- - - - - - - - - - - - - - - - - - - - - - - - -
2025-03-14T15:26:32	[ ID] Interval           Transfer     Bitrate         Retr
2025-03-14T15:26:32	[  5]   0.00-5.00   sec  15.4 GBytes  26.4 Gbits/sec    0            sender
2025-03-14T15:26:32	[  5]   0.00-5.00   sec  15.4 GBytes  26.4 Gbits/sec                  receiver
2025-03-14T15:26:32	
2025-03-14T15:26:32	iperf Done.
2025-03-14T15:26:34	Connecting to host nid002239, port 5201
2025-03-14T15:26:34	[  5] local 172.28.7.152 port 51244 connected to 172.28.7.151 port 5201
2025-03-14T15:26:35	[ ID] Interval           Transfer     Bitrate         Retr  Cwnd
2025-03-14T15:26:35	[  5]   0.00-1.00   sec  3.19 GBytes  27.4 Gbits/sec    0   1.38 MBytes       
2025-03-14T15:26:36	[  5]   1.00-2.00   sec  3.19 GBytes  27.4 Gbits/sec    0   1.38 MBytes       
2025-03-14T15:26:37	[  5]   2.00-3.00   sec  3.14 GBytes  27.0 Gbits/sec    0   1.38 MBytes       
2025-03-14T15:26:38	[  5]   3.00-4.00   sec  3.14 GBytes  27.0 Gbits/sec    0   1.38 MBytes       
2025-03-14T15:26:39	[  5]   4.00-5.00   sec  3.14 GBytes  27.0 Gbits/sec    0   1.38 MBytes       
2025-03-14T15:26:39	- - - - - - - - - - - - - - - - - - - - - - - - -
2025-03-14T15:26:39	[ ID] Interval           Transfer     Bitrate         Retr
2025-03-14T15:26:39	[  5]   0.00-5.00   sec  15.8 GBytes  27.1 Gbits/sec    0            sender
2025-03-14T15:26:39	[  5]   0.00-5.00   sec  15.8 GBytes  27.1 Gbits/sec                  receiver
2025-03-14T15:26:39	
2025-03-14T15:26:39	iperf Done.
