server: nid002246 x1004c6s7b1n0
client: nid002247 x1004c6s7b1n1
2025-03-14T15:53:51	Connecting to host nid002246, port 5201
2025-03-14T15:53:51	[  5] local 172.28.7.159 port 36342 connected to 172.28.7.158 port 5201
2025-03-14T15:53:52	[ ID] Interval           Transfer     Bitrate         Retr  Cwnd
2025-03-14T15:53:52	[  5]   0.00-1.00   sec  3.17 GBytes  27.2 Gbits/sec    0   1.91 MBytes       
2025-03-14T15:53:53	[  5]   1.00-2.00   sec  3.19 GBytes  27.4 Gbits/sec    0   1.91 MBytes       
2025-03-14T15:53:54	[  5]   2.00-3.00   sec  3.18 GBytes  27.3 Gbits/sec    0   1.91 MBytes       
2025-03-14T15:53:55	[  5]   3.00-4.00   sec  3.17 GBytes  27.3 Gbits/sec    0   1.91 MBytes       
2025-03-14T15:53:56	[  5]   4.00-5.00   sec  3.18 GBytes  27.3 Gbits/sec    0   1.91 MBytes       
2025-03-14T15:53:57	[  5]   5.00-6.00   sec  3.17 GBytes  27.3 Gbits/sec    0   1.91 MBytes       
2025-03-14T15:53:58	[  5]   6.00-7.00   sec  3.18 GBytes  27.3 Gbits/sec    0   1.91 MBytes       
2025-03-14T15:53:59	[  5]   7.00-8.00   sec  3.18 GBytes  27.3 Gbits/sec    0   1.91 MBytes       
2025-03-14T15:54:00	[  5]   8.00-9.00   sec  3.18 GBytes  27.3 Gbits/sec    0   1.91 MBytes       
2025-03-14T15:54:01	[  5]   9.00-10.00  sec  3.18 GBytes  27.3 Gbits/sec    0   1.91 MBytes       
2025-03-14T15:54:02	[  5]  10.00-11.00  sec  3.18 GBytes  27.3 Gbits/sec    0   1.91 MBytes       
2025-03-14T15:54:03	[  5]  11.00-12.00  sec  3.17 GBytes  27.3 Gbits/sec    0   1.91 MBytes       
2025-03-14T15:54:04	[  5]  12.00-13.00  sec  3.18 GBytes  27.3 Gbits/sec    0   2.91 MBytes       
2025-03-14T15:54:05	[  5]  13.00-14.00  sec  3.18 GBytes  27.3 Gbits/sec    0   2.91 MBytes       
2025-03-14T15:54:06	[  5]  14.00-15.00  sec  3.18 GBytes  27.3 Gbits/sec    0   2.91 MBytes       
2025-03-14T15:54:07	[  5]  15.00-16.00  sec  3.18 GBytes  27.3 Gbits/sec    0   2.91 MBytes       
2025-03-14T15:54:08	[  5]  16.00-17.00  sec  3.18 GBytes  27.4 Gbits/sec    0   2.91 MBytes       
2025-03-14T15:54:09	[  5]  17.00-18.00  sec  3.20 GBytes  27.5 Gbits/sec    0   2.91 MBytes       
2025-03-14T15:54:10	[  5]  18.00-19.00  sec  3.18 GBytes  27.3 Gbits/sec    0   2.91 MBytes       
2025-03-14T15:54:11	[  5]  19.00-20.00  sec  3.18 GBytes  27.3 Gbits/sec    0   2.91 MBytes       
2025-03-14T15:54:11	- - - - - - - - - - - - - - - - - - - - - - - - -
2025-03-14T15:54:11	[ ID] Interval           Transfer     Bitrate         Retr
2025-03-14T15:54:11	[  5]   0.00-20.00  sec  63.6 GBytes  27.3 Gbits/sec    0            sender
2025-03-14T15:54:11	[  5]   0.00-20.00  sec  63.6 GBytes  27.3 Gbits/sec                  receiver
2025-03-14T15:54:11	
2025-03-14T15:54:11	iperf Done.
2025-03-14T15:54:12	Connecting to host nid002246, port 5201
2025-03-14T15:54:12	[  5] local 172.28.7.159 port 34794 connected to 172.28.7.158 port 5201
2025-03-14T15:54:13	[ ID] Interval           Transfer     Bitrate         Retr  Cwnd
2025-03-14T15:54:13	[  5]   0.00-1.00   sec  3.02 GBytes  25.9 Gbits/sec    0   1.39 MBytes       
2025-03-14T15:54:14	[  5]   1.00-2.00   sec  3.03 GBytes  26.0 Gbits/sec    0   1.47 MBytes       
2025-03-14T15:54:15	[  5]   2.00-3.00   sec  3.03 GBytes  26.0 Gbits/sec    0   1.47 MBytes       
2025-03-14T15:54:16	[  5]   3.00-4.00   sec  3.02 GBytes  25.9 Gbits/sec    0   1.47 MBytes       
2025-03-14T15:54:17	[  5]   4.00-5.00   sec  3.03 GBytes  26.0 Gbits/sec    0   1.47 MBytes       
2025-03-14T15:54:18	[  5]   5.00-6.00   sec  3.03 GBytes  26.0 Gbits/sec    0   1.47 MBytes       
2025-03-14T15:54:19	[  5]   6.00-7.00   sec  3.02 GBytes  25.9 Gbits/sec    0   1.47 MBytes       
2025-03-14T15:54:20	[  5]   7.00-8.00   sec  3.03 GBytes  26.0 Gbits/sec    0   1.47 MBytes       
2025-03-14T15:54:21	[  5]   8.00-9.00   sec  3.03 GBytes  26.0 Gbits/sec    0   1.47 MBytes       
2025-03-14T15:54:22	[  5]   9.00-10.00  sec  2.99 GBytes  25.7 Gbits/sec    0   1.47 MBytes       
2025-03-14T15:54:23	[  5]  10.00-11.00  sec  3.00 GBytes  25.8 Gbits/sec    0   1.47 MBytes       
2025-03-14T15:54:24	[  5]  11.00-12.00  sec  3.00 GBytes  25.8 Gbits/sec    0   1.47 MBytes       
2025-03-14T15:54:25	[  5]  12.00-13.00  sec  3.00 GBytes  25.8 Gbits/sec    0   1.47 MBytes       
2025-03-14T15:54:26	[  5]  13.00-14.00  sec  3.02 GBytes  26.0 Gbits/sec    0   1.47 MBytes       
2025-03-14T15:54:27	[  5]  14.00-15.00  sec  3.02 GBytes  26.0 Gbits/sec    0   1.47 MBytes       
2025-03-14T15:54:28	[  5]  15.00-16.00  sec  3.02 GBytes  25.9 Gbits/sec    0   1.47 MBytes       
2025-03-14T15:54:29	[  5]  16.00-17.00  sec  3.01 GBytes  25.8 Gbits/sec    0   1.47 MBytes       
2025-03-14T15:54:30	[  5]  17.00-18.00  sec  3.02 GBytes  25.9 Gbits/sec    0   1.47 MBytes       
2025-03-14T15:54:31	[  5]  18.00-19.00  sec  3.01 GBytes  25.8 Gbits/sec    0   1.47 MBytes       
2025-03-14T15:54:32	[  5]  19.00-20.00  sec  3.01 GBytes  25.9 Gbits/sec    0   1.47 MBytes       
2025-03-14T15:54:32	- - - - - - - - - - - - - - - - - - - - - - - - -
2025-03-14T15:54:32	[ ID] Interval           Transfer     Bitrate         Retr
2025-03-14T15:54:32	[  5]   0.00-20.00  sec  60.3 GBytes  25.9 Gbits/sec    0            sender
2025-03-14T15:54:32	[  5]   0.00-20.00  sec  60.3 GBytes  25.9 Gbits/sec                  receiver
2025-03-14T15:54:32	
2025-03-14T15:54:32	iperf Done.
2025-03-14T15:54:33	Connecting to host nid002246, port 5201
2025-03-14T15:54:33	[  5] local 172.28.7.159 port 57958 connected to 172.28.7.158 port 5201
2025-03-14T15:54:34	[ ID] Interval           Transfer     Bitrate         Retr  Cwnd
2025-03-14T15:54:34	[  5]   0.00-1.00   sec  3.11 GBytes  26.7 Gbits/sec    0    971 KBytes       
2025-03-14T15:54:35	[  5]   1.00-2.00   sec  3.11 GBytes  26.8 Gbits/sec    0   1024 KBytes       
2025-03-14T15:54:36	[  5]   2.00-3.00   sec  3.12 GBytes  26.8 Gbits/sec    0   1024 KBytes       
2025-03-14T15:54:37	[  5]   3.00-4.00   sec  3.11 GBytes  26.8 Gbits/sec    0   1024 KBytes       
2025-03-14T15:54:38	[  5]   4.00-5.00   sec  3.11 GBytes  26.7 Gbits/sec    0   1024 KBytes       
2025-03-14T15:54:39	[  5]   5.00-6.00   sec  3.11 GBytes  26.7 Gbits/sec    0   1024 KBytes       
2025-03-14T15:54:40	[  5]   6.00-7.00   sec  3.11 GBytes  26.7 Gbits/sec    0   1024 KBytes       
2025-03-14T15:54:41	[  5]   7.00-8.00   sec  3.11 GBytes  26.7 Gbits/sec    0   1024 KBytes       
2025-03-14T15:54:42	[  5]   8.00-9.00   sec  3.10 GBytes  26.6 Gbits/sec    0   1024 KBytes       
2025-03-14T15:54:43	[  5]   9.00-10.00  sec  3.11 GBytes  26.7 Gbits/sec    0   1024 KBytes       
2025-03-14T15:54:44	[  5]  10.00-11.00  sec  3.10 GBytes  26.7 Gbits/sec    0   1024 KBytes       
2025-03-14T15:54:45	[  5]  11.00-12.00  sec  3.11 GBytes  26.7 Gbits/sec    0   1024 KBytes       
2025-03-14T15:54:46	[  5]  12.00-13.00  sec  3.10 GBytes  26.6 Gbits/sec    0   1024 KBytes       
2025-03-14T15:54:47	[  5]  13.00-14.00  sec  3.10 GBytes  26.7 Gbits/sec    0   1024 KBytes       
2025-03-14T15:54:48	[  5]  14.00-15.00  sec  3.10 GBytes  26.7 Gbits/sec    0   1024 KBytes       
2025-03-14T15:54:49	[  5]  15.00-16.00  sec  3.09 GBytes  26.6 Gbits/sec    0   1024 KBytes       
2025-03-14T15:54:50	[  5]  16.00-17.00  sec  3.10 GBytes  26.7 Gbits/sec    0   1024 KBytes       
2025-03-14T15:54:51	[  5]  17.00-18.00  sec  3.10 GBytes  26.6 Gbits/sec    0   1024 KBytes       
2025-03-14T15:54:52	[  5]  18.00-19.00  sec  3.11 GBytes  26.7 Gbits/sec    0   1024 KBytes       
2025-03-14T15:54:53	[  5]  19.00-20.00  sec  3.10 GBytes  26.6 Gbits/sec    0   1024 KBytes       
2025-03-14T15:54:53	- - - - - - - - - - - - - - - - - - - - - - - - -
2025-03-14T15:54:53	[ ID] Interval           Transfer     Bitrate         Retr
2025-03-14T15:54:53	[  5]   0.00-20.00  sec  62.1 GBytes  26.7 Gbits/sec    0            sender
2025-03-14T15:54:53	[  5]   0.00-20.00  sec  62.1 GBytes  26.7 Gbits/sec                  receiver
2025-03-14T15:54:53	
2025-03-14T15:54:53	iperf Done.
2025-03-14T15:54:54	Connecting to host nid002246, port 5201
2025-03-14T15:54:54	[  5] local 172.28.7.159 port 54422 connected to 172.28.7.158 port 5201
2025-03-14T15:54:55	[ ID] Interval           Transfer     Bitrate         Retr  Cwnd
2025-03-14T15:54:55	[  5]   0.00-1.00   sec  3.17 GBytes  27.2 Gbits/sec    0   1.73 MBytes       
2025-03-14T15:54:56	[  5]   1.00-2.00   sec  3.19 GBytes  27.4 Gbits/sec    0   1.73 MBytes       
2025-03-14T15:54:57	[  5]   2.00-3.00   sec  3.18 GBytes  27.3 Gbits/sec    0   1.73 MBytes       
2025-03-14T15:54:58	[  5]   3.00-4.00   sec  3.18 GBytes  27.3 Gbits/sec    0   1.73 MBytes       
2025-03-14T15:54:59	[  5]   4.00-5.00   sec  3.18 GBytes  27.3 Gbits/sec    0   1.73 MBytes       
2025-03-14T15:55:00	[  5]   5.00-6.00   sec  3.19 GBytes  27.4 Gbits/sec    0   1.73 MBytes       
2025-03-14T15:55:01	[  5]   6.00-7.00   sec  3.19 GBytes  27.4 Gbits/sec    0   1.73 MBytes       
2025-03-14T15:55:02	[  5]   7.00-8.00   sec  3.19 GBytes  27.4 Gbits/sec    0   1.73 MBytes       
2025-03-14T15:55:03	[  5]   8.00-9.00   sec  3.19 GBytes  27.4 Gbits/sec    0   1.73 MBytes       
2025-03-14T15:55:04	[  5]   9.00-10.00  sec  3.19 GBytes  27.4 Gbits/sec    0   1.73 MBytes       
2025-03-14T15:55:05	[  5]  10.00-11.00  sec  3.19 GBytes  27.4 Gbits/sec    0   1.73 MBytes       
2025-03-14T15:55:06	[  5]  11.00-12.00  sec  3.19 GBytes  27.4 Gbits/sec    0   1.73 MBytes       
2025-03-14T15:55:07	[  5]  12.00-13.00  sec  3.18 GBytes  27.4 Gbits/sec    0   1.73 MBytes       
2025-03-14T15:55:08	[  5]  13.00-14.00  sec  3.18 GBytes  27.3 Gbits/sec    0   1.73 MBytes       
2025-03-14T15:55:09	[  5]  14.00-15.00  sec  3.18 GBytes  27.3 Gbits/sec    0   1.73 MBytes       
2025-03-14T15:55:10	[  5]  15.00-16.00  sec  3.18 GBytes  27.3 Gbits/sec    0   1.73 MBytes       
2025-03-14T15:55:11	[  5]  16.00-17.00  sec  3.18 GBytes  27.4 Gbits/sec    0   1.73 MBytes       
2025-03-14T15:55:12	[  5]  17.00-18.00  sec  3.18 GBytes  27.4 Gbits/sec    0   1.73 MBytes       
2025-03-14T15:55:13	[  5]  18.00-19.00  sec  3.18 GBytes  27.3 Gbits/sec    0   1.73 MBytes       
2025-03-14T15:55:14	[  5]  19.00-20.00  sec  3.18 GBytes  27.3 Gbits/sec    0   1.73 MBytes       
2025-03-14T15:55:14	- - - - - - - - - - - - - - - - - - - - - - - - -
2025-03-14T15:55:14	[ ID] Interval           Transfer     Bitrate         Retr
2025-03-14T15:55:14	[  5]   0.00-20.00  sec  63.7 GBytes  27.3 Gbits/sec    0            sender
2025-03-14T15:55:14	[  5]   0.00-20.00  sec  63.7 GBytes  27.3 Gbits/sec                  receiver
2025-03-14T15:55:14	
2025-03-14T15:55:14	iperf Done.
2025-03-14T15:55:16	Connecting to host nid002246, port 5201
2025-03-14T15:55:16	[  5] local 172.28.7.159 port 40822 connected to 172.28.7.158 port 5201
2025-03-14T15:55:17	[ ID] Interval           Transfer     Bitrate         Retr  Cwnd
2025-03-14T15:55:17	[  5]   0.00-1.00   sec  3.17 GBytes  27.2 Gbits/sec    0   1.40 MBytes       
2025-03-14T15:55:18	[  5]   1.00-2.00   sec  3.17 GBytes  27.2 Gbits/sec    0   1.40 MBytes       
2025-03-14T15:55:19	[  5]   2.00-3.00   sec  3.17 GBytes  27.2 Gbits/sec    0   1.40 MBytes       
2025-03-14T15:55:20	[  5]   3.00-4.00   sec  3.18 GBytes  27.3 Gbits/sec    0   1.40 MBytes       
2025-03-14T15:55:21	[  5]   4.00-5.00   sec  3.18 GBytes  27.3 Gbits/sec    0   1.40 MBytes       
2025-03-14T15:55:22	[  5]   5.00-6.00   sec  3.18 GBytes  27.3 Gbits/sec    0   1.40 MBytes       
2025-03-14T15:55:23	[  5]   6.00-7.00   sec  3.18 GBytes  27.3 Gbits/sec    0   1.40 MBytes       
2025-03-14T15:55:24	[  5]   7.00-8.00   sec  3.16 GBytes  27.2 Gbits/sec    0   1.40 MBytes       
2025-03-14T15:55:25	[  5]   8.00-9.00   sec  3.17 GBytes  27.2 Gbits/sec    0   1.40 MBytes       
2025-03-14T15:55:26	[  5]   9.00-10.00  sec  3.16 GBytes  27.2 Gbits/sec    0   1.40 MBytes       
2025-03-14T15:55:27	[  5]  10.00-11.00  sec  3.17 GBytes  27.2 Gbits/sec    0   1.40 MBytes       
2025-03-14T15:55:28	[  5]  11.00-12.00  sec  3.16 GBytes  27.2 Gbits/sec    0   1.40 MBytes       
2025-03-14T15:55:29	[  5]  12.00-13.00  sec  3.16 GBytes  27.1 Gbits/sec    0   1.40 MBytes       
2025-03-14T15:55:30	[  5]  13.00-14.00  sec  3.17 GBytes  27.2 Gbits/sec    0   1.40 MBytes       
2025-03-14T15:55:31	[  5]  14.00-15.00  sec  3.15 GBytes  27.1 Gbits/sec    0   1.40 MBytes       
2025-03-14T15:55:32	[  5]  15.00-16.00  sec  3.16 GBytes  27.1 Gbits/sec    0   1.40 MBytes       
2025-03-14T15:55:33	[  5]  16.00-17.00  sec  3.16 GBytes  27.1 Gbits/sec    0   1.40 MBytes       
2025-03-14T15:55:34	[  5]  17.00-18.00  sec  3.17 GBytes  27.2 Gbits/sec    0   1.40 MBytes       
2025-03-14T15:55:35	[  5]  18.00-19.00  sec  3.17 GBytes  27.2 Gbits/sec    0   1.40 MBytes       
2025-03-14T15:55:36	[  5]  19.00-20.00  sec  3.15 GBytes  27.1 Gbits/sec    0   1.40 MBytes       
2025-03-14T15:55:36	- - - - - - - - - - - - - - - - - - - - - - - - -
2025-03-14T15:55:36	[ ID] Interval           Transfer     Bitrate         Retr
2025-03-14T15:55:36	[  5]   0.00-20.00  sec  63.3 GBytes  27.2 Gbits/sec    0            sender
2025-03-14T15:55:36	[  5]   0.00-20.00  sec  63.3 GBytes  27.2 Gbits/sec                  receiver
2025-03-14T15:55:36	
2025-03-14T15:55:36	iperf Done.
2025-03-14T15:55:37	Connecting to host nid002246, port 5201
2025-03-14T15:55:37	[  5] local 172.28.7.159 port 38756 connected to 172.28.7.158 port 5201
2025-03-14T15:55:38	[ ID] Interval           Transfer     Bitrate         Retr  Cwnd
2025-03-14T15:55:38	[  5]   0.00-1.00   sec  3.11 GBytes  26.7 Gbits/sec    0   1.44 MBytes       
2025-03-14T15:55:39	[  5]   1.00-2.00   sec  3.13 GBytes  26.9 Gbits/sec    0   1.44 MBytes       
2025-03-14T15:55:40	[  5]   2.00-3.00   sec  3.14 GBytes  27.0 Gbits/sec    0   1.44 MBytes       
2025-03-14T15:55:41	[  5]   3.00-4.00   sec  3.14 GBytes  26.9 Gbits/sec    0   1.44 MBytes       
2025-03-14T15:55:42	[  5]   4.00-5.00   sec  3.15 GBytes  27.1 Gbits/sec    0   1.44 MBytes       
2025-03-14T15:55:43	[  5]   5.00-6.00   sec  3.15 GBytes  27.1 Gbits/sec    0   1.44 MBytes       
2025-03-14T15:55:44	[  5]   6.00-7.00   sec  3.15 GBytes  27.1 Gbits/sec    0   1.44 MBytes       
2025-03-14T15:55:45	[  5]   7.00-8.00   sec  3.14 GBytes  27.0 Gbits/sec    0   1.44 MBytes       
2025-03-14T15:55:46	[  5]   8.00-9.00   sec  3.15 GBytes  27.0 Gbits/sec    0   1.44 MBytes       
2025-03-14T15:55:47	[  5]   9.00-10.00  sec  3.14 GBytes  27.0 Gbits/sec    0   1.44 MBytes       
2025-03-14T15:55:48	[  5]  10.00-11.00  sec  3.16 GBytes  27.1 Gbits/sec    0   1.44 MBytes       
2025-03-14T15:55:49	[  5]  11.00-12.00  sec  3.12 GBytes  26.8 Gbits/sec    0   1.44 MBytes       
2025-03-14T15:55:50	[  5]  12.00-13.00  sec  3.05 GBytes  26.2 Gbits/sec    0   1.44 MBytes       
2025-03-14T15:55:51	[  5]  13.00-14.00  sec  3.04 GBytes  26.1 Gbits/sec    0   1.44 MBytes       
2025-03-14T15:55:52	[  5]  14.00-15.00  sec  3.02 GBytes  26.0 Gbits/sec    0   1.44 MBytes       
2025-03-14T15:55:53	[  5]  15.00-16.00  sec  3.04 GBytes  26.1 Gbits/sec    0   1.44 MBytes       
2025-03-14T15:55:54	[  5]  16.00-17.00  sec  3.03 GBytes  26.0 Gbits/sec    0   1.44 MBytes       
2025-03-14T15:55:55	[  5]  17.00-18.00  sec  3.03 GBytes  26.0 Gbits/sec    0   1.44 MBytes       
2025-03-14T15:55:56	[  5]  18.00-19.00  sec  3.03 GBytes  26.0 Gbits/sec    0   1.44 MBytes       
2025-03-14T15:55:57	[  5]  19.00-20.00  sec  3.02 GBytes  25.9 Gbits/sec    0   1.44 MBytes       
2025-03-14T15:55:57	- - - - - - - - - - - - - - - - - - - - - - - - -
2025-03-14T15:55:57	[ ID] Interval           Transfer     Bitrate         Retr
2025-03-14T15:55:57	[  5]   0.00-20.00  sec  61.9 GBytes  26.6 Gbits/sec    0            sender
2025-03-14T15:55:57	[  5]   0.00-20.00  sec  61.9 GBytes  26.6 Gbits/sec                  receiver
2025-03-14T15:55:57	
2025-03-14T15:55:57	iperf Done.
2025-03-14T15:55:58	Connecting to host nid002246, port 5201
2025-03-14T15:55:58	[  5] local 172.28.7.159 port 51714 connected to 172.28.7.158 port 5201
2025-03-14T15:55:59	[ ID] Interval           Transfer     Bitrate         Retr  Cwnd
2025-03-14T15:55:59	[  5]   0.00-1.00   sec  3.11 GBytes  26.7 Gbits/sec    0   1.44 MBytes       
2025-03-14T15:56:00	[  5]   1.00-2.00   sec  3.13 GBytes  26.9 Gbits/sec    0   1.44 MBytes       
2025-03-14T15:56:01	[  5]   2.00-3.00   sec  3.14 GBytes  27.0 Gbits/sec    0   1.44 MBytes       
2025-03-14T15:56:02	[  5]   3.00-4.00   sec  3.14 GBytes  27.0 Gbits/sec    0   1.44 MBytes       
2025-03-14T15:56:03	[  5]   4.00-5.00   sec  3.14 GBytes  27.0 Gbits/sec    0   1.44 MBytes       
2025-03-14T15:56:04	[  5]   5.00-6.00   sec  3.15 GBytes  27.0 Gbits/sec    0   1.44 MBytes       
2025-03-14T15:56:05	[  5]   6.00-7.00   sec  3.14 GBytes  26.9 Gbits/sec    0   1.44 MBytes       
2025-03-14T15:56:06	[  5]   7.00-8.00   sec  3.15 GBytes  27.1 Gbits/sec    0   1.44 MBytes       
2025-03-14T15:56:07	[  5]   8.00-9.00   sec  3.13 GBytes  26.9 Gbits/sec    0   1.44 MBytes       
2025-03-14T15:56:08	[  5]   9.00-10.00  sec  3.14 GBytes  27.0 Gbits/sec    0   1.44 MBytes       
2025-03-14T15:56:09	[  5]  10.00-11.00  sec  3.14 GBytes  27.0 Gbits/sec    0   1.44 MBytes       
2025-03-14T15:56:10	[  5]  11.00-12.00  sec  3.15 GBytes  27.0 Gbits/sec    0   1.44 MBytes       
2025-03-14T15:56:11	[  5]  12.00-13.00  sec  3.14 GBytes  27.0 Gbits/sec    0   1.44 MBytes       
2025-03-14T15:56:12	[  5]  13.00-14.00  sec  3.15 GBytes  27.0 Gbits/sec    0   1.44 MBytes       
2025-03-14T15:56:13	[  5]  14.00-15.00  sec  3.14 GBytes  27.0 Gbits/sec    0   1.44 MBytes       
2025-03-14T15:56:14	[  5]  15.00-16.00  sec  3.15 GBytes  27.0 Gbits/sec    0   1.44 MBytes       
2025-03-14T15:56:15	[  5]  16.00-17.00  sec  3.15 GBytes  27.1 Gbits/sec    0   1.44 MBytes       
2025-03-14T15:56:16	[  5]  17.00-18.00  sec  3.15 GBytes  27.1 Gbits/sec    0   1.44 MBytes       
2025-03-14T15:56:17	[  5]  18.00-19.00  sec  3.15 GBytes  27.0 Gbits/sec    0   1.44 MBytes       
2025-03-14T15:56:18	[  5]  19.00-20.00  sec  3.14 GBytes  26.9 Gbits/sec    0   1.44 MBytes       
2025-03-14T15:56:18	- - - - - - - - - - - - - - - - - - - - - - - - -
2025-03-14T15:56:18	[ ID] Interval           Transfer     Bitrate         Retr
2025-03-14T15:56:18	[  5]   0.00-20.00  sec  62.8 GBytes  27.0 Gbits/sec    0            sender
2025-03-14T15:56:18	[  5]   0.00-20.00  sec  62.8 GBytes  27.0 Gbits/sec                  receiver
2025-03-14T15:56:18	
2025-03-14T15:56:18	iperf Done.
2025-03-14T15:56:20	Connecting to host nid002246, port 5201
2025-03-14T15:56:20	[  5] local 172.28.7.159 port 39990 connected to 172.28.7.158 port 5201
2025-03-14T15:56:21	[ ID] Interval           Transfer     Bitrate         Retr  Cwnd
2025-03-14T15:56:21	[  5]   0.00-1.00   sec  3.57 GBytes  30.7 Gbits/sec    0   1.09 MBytes       
2025-03-14T15:56:22	[  5]   1.00-2.00   sec  3.59 GBytes  30.8 Gbits/sec    0   1.09 MBytes       
2025-03-14T15:56:23	[  5]   2.00-3.00   sec  3.58 GBytes  30.8 Gbits/sec    0   1.09 MBytes       
2025-03-14T15:56:24	[  5]   3.00-4.00   sec  3.57 GBytes  30.7 Gbits/sec    0   1.09 MBytes       
2025-03-14T15:56:25	[  5]   4.00-5.00   sec  3.57 GBytes  30.7 Gbits/sec    0   1.09 MBytes       
2025-03-14T15:56:26	[  5]   5.00-6.00   sec  3.57 GBytes  30.7 Gbits/sec    0   1.09 MBytes       
2025-03-14T15:56:27	[  5]   6.00-7.00   sec  3.58 GBytes  30.7 Gbits/sec    0   1.09 MBytes       
2025-03-14T15:56:28	[  5]   7.00-8.00   sec  3.58 GBytes  30.8 Gbits/sec    0   1.09 MBytes       
2025-03-14T15:56:29	[  5]   8.00-9.00   sec  3.57 GBytes  30.7 Gbits/sec    0   1.09 MBytes       
2025-03-14T15:56:30	[  5]   9.00-10.00  sec  3.58 GBytes  30.7 Gbits/sec    0   1.09 MBytes       
2025-03-14T15:56:31	[  5]  10.00-11.00  sec  3.58 GBytes  30.8 Gbits/sec    0   1.09 MBytes       
2025-03-14T15:56:32	[  5]  11.00-12.00  sec  3.58 GBytes  30.7 Gbits/sec    0   1.09 MBytes       
2025-03-14T15:56:33	[  5]  12.00-13.00  sec  3.58 GBytes  30.8 Gbits/sec    0   1.09 MBytes       
2025-03-14T15:56:34	[  5]  13.00-14.00  sec  3.57 GBytes  30.7 Gbits/sec    0   1.09 MBytes       
2025-03-14T15:56:35	[  5]  14.00-15.00  sec  3.58 GBytes  30.7 Gbits/sec    0   1.09 MBytes       
2025-03-14T15:56:36	[  5]  15.00-16.00  sec  3.58 GBytes  30.8 Gbits/sec    0   1.09 MBytes       
2025-03-14T15:56:37	[  5]  16.00-17.00  sec  3.58 GBytes  30.7 Gbits/sec    0   1.09 MBytes       
2025-03-14T15:56:38	[  5]  17.00-18.00  sec  3.58 GBytes  30.8 Gbits/sec    0   1.09 MBytes       
2025-03-14T15:56:39	[  5]  18.00-19.00  sec  3.58 GBytes  30.7 Gbits/sec    0   1.09 MBytes       
2025-03-14T15:56:40	[  5]  19.00-20.00  sec  3.58 GBytes  30.7 Gbits/sec    0   1.09 MBytes       
2025-03-14T15:56:40	- - - - - - - - - - - - - - - - - - - - - - - - -
2025-03-14T15:56:40	[ ID] Interval           Transfer     Bitrate         Retr
2025-03-14T15:56:40	[  5]   0.00-20.00  sec  71.6 GBytes  30.7 Gbits/sec    0            sender
2025-03-14T15:56:40	[  5]   0.00-20.00  sec  71.6 GBytes  30.7 Gbits/sec                  receiver
2025-03-14T15:56:40	
2025-03-14T15:56:40	iperf Done.
2025-03-14T15:56:41	Connecting to host nid002246, port 5201
2025-03-14T15:56:41	[  5] local 172.28.7.159 port 56384 connected to 172.28.7.158 port 5201
2025-03-14T15:56:42	[ ID] Interval           Transfer     Bitrate         Retr  Cwnd
2025-03-14T15:56:42	[  5]   0.00-1.00   sec  3.56 GBytes  30.6 Gbits/sec    0   2.61 MBytes       
2025-03-14T15:56:43	[  5]   1.00-2.00   sec  3.57 GBytes  30.6 Gbits/sec    0   2.61 MBytes       
2025-03-14T15:56:44	[  5]   2.00-3.00   sec  3.56 GBytes  30.6 Gbits/sec    0   2.61 MBytes       
2025-03-14T15:56:45	[  5]   3.00-4.00   sec  3.58 GBytes  30.8 Gbits/sec    0   2.61 MBytes       
2025-03-14T15:56:46	[  5]   4.00-5.00   sec  3.58 GBytes  30.8 Gbits/sec    0   2.61 MBytes       
2025-03-14T15:56:47	[  5]   5.00-6.00   sec  3.59 GBytes  30.8 Gbits/sec    0   2.61 MBytes       
2025-03-14T15:56:48	[  5]   6.00-7.00   sec  3.57 GBytes  30.6 Gbits/sec    0   2.61 MBytes       
2025-03-14T15:56:49	[  5]   7.00-8.00   sec  3.57 GBytes  30.7 Gbits/sec    0   2.61 MBytes       
2025-03-14T15:56:50	[  5]   8.00-9.00   sec  3.57 GBytes  30.6 Gbits/sec    0   2.61 MBytes       
2025-03-14T15:56:51	[  5]   9.00-10.00  sec  3.58 GBytes  30.7 Gbits/sec    0   2.61 MBytes       
2025-03-14T15:56:52	[  5]  10.00-11.00  sec  3.57 GBytes  30.6 Gbits/sec    0   2.61 MBytes       
2025-03-14T15:56:53	[  5]  11.00-12.00  sec  3.58 GBytes  30.7 Gbits/sec    0   2.61 MBytes       
2025-03-14T15:56:54	[  5]  12.00-13.00  sec  3.58 GBytes  30.8 Gbits/sec    0   2.61 MBytes       
2025-03-14T15:56:55	[  5]  13.00-14.00  sec  3.58 GBytes  30.8 Gbits/sec    0   2.61 MBytes       
2025-03-14T15:56:56	[  5]  14.00-15.00  sec  3.56 GBytes  30.6 Gbits/sec    0   2.61 MBytes       
2025-03-14T15:56:57	[  5]  15.00-16.00  sec  3.58 GBytes  30.7 Gbits/sec    0   2.61 MBytes       
2025-03-14T15:56:58	[  5]  16.00-17.00  sec  3.55 GBytes  30.5 Gbits/sec    0   2.61 MBytes       
2025-03-14T15:56:59	[  5]  17.00-18.00  sec  3.58 GBytes  30.8 Gbits/sec    0   2.61 MBytes       
2025-03-14T15:57:00	[  5]  18.00-19.00  sec  3.55 GBytes  30.5 Gbits/sec    0   2.61 MBytes       
2025-03-14T15:57:01	[  5]  19.00-20.00  sec  3.57 GBytes  30.7 Gbits/sec    0   2.61 MBytes       
2025-03-14T15:57:01	- - - - - - - - - - - - - - - - - - - - - - - - -
2025-03-14T15:57:01	[ ID] Interval           Transfer     Bitrate         Retr
2025-03-14T15:57:01	[  5]   0.00-20.00  sec  71.4 GBytes  30.7 Gbits/sec    0            sender
2025-03-14T15:57:01	[  5]   0.00-20.00  sec  71.4 GBytes  30.7 Gbits/sec                  receiver
2025-03-14T15:57:01	
2025-03-14T15:57:01	iperf Done.
2025-03-14T15:57:02	Connecting to host nid002246, port 5201
2025-03-14T15:57:02	[  5] local 172.28.7.159 port 45848 connected to 172.28.7.158 port 5201
2025-03-14T15:57:03	[ ID] Interval           Transfer     Bitrate         Retr  Cwnd
2025-03-14T15:57:03	[  5]   0.00-1.00   sec  3.09 GBytes  26.5 Gbits/sec    0    726 KBytes       
2025-03-14T15:57:04	[  5]   1.00-2.00   sec  3.08 GBytes  26.5 Gbits/sec    0    726 KBytes       
2025-03-14T15:57:05	[  5]   2.00-3.00   sec  3.08 GBytes  26.5 Gbits/sec    0    726 KBytes       
2025-03-14T15:57:06	[  5]   3.00-4.00   sec  3.08 GBytes  26.5 Gbits/sec    0    761 KBytes       
2025-03-14T15:57:07	[  5]   4.00-5.00   sec  3.08 GBytes  26.5 Gbits/sec    0    919 KBytes       
2025-03-14T15:57:08	[  5]   5.00-6.00   sec  3.09 GBytes  26.5 Gbits/sec    0    919 KBytes       
2025-03-14T15:57:09	[  5]   6.00-7.00   sec  3.09 GBytes  26.5 Gbits/sec    0    919 KBytes       
2025-03-14T15:57:10	[  5]   7.00-8.00   sec  3.09 GBytes  26.5 Gbits/sec    0    919 KBytes       
2025-03-14T15:57:11	[  5]   8.00-9.00   sec  3.09 GBytes  26.5 Gbits/sec    0    919 KBytes       
2025-03-14T15:57:12	[  5]   9.00-10.00  sec  3.10 GBytes  26.6 Gbits/sec    0    919 KBytes       
2025-03-14T15:57:13	[  5]  10.00-11.00  sec  3.09 GBytes  26.5 Gbits/sec    0    919 KBytes       
2025-03-14T15:57:14	[  5]  11.00-12.00  sec  3.08 GBytes  26.5 Gbits/sec    0    919 KBytes       
2025-03-14T15:57:15	[  5]  12.00-13.00  sec  3.08 GBytes  26.5 Gbits/sec    0    919 KBytes       
2025-03-14T15:57:16	[  5]  13.00-14.00  sec  3.09 GBytes  26.5 Gbits/sec    0    919 KBytes       
2025-03-14T15:57:17	[  5]  14.00-15.00  sec  3.09 GBytes  26.5 Gbits/sec    0    919 KBytes       
2025-03-14T15:57:18	[  5]  15.00-16.00  sec  3.09 GBytes  26.6 Gbits/sec    0    919 KBytes       
2025-03-14T15:57:19	[  5]  16.00-17.00  sec  3.09 GBytes  26.5 Gbits/sec    0    919 KBytes       
2025-03-14T15:57:20	[  5]  17.00-18.00  sec  3.08 GBytes  26.5 Gbits/sec    0    919 KBytes       
2025-03-14T15:57:21	[  5]  18.00-19.00  sec  3.08 GBytes  26.5 Gbits/sec    0    919 KBytes       
2025-03-14T15:57:22	[  5]  19.00-20.00  sec  3.08 GBytes  26.4 Gbits/sec    0    919 KBytes       
2025-03-14T15:57:22	- - - - - - - - - - - - - - - - - - - - - - - - -
2025-03-14T15:57:22	[ ID] Interval           Transfer     Bitrate         Retr
2025-03-14T15:57:22	[  5]   0.00-20.00  sec  61.7 GBytes  26.5 Gbits/sec    0            sender
2025-03-14T15:57:22	[  5]   0.00-20.00  sec  61.7 GBytes  26.5 Gbits/sec                  receiver
2025-03-14T15:57:22	
2025-03-14T15:57:22	iperf Done.
2025-03-14T15:57:23	Connecting to host nid002246, port 5201
2025-03-14T15:57:23	[  5] local 172.28.7.159 port 54938 connected to 172.28.7.158 port 5201
2025-03-14T15:57:24	[ ID] Interval           Transfer     Bitrate         Retr  Cwnd
2025-03-14T15:57:24	[  5]   0.00-1.00   sec  3.21 GBytes  27.5 Gbits/sec    0   1.24 MBytes       
2025-03-14T15:57:25	[  5]   1.00-2.00   sec  3.22 GBytes  27.6 Gbits/sec    0   1.24 MBytes       
2025-03-14T15:57:26	[  5]   2.00-3.00   sec  3.20 GBytes  27.5 Gbits/sec    0   1.24 MBytes       
2025-03-14T15:57:27	[  5]   3.00-4.00   sec  3.20 GBytes  27.5 Gbits/sec    0   1.24 MBytes       
2025-03-14T15:57:28	[  5]   4.00-5.00   sec  3.21 GBytes  27.6 Gbits/sec    0   1.24 MBytes       
2025-03-14T15:57:29	[  5]   5.00-6.00   sec  3.20 GBytes  27.5 Gbits/sec    0   1.24 MBytes       
2025-03-14T15:57:30	[  5]   6.00-7.00   sec  3.21 GBytes  27.6 Gbits/sec    0   1.24 MBytes       
2025-03-14T15:57:31	[  5]   7.00-8.00   sec  3.20 GBytes  27.5 Gbits/sec    0   1.24 MBytes       
2025-03-14T15:57:32	[  5]   8.00-9.00   sec  3.21 GBytes  27.6 Gbits/sec    0   1.24 MBytes       
2025-03-14T15:57:33	[  5]   9.00-10.00  sec  3.22 GBytes  27.6 Gbits/sec    0   1.24 MBytes       
2025-03-14T15:57:34	[  5]  10.00-11.00  sec  3.22 GBytes  27.7 Gbits/sec    0   1.24 MBytes       
2025-03-14T15:57:35	[  5]  11.00-12.00  sec  3.21 GBytes  27.6 Gbits/sec    0   1.24 MBytes       
2025-03-14T15:57:36	[  5]  12.00-13.00  sec  3.20 GBytes  27.5 Gbits/sec    0   1.24 MBytes       
2025-03-14T15:57:37	[  5]  13.00-14.00  sec  3.21 GBytes  27.6 Gbits/sec    0   1.24 MBytes       
2025-03-14T15:57:38	[  5]  14.00-15.00  sec  3.20 GBytes  27.5 Gbits/sec    0   1.24 MBytes       
2025-03-14T15:57:39	[  5]  15.00-16.00  sec  3.21 GBytes  27.5 Gbits/sec    0   1.24 MBytes       
2025-03-14T15:57:40	[  5]  16.00-17.00  sec  3.21 GBytes  27.6 Gbits/sec    0   1.24 MBytes       
2025-03-14T15:57:41	[  5]  17.00-18.00  sec  3.21 GBytes  27.6 Gbits/sec    0   1.24 MBytes       
2025-03-14T15:57:42	[  5]  18.00-19.00  sec  3.21 GBytes  27.6 Gbits/sec    0   1.24 MBytes       
2025-03-14T15:57:43	[  5]  19.00-20.00  sec  3.21 GBytes  27.6 Gbits/sec    0   1.24 MBytes       
2025-03-14T15:57:43	- - - - - - - - - - - - - - - - - - - - - - - - -
2025-03-14T15:57:43	[ ID] Interval           Transfer     Bitrate         Retr
2025-03-14T15:57:43	[  5]   0.00-20.00  sec  64.2 GBytes  27.6 Gbits/sec    0            sender
2025-03-14T15:57:43	[  5]   0.00-20.00  sec  64.2 GBytes  27.6 Gbits/sec                  receiver
2025-03-14T15:57:43	
2025-03-14T15:57:43	iperf Done.
2025-03-14T15:57:45	Connecting to host nid002246, port 5201
2025-03-14T15:57:45	[  5] local 172.28.7.159 port 47248 connected to 172.28.7.158 port 5201
2025-03-14T15:57:46	[ ID] Interval           Transfer     Bitrate         Retr  Cwnd
2025-03-14T15:57:46	[  5]   0.00-1.00   sec  3.05 GBytes  26.2 Gbits/sec    0    875 KBytes       
2025-03-14T15:57:47	[  5]   1.00-2.00   sec  3.05 GBytes  26.2 Gbits/sec    0    875 KBytes       
2025-03-14T15:57:48	[  5]   2.00-3.00   sec  3.05 GBytes  26.2 Gbits/sec    0    875 KBytes       
2025-03-14T15:57:49	[  5]   3.00-4.00   sec  3.04 GBytes  26.1 Gbits/sec    0    875 KBytes       
2025-03-14T15:57:50	[  5]   4.00-5.00   sec  3.05 GBytes  26.2 Gbits/sec    0    875 KBytes       
2025-03-14T15:57:51	[  5]   5.00-6.00   sec  3.03 GBytes  26.0 Gbits/sec    0    875 KBytes       
2025-03-14T15:57:52	[  5]   6.00-7.00   sec  3.04 GBytes  26.1 Gbits/sec    0   1.16 MBytes       
2025-03-14T15:57:53	[  5]   7.00-8.00   sec  3.05 GBytes  26.2 Gbits/sec    0   1.16 MBytes       
2025-03-14T15:57:54	[  5]   8.00-9.00   sec  3.04 GBytes  26.2 Gbits/sec    0   1.16 MBytes       
2025-03-14T15:57:55	[  5]   9.00-10.00  sec  3.03 GBytes  26.0 Gbits/sec    0   1.16 MBytes       
2025-03-14T15:57:56	[  5]  10.00-11.00  sec  3.04 GBytes  26.2 Gbits/sec    0   1.16 MBytes       
2025-03-14T15:57:57	[  5]  11.00-12.00  sec  3.03 GBytes  26.1 Gbits/sec    0   1.16 MBytes       
2025-03-14T15:57:58	[  5]  12.00-13.00  sec  3.04 GBytes  26.1 Gbits/sec    0   1.16 MBytes       
2025-03-14T15:57:59	[  5]  13.00-14.00  sec  3.05 GBytes  26.2 Gbits/sec    0   1.16 MBytes       
2025-03-14T15:58:00	[  5]  14.00-15.00  sec  3.04 GBytes  26.1 Gbits/sec    0   1.16 MBytes       
2025-03-14T15:58:01	[  5]  15.00-16.00  sec  3.04 GBytes  26.1 Gbits/sec    0   1.16 MBytes       
2025-03-14T15:58:02	[  5]  16.00-17.00  sec  3.02 GBytes  26.0 Gbits/sec    0   1.16 MBytes       
2025-03-14T15:58:03	[  5]  17.00-18.00  sec  3.04 GBytes  26.1 Gbits/sec    0   1.16 MBytes       
2025-03-14T15:58:04	[  5]  18.00-19.00  sec  3.03 GBytes  26.1 Gbits/sec    0   1.16 MBytes       
2025-03-14T15:58:05	[  5]  19.00-20.00  sec  3.04 GBytes  26.1 Gbits/sec    0   1.16 MBytes       
2025-03-14T15:58:05	- - - - - - - - - - - - - - - - - - - - - - - - -
2025-03-14T15:58:05	[ ID] Interval           Transfer     Bitrate         Retr
2025-03-14T15:58:05	[  5]   0.00-20.00  sec  60.8 GBytes  26.1 Gbits/sec    0            sender
2025-03-14T15:58:05	[  5]   0.00-20.00  sec  60.8 GBytes  26.1 Gbits/sec                  receiver
2025-03-14T15:58:05	
2025-03-14T15:58:05	iperf Done.
2025-03-14T15:58:06	Connecting to host nid002246, port 5201
2025-03-14T15:58:06	[  5] local 172.28.7.159 port 50944 connected to 172.28.7.158 port 5201
2025-03-14T15:58:07	[ ID] Interval           Transfer     Bitrate         Retr  Cwnd
2025-03-14T15:58:07	[  5]   0.00-1.00   sec  3.75 GBytes  32.2 Gbits/sec    0   1.38 MBytes       
2025-03-14T15:58:08	[  5]   1.00-2.00   sec  3.79 GBytes  32.6 Gbits/sec    0   1.38 MBytes       
2025-03-14T15:58:09	[  5]   2.00-3.00   sec  3.83 GBytes  32.9 Gbits/sec    0   1.38 MBytes       
2025-03-14T15:58:10	[  5]   3.00-4.00   sec  3.80 GBytes  32.6 Gbits/sec    0   1.38 MBytes       
2025-03-14T15:58:11	[  5]   4.00-5.00   sec  3.81 GBytes  32.8 Gbits/sec    0   1.38 MBytes       
2025-03-14T15:58:12	[  5]   5.00-6.00   sec  3.81 GBytes  32.7 Gbits/sec    0   1.38 MBytes       
2025-03-14T15:58:13	[  5]   6.00-7.00   sec  3.81 GBytes  32.7 Gbits/sec    0   1.38 MBytes       
2025-03-14T15:58:14	[  5]   7.00-8.00   sec  3.80 GBytes  32.6 Gbits/sec    0   1.38 MBytes       
2025-03-14T15:58:15	[  5]   8.00-9.00   sec  3.83 GBytes  32.9 Gbits/sec    0   1.38 MBytes       
2025-03-14T15:58:16	[  5]   9.00-10.00  sec  3.83 GBytes  32.9 Gbits/sec    0   1.38 MBytes       
2025-03-14T15:58:17	[  5]  10.00-11.00  sec  3.85 GBytes  33.1 Gbits/sec    0   1.38 MBytes       
2025-03-14T15:58:18	[  5]  11.00-12.00  sec  3.83 GBytes  32.9 Gbits/sec    0   1.38 MBytes       
2025-03-14T15:58:19	[  5]  12.00-13.00  sec  3.81 GBytes  32.7 Gbits/sec    0   1.38 MBytes       
2025-03-14T15:58:20	[  5]  13.00-14.00  sec  3.80 GBytes  32.6 Gbits/sec    0   1.38 MBytes       
2025-03-14T15:58:21	[  5]  14.00-15.00  sec  3.81 GBytes  32.7 Gbits/sec    0   1.38 MBytes       
2025-03-14T15:58:22	[  5]  15.00-16.00  sec  3.80 GBytes  32.7 Gbits/sec    0   1.38 MBytes       
2025-03-14T15:58:23	[  5]  16.00-17.00  sec  3.81 GBytes  32.8 Gbits/sec    0   1.38 MBytes       
2025-03-14T15:58:24	[  5]  17.00-18.00  sec  3.83 GBytes  32.9 Gbits/sec    0   1.38 MBytes       
2025-03-14T15:58:25	[  5]  18.00-19.00  sec  3.83 GBytes  32.9 Gbits/sec    0   1.38 MBytes       
2025-03-14T15:58:26	[  5]  19.00-20.00  sec  3.81 GBytes  32.7 Gbits/sec    0   1.38 MBytes       
2025-03-14T15:58:26	- - - - - - - - - - - - - - - - - - - - - - - - -
2025-03-14T15:58:26	[ ID] Interval           Transfer     Bitrate         Retr
2025-03-14T15:58:26	[  5]   0.00-20.00  sec  76.2 GBytes  32.7 Gbits/sec    0            sender
2025-03-14T15:58:26	[  5]   0.00-20.00  sec  76.2 GBytes  32.7 Gbits/sec                  receiver
2025-03-14T15:58:26	
2025-03-14T15:58:26	iperf Done.
2025-03-14T15:58:27	Connecting to host nid002246, port 5201
2025-03-14T15:58:27	[  5] local 172.28.7.159 port 50350 connected to 172.28.7.158 port 5201
2025-03-14T15:58:28	[ ID] Interval           Transfer     Bitrate         Retr  Cwnd
2025-03-14T15:58:28	[  5]   0.00-1.00   sec  3.06 GBytes  26.3 Gbits/sec    0    866 KBytes       
2025-03-14T15:58:29	[  5]   1.00-2.00   sec  3.01 GBytes  25.9 Gbits/sec    0    866 KBytes       
2025-03-14T15:58:30	[  5]   2.00-3.00   sec  3.01 GBytes  25.8 Gbits/sec    0    866 KBytes       
2025-03-14T15:58:31	[  5]   3.00-4.00   sec  3.01 GBytes  25.9 Gbits/sec    0    866 KBytes       
2025-03-14T15:58:32	[  5]   4.00-5.00   sec  3.01 GBytes  25.8 Gbits/sec    0    866 KBytes       
2025-03-14T15:58:33	[  5]   5.00-6.00   sec  3.01 GBytes  25.8 Gbits/sec    0    866 KBytes       
2025-03-14T15:58:34	[  5]   6.00-7.00   sec  3.00 GBytes  25.8 Gbits/sec    0    866 KBytes       
2025-03-14T15:58:35	[  5]   7.00-8.00   sec  3.00 GBytes  25.8 Gbits/sec    0    866 KBytes       
2025-03-14T15:58:36	[  5]   8.00-9.00   sec  3.01 GBytes  25.8 Gbits/sec    0    866 KBytes       
2025-03-14T15:58:37	[  5]   9.00-10.00  sec  3.01 GBytes  25.8 Gbits/sec    0    866 KBytes       
2025-03-14T15:58:38	[  5]  10.00-11.00  sec  3.01 GBytes  25.9 Gbits/sec    0    866 KBytes       
2025-03-14T15:58:39	[  5]  11.00-12.00  sec  3.01 GBytes  25.8 Gbits/sec    0    866 KBytes       
2025-03-14T15:58:40	[  5]  12.00-13.00  sec  3.02 GBytes  25.9 Gbits/sec    0    866 KBytes       
2025-03-14T15:58:41	[  5]  13.00-14.00  sec  3.01 GBytes  25.8 Gbits/sec    0    866 KBytes       
2025-03-14T15:58:42	[  5]  14.00-15.00  sec  3.01 GBytes  25.9 Gbits/sec    0    866 KBytes       
2025-03-14T15:58:43	[  5]  15.00-16.00  sec  3.01 GBytes  25.9 Gbits/sec    0    866 KBytes       
2025-03-14T15:58:44	[  5]  16.00-17.00  sec  3.01 GBytes  25.9 Gbits/sec    0    866 KBytes       
2025-03-14T15:58:45	[  5]  17.00-18.00  sec  3.01 GBytes  25.9 Gbits/sec    0    866 KBytes       
2025-03-14T15:58:46	[  5]  18.00-19.00  sec  3.01 GBytes  25.9 Gbits/sec    0    866 KBytes       
2025-03-14T15:58:47	[  5]  19.00-20.00  sec  3.01 GBytes  25.8 Gbits/sec    0    866 KBytes       
2025-03-14T15:58:47	- - - - - - - - - - - - - - - - - - - - - - - - -
2025-03-14T15:58:47	[ ID] Interval           Transfer     Bitrate         Retr
2025-03-14T15:58:47	[  5]   0.00-20.00  sec  60.2 GBytes  25.9 Gbits/sec    0            sender
2025-03-14T15:58:47	[  5]   0.00-20.00  sec  60.2 GBytes  25.9 Gbits/sec                  receiver
2025-03-14T15:58:47	
2025-03-14T15:58:47	iperf Done.
2025-03-14T15:58:48	Connecting to host nid002246, port 5201
2025-03-14T15:58:48	[  5] local 172.28.7.159 port 54286 connected to 172.28.7.158 port 5201
2025-03-14T15:58:49	[ ID] Interval           Transfer     Bitrate         Retr  Cwnd
2025-03-14T15:58:49	[  5]   0.00-1.00   sec  3.44 GBytes  29.6 Gbits/sec    0   1.97 MBytes       
2025-03-14T15:58:50	[  5]   1.00-2.00   sec  3.59 GBytes  30.9 Gbits/sec    0   2.07 MBytes       
2025-03-14T15:58:51	[  5]   2.00-3.00   sec  3.57 GBytes  30.7 Gbits/sec    0   2.07 MBytes       
2025-03-14T15:58:52	[  5]   3.00-4.00   sec  3.59 GBytes  30.9 Gbits/sec    0   2.07 MBytes       
2025-03-14T15:58:53	[  5]   4.00-5.00   sec  3.61 GBytes  31.0 Gbits/sec    0   2.07 MBytes       
2025-03-14T15:58:54	[  5]   5.00-6.00   sec  3.60 GBytes  30.9 Gbits/sec    0   2.07 MBytes       
2025-03-14T15:58:55	[  5]   6.00-7.00   sec  3.76 GBytes  32.3 Gbits/sec    0   2.07 MBytes       
2025-03-14T15:58:56	[  5]   7.00-8.00   sec  3.80 GBytes  32.7 Gbits/sec    0   2.07 MBytes       
2025-03-14T15:58:57	[  5]   8.00-9.00   sec  3.79 GBytes  32.6 Gbits/sec    0   2.07 MBytes       
2025-03-14T15:58:58	[  5]   9.00-10.00  sec  3.82 GBytes  32.8 Gbits/sec    0   2.07 MBytes       
2025-03-14T15:58:59	[  5]  10.00-11.00  sec  3.81 GBytes  32.7 Gbits/sec    0   2.07 MBytes       
2025-03-14T15:59:00	[  5]  11.00-12.00  sec  3.82 GBytes  32.8 Gbits/sec    0   2.07 MBytes       
2025-03-14T15:59:01	[  5]  12.00-13.00  sec  3.80 GBytes  32.7 Gbits/sec    0   2.07 MBytes       
2025-03-14T15:59:02	[  5]  13.00-14.00  sec  3.82 GBytes  32.8 Gbits/sec    0   2.07 MBytes       
2025-03-14T15:59:03	[  5]  14.00-15.00  sec  3.80 GBytes  32.6 Gbits/sec    0   2.07 MBytes       
2025-03-14T15:59:04	[  5]  15.00-16.00  sec  3.82 GBytes  32.8 Gbits/sec    0   2.07 MBytes       
2025-03-14T15:59:05	[  5]  16.00-17.00  sec  3.81 GBytes  32.7 Gbits/sec    0   2.07 MBytes       
2025-03-14T15:59:06	[  5]  17.00-18.00  sec  3.85 GBytes  33.1 Gbits/sec    0   2.07 MBytes       
2025-03-14T15:59:07	[  5]  18.00-19.00  sec  3.81 GBytes  32.7 Gbits/sec    0   2.07 MBytes       
2025-03-14T15:59:08	[  5]  19.00-20.00  sec  3.82 GBytes  32.8 Gbits/sec    0   2.07 MBytes       
2025-03-14T15:59:08	- - - - - - - - - - - - - - - - - - - - - - - - -
2025-03-14T15:59:08	[ ID] Interval           Transfer     Bitrate         Retr
2025-03-14T15:59:08	[  5]   0.00-20.00  sec  74.8 GBytes  32.1 Gbits/sec    0            sender
2025-03-14T15:59:08	[  5]   0.00-20.00  sec  74.8 GBytes  32.1 Gbits/sec                  receiver
2025-03-14T15:59:08	
2025-03-14T15:59:08	iperf Done.
2025-03-14T15:59:10	Connecting to host nid002246, port 5201
2025-03-14T15:59:10	[  5] local 172.28.7.159 port 41564 connected to 172.28.7.158 port 5201
2025-03-14T15:59:11	[ ID] Interval           Transfer     Bitrate         Retr  Cwnd
2025-03-14T15:59:11	[  5]   0.00-1.00   sec  3.14 GBytes  27.0 Gbits/sec    0   1.50 MBytes       
2025-03-14T15:59:12	[  5]   1.00-2.00   sec  3.15 GBytes  27.1 Gbits/sec    0   1.50 MBytes       
2025-03-14T15:59:13	[  5]   2.00-3.00   sec  3.14 GBytes  26.9 Gbits/sec    0   1.50 MBytes       
2025-03-14T15:59:14	[  5]   3.00-4.00   sec  3.14 GBytes  26.9 Gbits/sec    0   1.50 MBytes       
2025-03-14T15:59:15	[  5]   4.00-5.00   sec  3.15 GBytes  27.1 Gbits/sec    0   1.61 MBytes       
2025-03-14T15:59:16	[  5]   5.00-6.00   sec  3.14 GBytes  27.0 Gbits/sec    0   1.61 MBytes       
2025-03-14T15:59:17	[  5]   6.00-7.00   sec  3.14 GBytes  27.0 Gbits/sec    0   1.61 MBytes       
2025-03-14T15:59:18	[  5]   7.00-8.00   sec  3.15 GBytes  27.1 Gbits/sec    0   1.61 MBytes       
2025-03-14T15:59:19	[  5]   8.00-9.00   sec  3.15 GBytes  27.0 Gbits/sec    0   1.61 MBytes       
2025-03-14T15:59:20	[  5]   9.00-10.00  sec  3.14 GBytes  27.0 Gbits/sec    0   1.61 MBytes       
2025-03-14T15:59:21	[  5]  10.00-11.00  sec  3.14 GBytes  27.0 Gbits/sec    0   1.61 MBytes       
2025-03-14T15:59:22	[  5]  11.00-12.00  sec  3.10 GBytes  26.7 Gbits/sec    0   1.61 MBytes       
2025-03-14T15:59:23	[  5]  12.00-13.00  sec  3.07 GBytes  26.4 Gbits/sec    0   1.61 MBytes       
2025-03-14T15:59:24	[  5]  13.00-14.00  sec  3.05 GBytes  26.2 Gbits/sec    0   1.61 MBytes       
2025-03-14T15:59:25	[  5]  14.00-15.00  sec  3.01 GBytes  25.9 Gbits/sec    0   1.61 MBytes       
2025-03-14T15:59:26	[  5]  15.00-16.00  sec  3.01 GBytes  25.9 Gbits/sec    0   1.61 MBytes       
2025-03-14T15:59:27	[  5]  16.00-17.00  sec  3.01 GBytes  25.8 Gbits/sec    0   1.61 MBytes       
2025-03-14T15:59:28	[  5]  17.00-18.00  sec  3.01 GBytes  25.9 Gbits/sec    0   1.61 MBytes       
2025-03-14T15:59:29	[  5]  18.00-19.00  sec  3.01 GBytes  25.9 Gbits/sec    0   1.61 MBytes       
2025-03-14T15:59:30	[  5]  19.00-20.00  sec  3.02 GBytes  25.9 Gbits/sec    0   1.61 MBytes       
2025-03-14T15:59:30	- - - - - - - - - - - - - - - - - - - - - - - - -
2025-03-14T15:59:30	[ ID] Interval           Transfer     Bitrate         Retr
2025-03-14T15:59:30	[  5]   0.00-20.00  sec  61.9 GBytes  26.6 Gbits/sec    0            sender
2025-03-14T15:59:30	[  5]   0.00-20.00  sec  61.9 GBytes  26.6 Gbits/sec                  receiver
2025-03-14T15:59:30	
2025-03-14T15:59:30	iperf Done.
2025-03-14T15:59:31	Connecting to host nid002246, port 5201
2025-03-14T15:59:31	[  5] local 172.28.7.159 port 42622 connected to 172.28.7.158 port 5201
2025-03-14T15:59:32	[ ID] Interval           Transfer     Bitrate         Retr  Cwnd
2025-03-14T15:59:32	[  5]   0.00-1.00   sec  3.13 GBytes  26.9 Gbits/sec    0   1.32 MBytes       
2025-03-14T15:59:33	[  5]   1.00-2.00   sec  3.12 GBytes  26.8 Gbits/sec    0   1.32 MBytes       
2025-03-14T15:59:34	[  5]   2.00-3.00   sec  3.13 GBytes  26.9 Gbits/sec    0   1.32 MBytes       
2025-03-14T15:59:35	[  5]   3.00-4.00   sec  3.12 GBytes  26.8 Gbits/sec    0   1.32 MBytes       
2025-03-14T15:59:36	[  5]   4.00-5.00   sec  3.12 GBytes  26.8 Gbits/sec    0   1.32 MBytes       
2025-03-14T15:59:37	[  5]   5.00-6.00   sec  3.13 GBytes  26.9 Gbits/sec    0   1.32 MBytes       
2025-03-14T15:59:38	[  5]   6.00-7.00   sec  3.12 GBytes  26.8 Gbits/sec    0   1.32 MBytes       
2025-03-14T15:59:39	[  5]   7.00-8.00   sec  3.13 GBytes  26.9 Gbits/sec    0   1.32 MBytes       
2025-03-14T15:59:40	[  5]   8.00-9.00   sec  3.13 GBytes  26.9 Gbits/sec    0   1.32 MBytes       
2025-03-14T15:59:41	[  5]   9.00-10.00  sec  3.12 GBytes  26.8 Gbits/sec    0   1.32 MBytes       
2025-03-14T15:59:42	[  5]  10.00-11.00  sec  3.13 GBytes  26.9 Gbits/sec    0   1.32 MBytes       
2025-03-14T15:59:43	[  5]  11.00-12.00  sec  3.13 GBytes  26.9 Gbits/sec    0   1.32 MBytes       
2025-03-14T15:59:44	[  5]  12.00-13.00  sec  3.12 GBytes  26.8 Gbits/sec    0   1.32 MBytes       
2025-03-14T15:59:45	[  5]  13.00-14.00  sec  3.13 GBytes  26.9 Gbits/sec    0   1.32 MBytes       
2025-03-14T15:59:46	[  5]  14.00-15.00  sec  3.13 GBytes  26.9 Gbits/sec    0   1.32 MBytes       
2025-03-14T15:59:47	[  5]  15.00-16.00  sec  3.12 GBytes  26.8 Gbits/sec    0   1.32 MBytes       
2025-03-14T15:59:48	[  5]  16.00-17.00  sec  3.12 GBytes  26.8 Gbits/sec    0   1.32 MBytes       
2025-03-14T15:59:49	[  5]  17.00-18.00  sec  3.12 GBytes  26.8 Gbits/sec    0   1.32 MBytes       
2025-03-14T15:59:50	[  5]  18.00-19.00  sec  3.12 GBytes  26.8 Gbits/sec    0   1.32 MBytes       
2025-03-14T15:59:51	[  5]  19.00-20.00  sec  3.10 GBytes  26.7 Gbits/sec    0   1.32 MBytes       
2025-03-14T15:59:51	- - - - - - - - - - - - - - - - - - - - - - - - -
2025-03-14T15:59:51	[ ID] Interval           Transfer     Bitrate         Retr
2025-03-14T15:59:51	[  5]   0.00-20.00  sec  62.5 GBytes  26.8 Gbits/sec    0            sender
2025-03-14T15:59:51	[  5]   0.00-20.00  sec  62.5 GBytes  26.8 Gbits/sec                  receiver
2025-03-14T15:59:51	
2025-03-14T15:59:51	iperf Done.
2025-03-14T15:59:52	Connecting to host nid002246, port 5201
2025-03-14T15:59:52	[  5] local 172.28.7.159 port 36138 connected to 172.28.7.158 port 5201
2025-03-14T15:59:53	[ ID] Interval           Transfer     Bitrate         Retr  Cwnd
2025-03-14T15:59:53	[  5]   0.00-1.00   sec  2.97 GBytes  25.5 Gbits/sec    0   1.32 MBytes       
2025-03-14T15:59:54	[  5]   1.00-2.00   sec  2.98 GBytes  25.6 Gbits/sec    0   1.32 MBytes       
2025-03-14T15:59:55	[  5]   2.00-3.00   sec  2.98 GBytes  25.6 Gbits/sec    0   1.32 MBytes       
2025-03-14T15:59:56	[  5]   3.00-4.00   sec  2.96 GBytes  25.5 Gbits/sec    0   1.32 MBytes       
2025-03-14T15:59:57	[  5]   4.00-5.00   sec  2.98 GBytes  25.6 Gbits/sec    0   1.32 MBytes       
2025-03-14T15:59:58	[  5]   5.00-6.00   sec  2.99 GBytes  25.7 Gbits/sec    0   1.32 MBytes       
2025-03-14T15:59:59	[  5]   6.00-7.00   sec  2.99 GBytes  25.7 Gbits/sec    0   1.32 MBytes       
2025-03-14T16:00:00	[  5]   7.00-8.00   sec  2.99 GBytes  25.7 Gbits/sec    0   1.32 MBytes       
2025-03-14T16:00:01	[  5]   8.00-9.00   sec  2.99 GBytes  25.7 Gbits/sec    0   1.32 MBytes       
2025-03-14T16:00:02	[  5]   9.00-10.00  sec  2.95 GBytes  25.3 Gbits/sec    0   1.32 MBytes       
2025-03-14T16:00:03	[  5]  10.00-11.00  sec  2.96 GBytes  25.4 Gbits/sec    0   1.32 MBytes       
2025-03-14T16:00:04	[  5]  11.00-12.00  sec  2.97 GBytes  25.5 Gbits/sec    0   1.32 MBytes       
2025-03-14T16:00:05	[  5]  12.00-13.00  sec  2.98 GBytes  25.6 Gbits/sec    0   1.32 MBytes       
2025-03-14T16:00:06	[  5]  13.00-14.00  sec  2.97 GBytes  25.5 Gbits/sec    0   1.32 MBytes       
2025-03-14T16:00:07	[  5]  14.00-15.00  sec  2.97 GBytes  25.5 Gbits/sec    0   1.32 MBytes       
2025-03-14T16:00:08	[  5]  15.00-16.00  sec  2.98 GBytes  25.6 Gbits/sec    0   1.32 MBytes       
2025-03-14T16:00:09	[  5]  16.00-17.00  sec  3.01 GBytes  25.9 Gbits/sec    0   1.32 MBytes       
2025-03-14T16:00:10	[  5]  17.00-18.00  sec  3.00 GBytes  25.8 Gbits/sec    0   1.32 MBytes       
2025-03-14T16:00:11	[  5]  18.00-19.00  sec  3.01 GBytes  25.9 Gbits/sec    0   1.32 MBytes       
2025-03-14T16:00:12	[  5]  19.00-20.00  sec  2.99 GBytes  25.7 Gbits/sec    0   1.32 MBytes       
2025-03-14T16:00:12	- - - - - - - - - - - - - - - - - - - - - - - - -
2025-03-14T16:00:12	[ ID] Interval           Transfer     Bitrate         Retr
2025-03-14T16:00:12	[  5]   0.00-20.00  sec  59.6 GBytes  25.6 Gbits/sec    0            sender
2025-03-14T16:00:12	[  5]   0.00-20.00  sec  59.6 GBytes  25.6 Gbits/sec                  receiver
2025-03-14T16:00:12	
2025-03-14T16:00:12	iperf Done.
2025-03-14T16:00:13	Connecting to host nid002246, port 5201
2025-03-14T16:00:13	[  5] local 172.28.7.159 port 42290 connected to 172.28.7.158 port 5201
2025-03-14T16:00:14	[ ID] Interval           Transfer     Bitrate         Retr  Cwnd
2025-03-14T16:00:14	[  5]   0.00-1.00   sec  3.40 GBytes  29.2 Gbits/sec    0   1.31 MBytes       
2025-03-14T16:00:15	[  5]   1.00-2.00   sec  3.51 GBytes  30.1 Gbits/sec    0   1.31 MBytes       
2025-03-14T16:00:16	[  5]   2.00-3.00   sec  3.51 GBytes  30.2 Gbits/sec    0   1.31 MBytes       
2025-03-14T16:00:17	[  5]   3.00-4.00   sec  3.51 GBytes  30.1 Gbits/sec    0   1.31 MBytes       
2025-03-14T16:00:18	[  5]   4.00-5.00   sec  3.52 GBytes  30.2 Gbits/sec    0   1.31 MBytes       
2025-03-14T16:00:19	[  5]   5.00-6.00   sec  3.52 GBytes  30.3 Gbits/sec    0   1.31 MBytes       
2025-03-14T16:00:20	[  5]   6.00-7.00   sec  3.52 GBytes  30.2 Gbits/sec    0   1.31 MBytes       
2025-03-14T16:00:21	[  5]   7.00-8.00   sec  3.52 GBytes  30.2 Gbits/sec    0   1.31 MBytes       
2025-03-14T16:00:22	[  5]   8.00-9.00   sec  3.52 GBytes  30.2 Gbits/sec    0   1.31 MBytes       
2025-03-14T16:00:23	[  5]   9.00-10.00  sec  3.53 GBytes  30.3 Gbits/sec    0   1.31 MBytes       
2025-03-14T16:00:24	[  5]  10.00-11.00  sec  3.54 GBytes  30.4 Gbits/sec    0   1.31 MBytes       
2025-03-14T16:00:25	[  5]  11.00-12.00  sec  3.53 GBytes  30.4 Gbits/sec    0   1.31 MBytes       
2025-03-14T16:00:26	[  5]  12.00-13.00  sec  3.54 GBytes  30.4 Gbits/sec    0   1.31 MBytes       
2025-03-14T16:00:27	[  5]  13.00-14.00  sec  3.54 GBytes  30.4 Gbits/sec    0   1.31 MBytes       
2025-03-14T16:00:28	[  5]  14.00-15.00  sec  3.54 GBytes  30.4 Gbits/sec    0   1.31 MBytes       
2025-03-14T16:00:29	[  5]  15.00-16.00  sec  3.52 GBytes  30.2 Gbits/sec    0   1.31 MBytes       
2025-03-14T16:00:30	[  5]  16.00-17.00  sec  3.53 GBytes  30.3 Gbits/sec    0   1.31 MBytes       
2025-03-14T16:00:31	[  5]  17.00-18.00  sec  3.54 GBytes  30.4 Gbits/sec    0   1.31 MBytes       
2025-03-14T16:00:32	[  5]  18.00-19.00  sec  3.56 GBytes  30.5 Gbits/sec    0   1.31 MBytes       
2025-03-14T16:00:33	[  5]  19.00-20.00  sec  3.56 GBytes  30.6 Gbits/sec    0   1.31 MBytes       
2025-03-14T16:00:33	- - - - - - - - - - - - - - - - - - - - - - - - -
2025-03-14T16:00:33	[ ID] Interval           Transfer     Bitrate         Retr
2025-03-14T16:00:33	[  5]   0.00-20.00  sec  70.5 GBytes  30.3 Gbits/sec    0            sender
2025-03-14T16:00:33	[  5]   0.00-20.00  sec  70.5 GBytes  30.3 Gbits/sec                  receiver
2025-03-14T16:00:33	
2025-03-14T16:00:33	iperf Done.
2025-03-14T16:00:35	Connecting to host nid002246, port 5201
2025-03-14T16:00:35	[  5] local 172.28.7.159 port 42106 connected to 172.28.7.158 port 5201
2025-03-14T16:00:36	[ ID] Interval           Transfer     Bitrate         Retr  Cwnd
2025-03-14T16:00:36	[  5]   0.00-1.00   sec  2.83 GBytes  24.3 Gbits/sec    0   1.73 MBytes       
2025-03-14T16:00:37	[  5]   1.00-2.00   sec  2.93 GBytes  25.2 Gbits/sec    0   1.82 MBytes       
2025-03-14T16:00:38	[  5]   2.00-3.00   sec  2.97 GBytes  25.5 Gbits/sec    0   1.82 MBytes       
2025-03-14T16:00:39	[  5]   3.00-4.00   sec  2.97 GBytes  25.5 Gbits/sec    0   1.82 MBytes       
2025-03-14T16:00:40	[  5]   4.00-5.00   sec  2.99 GBytes  25.7 Gbits/sec    0   1.82 MBytes       
2025-03-14T16:00:41	[  5]   5.00-6.00   sec  3.00 GBytes  25.8 Gbits/sec    0   1.82 MBytes       
2025-03-14T16:00:42	[  5]   6.00-7.00   sec  3.01 GBytes  25.8 Gbits/sec    0   2.41 MBytes       
2025-03-14T16:00:43	[  5]   7.00-8.00   sec  3.03 GBytes  26.0 Gbits/sec    0   2.41 MBytes       
2025-03-14T16:00:44	[  5]   8.00-9.00   sec  3.05 GBytes  26.2 Gbits/sec    0   2.41 MBytes       
2025-03-14T16:00:45	[  5]   9.00-10.00  sec  3.05 GBytes  26.2 Gbits/sec    0   2.41 MBytes       
2025-03-14T16:00:46	[  5]  10.00-11.00  sec  3.05 GBytes  26.2 Gbits/sec    0   2.41 MBytes       
2025-03-14T16:00:47	[  5]  11.00-12.00  sec  3.05 GBytes  26.2 Gbits/sec    0   2.41 MBytes       
2025-03-14T16:00:48	[  5]  12.00-13.00  sec  3.05 GBytes  26.2 Gbits/sec    0   2.41 MBytes       
2025-03-14T16:00:49	[  5]  13.00-14.00  sec  3.04 GBytes  26.1 Gbits/sec    0   2.41 MBytes       
2025-03-14T16:00:50	[  5]  14.00-15.00  sec  3.05 GBytes  26.2 Gbits/sec    0   2.41 MBytes       
2025-03-14T16:00:51	[  5]  15.00-16.00  sec  3.04 GBytes  26.1 Gbits/sec    0   2.41 MBytes       
2025-03-14T16:00:52	[  5]  16.00-17.00  sec  3.04 GBytes  26.1 Gbits/sec    0   2.41 MBytes       
2025-03-14T16:00:53	[  5]  17.00-18.00  sec  3.03 GBytes  26.1 Gbits/sec    0   2.41 MBytes       
2025-03-14T16:00:54	[  5]  18.00-19.00  sec  3.03 GBytes  26.0 Gbits/sec    0   2.41 MBytes       
2025-03-14T16:00:55	[  5]  19.00-20.00  sec  3.03 GBytes  26.0 Gbits/sec    0   2.41 MBytes       
2025-03-14T16:00:55	- - - - - - - - - - - - - - - - - - - - - - - - -
2025-03-14T16:00:55	[ ID] Interval           Transfer     Bitrate         Retr
2025-03-14T16:00:55	[  5]   0.00-20.00  sec  60.3 GBytes  25.9 Gbits/sec    0            sender
2025-03-14T16:00:55	[  5]   0.00-20.00  sec  60.3 GBytes  25.9 Gbits/sec                  receiver
2025-03-14T16:00:55	
2025-03-14T16:00:55	iperf Done.
