All nodes and tasks are healthy.
All ranks passed the checks.
loading the view [1;36mtest_mpi:default[0m  with activation script [1;33m/user-environment/env/default/activate.sh[0m
Hostname: nid004746 Rank: 12, Local 0, GPUs 0 (count=1), CPUs 0-71 (count=72)
Hostname: nid004726 Rank: 5, Local 0, GPUs 0 (count=1), CPUs 0-71 (count=72)
Slurm Job Hostlist: nid[004702,004714,004716,004720,004724,004726,004730,004732,004734,004736,004738,004744,004746,004748,004750,004752]
Hostname: nid004702 Rank: 0, Local 0, GPUs 0 (count=1), CPUs 0-71 (count=72)
Hostname: nid004720 Rank: 3, Local 0, GPUs 0 (count=1), CPUs 0-71 (count=72)
Hostname: nid004716 Rank: 2, Local 0, GPUs 0 (count=1), CPUs 0-71 (count=72)
Hostname: nid004744 Rank: 11, Local 0, GPUs 0 (count=1), CPUs 0-71 (count=72)
Hostname: nid004752 Rank: 15, Local 0, GPUs 0 (count=1), CPUs 0-71 (count=72)
Hostname: nid004730 Rank: 6, Local 0, GPUs 0 (count=1), CPUs 0-71 (count=72)
Hostname: nid004734 Rank: 8, Local 0, GPUs 0 (count=1), CPUs 0-71 (count=72)
Hostname: nid004736 Rank: 9, Local 0, GPUs 0 (count=1), CPUs 0-71 (count=72)
Hostname: nid004732 Rank: 7, Local 0, GPUs 0 (count=1), CPUs 0-71 (count=72)
Hostname: nid004750 Rank: 14, Local 0, GPUs 0 (count=1), CPUs 0-71 (count=72)
Hostname: nid004714 Rank: 1, Local 0, GPUs 0 (count=1), CPUs 0-71 (count=72)
Hostname: nid004738 Rank: 10, Local 0, GPUs 0 (count=1), CPUs 0-71 (count=72)
Hostname: nid004748 Rank: 13, Local 0, GPUs 0 (count=1), CPUs 0-71 (count=72)
Hostname: nid004724 Rank: 4, Local 0, GPUs 0 (count=1), CPUs 0-71 (count=72)
mem_type:   device
size:       1073741824
padding:    0
naive algo: 0

[-1] time: 0.524098
[0:0] time:      0.45217  bw:      17.8098
[0:1] time:     0.431128  bw:      18.6791
[0:2] time:     0.431328  bw:      18.6704
[0:3] time:     0.431319  bw:      18.6708
[0:4] time:     0.432948  bw:      18.6005
[1:0] time:     0.452207  bw:      17.8084
[1:1] time:     0.431044  bw:      18.6827
[1:2] time:     0.431515  bw:      18.6623
[1:3] time:     0.430952  bw:      18.6867
[1:4] time:     0.432727  bw:        18.61
[2:0] time:      0.45263  bw:      17.7917
[2:1] time:     0.431193  bw:      18.6762
[2:2] time:     0.431659  bw:      18.6561
[2:3] time:     0.432598  bw:      18.6156
[2:4] time:     0.431165  bw:      18.6775
[3:0] time:     0.452535  bw:      17.7954
[3:1] time:     0.430977  bw:      18.6856
[3:2] time:      0.43096  bw:      18.6863
[3:3] time:      0.43086  bw:      18.6907
[3:4] time:     0.430864  bw:      18.6905
[4:0] time:      0.45257  bw:      17.7941
[4:1] time:     0.430953  bw:      18.6867
[4:2] time:     0.430958  bw:      18.6864
[4:3] time:      0.43102  bw:      18.6837
[4:4] time:     0.430785  bw:      18.6939
[5:0] time:     0.452741  bw:      17.7873
[5:1] time:     0.431577  bw:      18.6596
[5:2] time:     0.431073  bw:      18.6814
[5:3] time:     0.430894  bw:      18.6892
[5:4] time:     0.430903  bw:      18.6888
[6:0] time:     0.452656  bw:      17.7907
[6:1] time:     0.431624  bw:      18.6576
[6:2] time:     0.431565  bw:      18.6602
[6:3] time:     0.432193  bw:       18.633
[6:4] time:     0.431477  bw:      18.6639
[7:0] time:     0.452481  bw:      17.7976
[7:1] time:     0.431624  bw:      18.6576
[7:2] time:     0.431581  bw:      18.6594
[7:3] time:     0.431617  bw:      18.6579
[7:4] time:     0.431547  bw:      18.6609
[8:0] time:     0.453368  bw:      17.7628
[8:1] time:     0.431407  bw:       18.667
[8:2] time:     0.431571  bw:      18.6599
[8:3] time:     0.431661  bw:       18.656
[8:4] time:     0.431576  bw:      18.6597
[9:0] time:     0.453671  bw:      17.7509
[9:1] time:      0.43157  bw:      18.6599
[9:2] time:     0.431371  bw:      18.6685
[9:3] time:     0.431705  bw:      18.6541
[9:4] time:     0.431542  bw:      18.6611

=======================================
type:        device
size:    4294967296
pad:              0
naive:            0
time:      0.431426
time0:     0.452703
bw:         18.6662
bw0:        17.7889
=======================================

Slurm Job Hostlist: nid[004702,004714,004716,004720,004724,004726,004730,004732,004734,004736,004738,004744,004746,004748,004750,004752]
Hostname: nid004702 Rank: 0, Local 0, GPUs 0 (count=1), CPUs 0-71 (count=72)
Hostname: nid004748 Rank: 13, Local 0, GPUs 0 (count=1), CPUs 0-71 (count=72)
Hostname: nid004736 Rank: 9, Local 0, GPUs 0 (count=1), CPUs 0-71 (count=72)
Hostname: nid004744 Rank: 11, Local 0, GPUs 0 (count=1), CPUs 0-71 (count=72)
Hostname: nid004730 Rank: 6, Local 0, GPUs 0 (count=1), CPUs 0-71 (count=72)
Hostname: nid004750 Rank: 14, Local 0, GPUs 0 (count=1), CPUs 0-71 (count=72)
Hostname: nid004752 Rank: 15, Local 0, GPUs 0 (count=1), CPUs 0-71 (count=72)
Hostname: nid004738 Rank: 10, Local 0, GPUs 0 (count=1), CPUs 0-71 (count=72)
Hostname: nid004720 Rank: 3, Local 0, GPUs 0 (count=1), CPUs 0-71 (count=72)
Hostname: nid004734 Rank: 8, Local 0, GPUs 0 (count=1), CPUs 0-71 (count=72)
Hostname: nid004746 Rank: 12, Local 0, GPUs 0 (count=1), CPUs 0-71 (count=72)
Hostname: nid004732 Rank: 7, Local 0, GPUs 0 (count=1), CPUs 0-71 (count=72)
Hostname: nid004714 Rank: 1, Local 0, GPUs 0 (count=1), CPUs 0-71 (count=72)
Hostname: nid004716 Rank: 2, Local 0, GPUs 0 (count=1), CPUs 0-71 (count=72)
Hostname: nid004726 Rank: 5, Local 0, GPUs 0 (count=1), CPUs 0-71 (count=72)
Hostname: nid004724 Rank: 4, Local 0, GPUs 0 (count=1), CPUs 0-71 (count=72)
mem_type:   device
size:       1073741824
padding:    1
naive algo: 0

[-1] time: 1.53478
[0:0] time:      1.51548  bw:      5.31388
[0:1] time:      1.49732  bw:      5.37831
[0:2] time:      1.50292  bw:      5.35828
[0:3] time:      1.49913  bw:      5.37183
[0:4] time:      1.49535  bw:      5.38541
[1:0] time:       1.5503  bw:      5.19453
[1:1] time:       1.4977  bw:      5.37694
[1:2] time:      1.49808  bw:      5.37558
[1:3] time:      1.49939  bw:      5.37089
[1:4] time:      1.49805  bw:      5.37568
[2:0] time:        1.556  bw:      5.17551
[2:1] time:       1.5002  bw:      5.36798
[2:2] time:      1.49921  bw:      5.37152
[2:3] time:       1.4992  bw:      5.37158
[2:4] time:      1.49764  bw:      5.37715
[3:0] time:      1.55047  bw:      5.19396
[3:1] time:      1.49872  bw:       5.3733
[3:2] time:      1.49969  bw:      5.36981
[3:3] time:      1.50234  bw:      5.36033
[3:4] time:      1.50162  bw:      5.36293
[4:0] time:      1.56192  bw:      5.15589
[4:1] time:      1.50549  bw:      5.34915
[4:2] time:      1.50628  bw:      5.34634
[4:3] time:      1.50297  bw:      5.35811
[4:4] time:      1.50391  bw:      5.35475
[5:0] time:      1.55689  bw:      5.17255
[5:1] time:      1.50599  bw:      5.34737
[5:2] time:      1.50475  bw:      5.35176
[5:3] time:      1.50298  bw:      5.35808
[5:4] time:      1.50195  bw:      5.36173
[6:0] time:       1.5636  bw:      5.15035
[6:1] time:      1.50561  bw:       5.3487
[6:2] time:      1.50612  bw:      5.34689
[6:3] time:      1.50444  bw:      5.35286
[6:4] time:      1.50356  bw:        5.356
[7:0] time:      1.55807  bw:      5.16862
[7:1] time:      1.50621  bw:      5.34657
[7:2] time:      1.51077  bw:      5.33043
[7:3] time:      1.51147  bw:      5.32798
[7:4] time:      1.50719  bw:      5.34312
[8:0] time:      1.56196  bw:      5.15575
[8:1] time:      1.50816  bw:      5.33967
[8:2] time:      1.50822  bw:      5.33944
[8:3] time:      1.50661  bw:      5.34515
[8:4] time:      1.50987  bw:      5.33361
[9:0] time:      1.56375  bw:      5.14983
[9:1] time:      1.51397  bw:      5.31917
[9:2] time:      1.51274  bw:      5.32349
[9:3] time:       1.5127  bw:      5.32364
[9:4] time:      1.50884  bw:      5.33725

=======================================
type:        device
size:    4294967296
pad:              4
naive:            0
time:       1.50393
time0:      1.55384
bw:         5.35472
bw0:        5.18309
=======================================

Slurm Job Hostlist: nid[004702,004714,004716,004720,004724,004726,004730,004732,004734,004736,004738,004744,004746,004748,004750,004752]
Hostname: nid004702 Rank: 0, Local 0, GPUs 0 (count=1), CPUs 0-71 (count=72)
Hostname: nid004748 Rank: 13, Local 0, GPUs 0 (count=1), CPUs 0-71 (count=72)
Hostname: nid004734 Rank: 8, Local 0, GPUs 0 (count=1), CPUs 0-71 (count=72)
Hostname: nid004726 Rank: 5, Local 0, GPUs 0 (count=1), CPUs 0-71 (count=72)
Hostname: nid004750 Rank: 14, Local 0, GPUs 0 (count=1), CPUs 0-71 (count=72)
Hostname: nid004730 Rank: 6, Local 0, GPUs 0 (count=1), CPUs 0-71 (count=72)
Hostname: nid004714 Rank: 1, Local 0, GPUs 0 (count=1), CPUs 0-71 (count=72)
Hostname: nid004738 Rank: 10, Local 0, GPUs 0 (count=1), CPUs 0-71 (count=72)
Hostname: nid004724 Rank: 4, Local 0, GPUs 0 (count=1), CPUs 0-71 (count=72)
Hostname: nid004746 Rank: 12, Local 0, GPUs 0 (count=1), CPUs 0-71 (count=72)
Hostname: nid004716 Rank: 2, Local 0, GPUs 0 (count=1), CPUs 0-71 (count=72)
Hostname: nid004732 Rank: 7, Local 0, GPUs 0 (count=1), CPUs 0-71 (count=72)
Hostname: nid004744 Rank: 11, Local 0, GPUs 0 (count=1), CPUs 0-71 (count=72)
Hostname: nid004752 Rank: 15, Local 0, GPUs 0 (count=1), CPUs 0-71 (count=72)
Hostname: nid004720 Rank: 3, Local 0, GPUs 0 (count=1), CPUs 0-71 (count=72)
Hostname: nid004736 Rank: 9, Local 0, GPUs 0 (count=1), CPUs 0-71 (count=72)
mem_type:   device
size:       1073741824
padding:    0
naive algo: 1

[-1] time: 0.114812
[0:0] time:    0.0814363  bw:      98.8879
[0:1] time:    0.0637716  bw:       126.28
[0:2] time:    0.0637575  bw:      126.308
[0:3] time:    0.0637743  bw:      126.274
[0:4] time:     0.063765  bw:      126.293
[1:0] time:    0.0638736  bw:      126.078
[1:1] time:    0.0637744  bw:      126.274
[1:2] time:    0.0637744  bw:      126.274
[1:3] time:    0.0637857  bw:      126.252
[1:4] time:    0.0637804  bw:      126.262
[2:0] time:    0.0639457  bw:      125.936
[2:1] time:    0.0637546  bw:      126.314
[2:2] time:    0.0637755  bw:      126.272
[2:3] time:     0.063776  bw:      126.271
[2:4] time:    0.0637746  bw:      126.274
[3:0] time:    0.0640146  bw:        125.8
[3:1] time:    0.0637866  bw:       126.25
[3:2] time:    0.0637704  bw:      126.282
[3:3] time:    0.0637741  bw:      126.275
[3:4] time:    0.0637741  bw:      126.275
[4:0] time:    0.0639243  bw:      125.978
[4:1] time:    0.0637621  bw:      126.299
[4:2] time:    0.0639204  bw:      125.986
[4:3] time:    0.0637927  bw:      126.238
[4:4] time:    0.0637901  bw:      126.243
[5:0] time:    0.0638428  bw:      126.139
[5:1] time:    0.0637724  bw:      126.278
[5:2] time:    0.0637812  bw:      126.261
[5:3] time:    0.0637823  bw:      126.258
[5:4] time:    0.0637861  bw:      126.251
[6:0] time:    0.0638597  bw:      126.106
[6:1] time:    0.0637637  bw:      126.295
[6:2] time:     0.063777  bw:      126.269
[6:3] time:    0.0639618  bw:      125.904
[6:4] time:     0.063799  bw:      126.226
[7:0] time:    0.0638307  bw:      126.163
[7:1] time:    0.0637793  bw:      126.264
[7:2] time:    0.0637712  bw:       126.28
[7:3] time:    0.0637853  bw:      126.253
[7:4] time:    0.0637796  bw:      126.264
[8:0] time:    0.0638549  bw:      126.115
[8:1] time:    0.0637794  bw:      126.264
[8:2] time:    0.0637726  bw:      126.278
[8:3] time:    0.0637647  bw:      126.293
[8:4] time:    0.0637743  bw:      126.274
[9:0] time:    0.0638479  bw:      126.129
[9:1] time:    0.0637783  bw:      126.266
[9:2] time:    0.0637822  bw:      126.259
[9:3] time:    0.0637631  bw:      126.297
[9:4] time:    0.0637697  bw:      126.284

=======================================
type:        device
size:    4294967296
pad:              0
naive:            1
time:     0.0637839
time0:     0.065643
bw:         126.255
bw0:        123.333
=======================================

Slurm Job Hostlist: nid[004702,004714,004716,004720,004724,004726,004730,004732,004734,004736,004738,004744,004746,004748,004750,004752]
Hostname: nid004702 Rank: 0, Local 0, GPUs 0 (count=1), CPUs 0-71 (count=72)
Hostname: nid004736 Rank: 9, Local 0, GPUs 0 (count=1), CPUs 0-71 (count=72)
Hostname: nid004734 Rank: 8, Local 0, GPUs 0 (count=1), CPUs 0-71 (count=72)
Hostname: nid004720 Rank: 3, Local 0, GPUs 0 (count=1), CPUs 0-71 (count=72)
Hostname: nid004716 Rank: 2, Local 0, GPUs 0 (count=1), CPUs 0-71 (count=72)
Hostname: nid004724 Rank: 4, Local 0, GPUs 0 (count=1), CPUs 0-71 (count=72)
Hostname: nid004744 Rank: 11, Local 0, GPUs 0 (count=1), CPUs 0-71 (count=72)
Hostname: nid004750 Rank: 14, Local 0, GPUs 0 (count=1), CPUs 0-71 (count=72)
Hostname: nid004714 Rank: 1, Local 0, GPUs 0 (count=1), CPUs 0-71 (count=72)
Hostname: nid004752 Rank: 15, Local 0, GPUs 0 (count=1), CPUs 0-71 (count=72)
Hostname: nid004746 Rank: 12, Local 0, GPUs 0 (count=1), CPUs 0-71 (count=72)
Hostname: nid004738 Rank: 10, Local 0, GPUs 0 (count=1), CPUs 0-71 (count=72)
Hostname: nid004732 Rank: 7, Local 0, GPUs 0 (count=1), CPUs 0-71 (count=72)
Hostname: nid004730 Rank: 6, Local 0, GPUs 0 (count=1), CPUs 0-71 (count=72)
Hostname: nid004748 Rank: 13, Local 0, GPUs 0 (count=1), CPUs 0-71 (count=72)
Hostname: nid004726 Rank: 5, Local 0, GPUs 0 (count=1), CPUs 0-71 (count=72)
mem_type:   device
size:       1073741824
padding:    1
naive algo: 1

[-1] time: 0.107586
[0:0] time:    0.0729256  bw:      110.429
[0:1] time:    0.0706225  bw:       114.03
[0:2] time:    0.0658227  bw:      122.345
[0:3] time:    0.0657996  bw:      122.388
[0:4] time:    0.0657915  bw:      122.403
[1:0] time:    0.0659209  bw:      122.162
[1:1] time:     0.065774  bw:      122.435
[1:2] time:    0.0657776  bw:      122.429
[1:3] time:    0.0657843  bw:      122.416
[1:4] time:     0.065796  bw:      122.394
[2:0] time:    0.0660119  bw:      121.994
[2:1] time:    0.0657994  bw:      122.388
[2:2] time:    0.0658116  bw:      122.365
[2:3] time:    0.0658104  bw:      122.368
[2:4] time:    0.0657992  bw:      122.389
[3:0] time:    0.0659366  bw:      122.133
[3:1] time:    0.0657833  bw:      122.418
[3:2] time:    0.0657837  bw:      122.417
[3:3] time:    0.0657796  bw:      122.425
[3:4] time:    0.0657807  bw:      122.423
[4:0] time:    0.0659165  bw:      122.171
[4:1] time:    0.0658036  bw:       122.38
[4:2] time:    0.0658015  bw:      122.384
[4:3] time:    0.0658102  bw:      122.368
[4:4] time:    0.0658293  bw:      122.332
[5:0] time:    0.0660176  bw:      121.984
[5:1] time:    0.0657672  bw:      122.448
[5:2] time:    0.0657704  bw:      122.442
[5:3] time:    0.0657876  bw:       122.41
[5:4] time:    0.0657723  bw:      122.438
[6:0] time:     0.065951  bw:      122.107
[6:1] time:    0.0658052  bw:      122.377
[6:2] time:    0.0658152  bw:      122.359
[6:3] time:    0.0658016  bw:      122.384
[6:4] time:    0.0658126  bw:      122.364
[7:0] time:    0.0659276  bw:       122.15
[7:1] time:    0.0657712  bw:      122.441
[7:2] time:     0.065771  bw:      122.441
[7:3] time:    0.0657692  bw:      122.444
[7:4] time:    0.0657852  bw:      122.415
[8:0] time:    0.0659151  bw:      122.173
[8:1] time:     0.065794  bw:      122.398
[8:2] time:    0.0658168  bw:      122.356
[8:3] time:    0.0658174  bw:      122.355
[8:4] time:    0.0658179  bw:      122.354
[9:0] time:    0.0658831  bw:      122.233
[9:1] time:    0.0657896  bw:      122.406
[9:2] time:    0.0657703  bw:      122.442
[9:3] time:    0.0657817  bw:      122.421
[9:4] time:    0.0657768  bw:       122.43

=======================================
type:        device
size:    4294967296
pad:              4
naive:            1
time:     0.0659138
time0:    0.0666406
bw:         122.191
bw0:        120.954
=======================================

