All nodes and tasks are healthy.
All ranks passed the checks.
loading the view [1;36mtest_mpi:default[0m  with activation script [1;33m/user-environment/env/default/activate.sh[0m
Hostname: nid005312 Rank: 3, Local 0, GPUs 0 (count=1), CPUs 0-71 (count=72)
Slurm Job Hostlist: nid[005304,005308,005310,005312]
Hostname: nid005304 Rank: 0, Local 0, GPUs 0 (count=1), CPUs 0-71 (count=72)
Hostname: nid005308 Rank: 1, Local 0, GPUs 0 (count=1), CPUs 0-71 (count=72)
Hostname: nid005310 Rank: 2, Local 0, GPUs 0 (count=1), CPUs 0-71 (count=72)
Found 1 devices for local rank 0 (1) -> setting device = 0
Found 1 devices for local rank 0 (1) -> setting device = 0
mem_type:   device
size:       1073741824
padding:    0
naive algo: 0

Found 1 devices for local rank 0 (1) -> setting device = 0
Found 1 devices for local rank 0 (1) -> setting device = 0
[-1] time: 0.355146
[0:0] time:     0.344826  bw:      18.6832
[0:1] time:     0.323922  bw:      19.8889
[0:2] time:     0.323691  bw:      19.9031
[0:3] time:     0.323924  bw:      19.8888
[0:4] time:     0.323875  bw:      19.8918
[1:0] time:     0.345623  bw:      18.6401
[1:1] time:     0.324382  bw:      19.8607
[1:2] time:     0.323893  bw:      19.8907
[1:3] time:     0.323828  bw:      19.8947
[1:4] time:     0.323647  bw:      19.9058
[2:0] time:     0.344889  bw:      18.6798
[2:1] time:     0.323606  bw:      19.9083
[2:2] time:     0.323775  bw:      19.8979
[2:3] time:      0.32401  bw:      19.8835
[2:4] time:     0.324216  bw:      19.8709
[3:0] time:     0.344773  bw:      18.6861
[3:1] time:     0.324004  bw:      19.8839
[3:2] time:     0.324088  bw:      19.8787
[3:3] time:     0.324582  bw:      19.8484
[3:4] time:      0.32402  bw:      19.8829
[4:0] time:     0.344893  bw:      18.6795
[4:1] time:     0.324232  bw:      19.8699
[4:2] time:     0.323956  bw:      19.8868
[4:3] time:        0.324  bw:      19.8841
[4:4] time:     0.323932  bw:      19.8883
[5:0] time:     0.344994  bw:      18.6741
[5:1] time:     0.323819  bw:      19.8952
[5:2] time:     0.323977  bw:      19.8855
[5:3] time:     0.324002  bw:       19.884
[5:4] time:     0.323909  bw:      19.8897
[6:0] time:     0.344524  bw:      18.6996
[6:1] time:     0.324004  bw:      19.8838
[6:2] time:     0.323934  bw:      19.8881
[6:3] time:     0.324028  bw:      19.8824
[6:4] time:     0.323974  bw:      19.8857
[7:0] time:     0.345143  bw:       18.666
[7:1] time:      0.32379  bw:       19.897
[7:2] time:     0.323829  bw:      19.8946
[7:3] time:     0.323582  bw:      19.9098
[7:4] time:     0.323559  bw:      19.9112
[8:0] time:     0.345131  bw:      18.6667
[8:1] time:     0.324361  bw:       19.862
[8:2] time:     0.324354  bw:      19.8624
[8:3] time:      0.32457  bw:      19.8492
[8:4] time:     0.324492  bw:      19.8539
[9:0] time:     0.345663  bw:       18.638
[9:1] time:      0.32468  bw:      19.8425
[9:2] time:     0.324636  bw:      19.8452
[9:3] time:     0.324254  bw:      19.8685
[9:4] time:     0.323982  bw:      19.8852

=======================================
type:        device
size:    4294967296
pad:              0
naive:            0
time:      0.324033
time0:     0.345046
bw:         19.8821
bw0:        18.6713
=======================================

Slurm Job Hostlist: nid[005304,005308,005310,005312]
Hostname: nid005304 Rank: 0, Local 0, GPUs 0 (count=1), CPUs 0-71 (count=72)
Hostname: nid005310 Rank: 2, Local 0, GPUs 0 (count=1), CPUs 0-71 (count=72)
Hostname: nid005308 Rank: 1, Local 0, GPUs 0 (count=1), CPUs 0-71 (count=72)
Hostname: nid005312 Rank: 3, Local 0, GPUs 0 (count=1), CPUs 0-71 (count=72)
Found 1 devices for local rank 0 (1) -> setting device = 0
Found 1 devices for local rank 0 (1) -> setting device = 0
mem_type:   device
size:       1073741824
padding:    1
naive algo: 0

Found 1 devices for local rank 0 (1) -> setting device = 0
Found 1 devices for local rank 0 (1) -> setting device = 0
[-1] time: 1.29774
[0:0] time:      1.26032  bw:      5.11175
[0:1] time:      1.25232  bw:       5.1444
[0:2] time:      1.25195  bw:      5.14594
[0:3] time:      1.25127  bw:      5.14873
[0:4] time:      1.25269  bw:      5.14289
[1:0] time:      1.28093  bw:      5.02952
[1:1] time:      1.25952  bw:      5.11499
[1:2] time:      1.25902  bw:      5.11704
[1:3] time:      1.25949  bw:      5.11512
[1:4] time:      1.26254  bw:      5.10278
[2:0] time:      1.29536  bw:       4.9735
[2:1] time:      1.26099  bw:      5.10903
[2:2] time:      1.25963  bw:      5.11456
[2:3] time:      1.26217  bw:      5.10427
[2:4] time:      1.26106  bw:      5.10877
[3:0] time:      1.27687  bw:      5.04552
[3:1] time:      1.26219  bw:      5.10418
[3:2] time:       1.2631  bw:      5.10049
[3:3] time:      1.26233  bw:      5.10361
[3:4] time:      1.26315  bw:       5.1003
[4:0] time:      1.29914  bw:      4.95901
[4:1] time:      1.26445  bw:      5.09506
[4:2] time:      1.26325  bw:      5.09992
[4:3] time:      1.26409  bw:      5.09653
[4:4] time:      1.26365  bw:      5.09829
[5:0] time:      1.28475  bw:      5.01456
[5:1] time:      1.26441  bw:      5.09524
[5:2] time:      1.26334  bw:      5.09952
[5:3] time:      1.26317  bw:      5.10024
[5:4] time:      1.26454  bw:      5.09468
[6:0] time:       1.3017  bw:      4.94927
[6:1] time:      1.26341  bw:      5.09924
[6:2] time:      1.26401  bw:      5.09683
[6:3] time:      1.26417  bw:      5.09618
[6:4] time:      1.26428  bw:      5.09574
[7:0] time:      1.28556  bw:       5.0114
[7:1] time:      1.26358  bw:      5.09857
[7:2] time:      1.26563  bw:       5.0903
[7:3] time:      1.26416  bw:      5.09621
[7:4] time:      1.26421  bw:      5.09602
[8:0] time:      1.30499  bw:       4.9368
[8:1] time:      1.26575  bw:      5.08983
[8:2] time:      1.26514  bw:       5.0923
[8:3] time:      1.26489  bw:      5.09327
[8:4] time:      1.26425  bw:      5.09586
[9:0] time:      1.28737  bw:      5.00434
[9:1] time:      1.26508  bw:       5.0925
[9:2] time:      1.26359  bw:      5.09854
[9:3] time:      1.26429  bw:       5.0957
[9:4] time:      1.26334  bw:      5.09954

=======================================
type:        device
size:    4294967296
pad:              4
naive:            0
time:        1.2621
time0:       1.2877
bw:         5.10458
bw0:        5.00357
=======================================

