All nodes and tasks are healthy.
All ranks passed the checks.
loading the view [1;36mtest_mpi:default[0m  with activation script [1;33m/user-environment/env/default/activate.sh[0m
Hostname: nid005066 Rank: 3, Local 3, GPUs 3 (count=1), CPUs 216-287 (count=72)
Hostname: nid005066 Rank: 1, Local 1, GPUs 1 (count=1), CPUs 72-143 (count=72)
Hostname: nid005066 Rank: 2, Local 2, GPUs 2 (count=1), CPUs 144-215 (count=72)
Slurm Job Hostlist: nid005066
Hostname: nid005066 Rank: 0, Local 0, GPUs 0 (count=1), CPUs 0-71 (count=72)
Found 1 devices for local rank 0 (4) -> setting device = 0
Found 1 devices for local rank 1 (4) -> setting device = 0
Found 1 devices for local rank 2 (4) -> setting device = 0
Found 1 devices for local rank 3 (4) -> setting device = 0
mem_type:   device
size:       1073741824
padding:    0
naive algo: 0

[-1] time: 0.349024
[0:0] time:     0.104134  bw:      61.8672
[0:1] time:    0.0984388  bw:      65.4462
[0:2] time:    0.0983045  bw:      65.5357
[0:3] time:    0.0981081  bw:      65.6669
[0:4] time:    0.0982657  bw:      65.5616
[1:0] time:     0.104553  bw:      61.6189
[1:1] time:    0.0985256  bw:      65.3886
[1:2] time:    0.0986397  bw:       65.313
[1:3] time:    0.0987565  bw:      65.2357
[1:4] time:     0.098472  bw:      65.4242
[2:0] time:     0.106711  bw:      60.3728
[2:1] time:    0.0985837  bw:      65.3501
[2:2] time:    0.0984828  bw:       65.417
[2:3] time:    0.0985135  bw:      65.3966
[2:4] time:    0.0985541  bw:      65.3697
[3:0] time:     0.104247  bw:      61.8001
[3:1] time:    0.0986414  bw:      65.3118
[3:2] time:    0.0987943  bw:      65.2108
[3:3] time:    0.0985138  bw:      65.3964
[3:4] time:    0.0983782  bw:      65.4866
[4:0] time:     0.104339  bw:      61.7454
[4:1] time:    0.0984836  bw:      65.4165
[4:2] time:    0.0982274  bw:      65.5871
[4:3] time:    0.0984484  bw:      65.4399
[4:4] time:    0.0982334  bw:      65.5831
[5:0] time:     0.104839  bw:      61.4511
[5:1] time:    0.0989071  bw:      65.1364
[5:2] time:    0.0991509  bw:      64.9762
[5:3] time:    0.0988247  bw:      65.1907
[5:4] time:    0.0984352  bw:      65.4487
[6:0] time:      0.10503  bw:      61.3394
[6:1] time:    0.0986091  bw:      65.3332
[6:2] time:     0.098447  bw:      65.4408
[6:3] time:    0.0987215  bw:      65.2588
[6:4] time:      0.09866  bw:      65.2995
[7:0] time:     0.104397  bw:      61.7113
[7:1] time:    0.0985353  bw:      65.3821
[7:2] time:    0.0983509  bw:      65.5048
[7:3] time:    0.0984036  bw:      65.4697
[7:4] time:    0.0985731  bw:      65.3571
[8:0] time:     0.104087  bw:      61.8951
[8:1] time:    0.0982648  bw:      65.5621
[8:2] time:    0.0981557  bw:       65.635
[8:3] time:    0.0981288  bw:       65.653
[8:4] time:    0.0985666  bw:      65.3614
[9:0] time:     0.104625  bw:      61.5768
[9:1] time:    0.0988162  bw:      65.1963
[9:2] time:     0.098727  bw:      65.2552
[9:3] time:    0.0985673  bw:      65.3609
[9:4] time:    0.0987365  bw:      65.2489

=======================================
type:        device
size:    4294967296
pad:              0
naive:            0
time:     0.0985237
time0:     0.104696
bw:         65.3902
bw0:        61.5378
=======================================

Hostname: nid005066 Rank: 3, Local 3, GPUs 3 (count=1), CPUs 216-287 (count=72)
Hostname: nid005066 Rank: 1, Local 1, GPUs 1 (count=1), CPUs 72-143 (count=72)
Hostname: nid005066 Rank: 2, Local 2, GPUs 2 (count=1), CPUs 144-215 (count=72)
Slurm Job Hostlist: nid005066
Hostname: nid005066 Rank: 0, Local 0, GPUs 0 (count=1), CPUs 0-71 (count=72)
Found 1 devices for local rank 0 (4) -> setting device = 0
Found 1 devices for local rank 1 (4) -> setting device = 0
Found 1 devices for local rank 2 (4) -> setting device = 0
Found 1 devices for local rank 3 (4) -> setting device = 0
mem_type:   device
size:       1073741824
padding:    1
naive algo: 0

[-1] time: 14.8462
[0:0] time:      14.8938  bw:      0.43256
[0:1] time:    0.0980822  bw:      65.6842
[0:2] time:    0.0982305  bw:      65.5851
[0:3] time:    0.0982166  bw:      65.5943
[0:4] time:    0.0980554  bw:      65.7022
[1:0] time:      14.8596  bw:     0.433556
[1:1] time:    0.0981696  bw:      65.6257
[1:2] time:    0.0982016  bw:      65.6043
[1:3] time:    0.0982873  bw:      65.5471
[1:4] time:    0.0981629  bw:      65.6302
[2:0] time:      14.8851  bw:     0.432811
[2:1] time:    0.0981743  bw:      65.6226
[2:2] time:    0.0982659  bw:      65.5614
[2:3] time:    0.0981308  bw:      65.6516
[2:4] time:    0.0982912  bw:      65.5445
[3:0] time:      14.8734  bw:     0.433154
[3:1] time:    0.0982415  bw:      65.5777
[3:2] time:    0.0983114  bw:      65.5311
[3:3] time:    0.0983579  bw:      65.5001
[3:4] time:    0.0984724  bw:      65.4239
[4:0] time:      14.8678  bw:     0.433314
[4:1] time:    0.0982261  bw:       65.588
[4:2] time:    0.0981781  bw:        65.62
[4:3] time:    0.0981592  bw:      65.6327
[4:4] time:    0.0981481  bw:      65.6401
[5:0] time:      14.8587  bw:     0.433582
[5:1] time:    0.0982778  bw:      65.5535
[5:2] time:    0.0982901  bw:      65.5453
[5:3] time:    0.0982992  bw:      65.5392
[5:4] time:    0.0983163  bw:      65.5278
[6:0] time:      14.8971  bw:     0.432465
[6:1] time:    0.0984986  bw:      65.4065
[6:2] time:    0.0984132  bw:      65.4633
[6:3] time:    0.0984688  bw:      65.4263
[6:4] time:    0.0982974  bw:      65.5404
[7:0] time:      14.8828  bw:     0.432879
[7:1] time:    0.0983158  bw:      65.5282
[7:2] time:    0.0984325  bw:      65.4505
[7:3] time:    0.0986286  bw:      65.3203
[7:4] time:    0.0985999  bw:      65.3394
[8:0] time:      14.8631  bw:     0.433452
[8:1] time:     0.098213  bw:      65.5968
[8:2] time:    0.0982337  bw:      65.5829
[8:3] time:    0.0983646  bw:      65.4956
[8:4] time:    0.0982486  bw:       65.573
[9:0] time:      14.9171  bw:     0.431884
[9:1] time:    0.0984047  bw:      65.4689
[9:2] time:    0.0981122  bw:      65.6641
[9:3] time:    0.0980827  bw:      65.6839
[9:4] time:    0.0983252  bw:      65.5219

=======================================
type:        device
size:    4294967296
pad:              4
naive:            0
time:     0.0982796
time0:      14.8798
bw:         65.5524
bw0:       0.432966
=======================================

